Log file open, 05/26/20 23:27:44
LogWindows: Failed to load 'aqProf.dll' (GetLastError=126)
LogWindows: File 'aqProf.dll' does not exist
LogWindows: Failed to load 'VtuneApi.dll' (GetLastError=126)
LogWindows: File 'VtuneApi.dll' does not exist
LogWindows: Failed to load 'VtuneApi32e.dll' (GetLastError=126)
LogWindows: File 'VtuneApi32e.dll' does not exist
LogConsoleResponse: Display: Failed to find resolution value strings in scalability ini. Falling back to default.
LogInit: Display: Running engine for game: ProjectA_V6
LogPlatformFile: Not using cached read wrapper
LogTaskGraph: Started task graph with 5 named threads and 47 total threads with 3 sets of task threads.
LogStats: Stats thread started at 0.124410
LogD3D11RHI: Loaded GFSDK_Aftermath_Lib.x64.dll
LogICUInternationalization: ICU TimeZone Detection - Raw Offset: -8:00, Platform Override: ''
LogPluginManager: Mounting plugin Paper2D
LogPluginManager: Mounting plugin AISupport
LogPluginManager: Mounting plugin LightPropagationVolume
LogPluginManager: Mounting plugin ActorLayerUtilities
LogPluginManager: Mounting plugin AnimationSharing
LogPluginManager: Mounting plugin CLionSourceCodeAccess
LogPluginManager: Mounting plugin CodeLiteSourceCodeAccess
LogPluginManager: Mounting plugin GitSourceControl
LogPluginManager: Mounting plugin KDevelopSourceCodeAccess
LogPluginManager: Mounting plugin NullSourceCodeAccess
LogPluginManager: Mounting plugin PerforceSourceControl
LogPluginManager: Mounting plugin PlasticSourceControl
LogPluginManager: Mounting plugin SubversionSourceControl
LogPluginManager: Mounting plugin UObjectPlugin
LogPluginManager: Mounting plugin VisualStudioCodeSourceCodeAccess
LogPluginManager: Mounting plugin VisualStudioSourceCodeAccess
LogPluginManager: Mounting plugin XCodeSourceCodeAccess
LogPluginManager: Mounting plugin AssetManagerEditor
LogPluginManager: Mounting plugin CryptoKeys
LogPluginManager: Mounting plugin CurveEditorTools
LogPluginManager: Mounting plugin DataValidation
LogPluginManager: Mounting plugin FacialAnimation
LogPluginManager: Mounting plugin GameplayTagsEditor
LogPluginManager: Mounting plugin MacGraphicsSwitching
LogPluginManager: Mounting plugin MaterialAnalyzer
LogPluginManager: Mounting plugin MobileLauncherProfileWizard
LogPluginManager: Mounting plugin PluginBrowser
LogPluginManager: Mounting plugin SpeedTreeImporter
LogPluginManager: Mounting plugin DatasmithContent
LogPluginManager: Mounting plugin VariantManagerContent
LogPluginManager: Mounting plugin AlembicImporter
LogPluginManager: Mounting plugin AutomationUtils
LogPluginManager: Mounting plugin BackChannel
LogPluginManager: Mounting plugin CharacterAI
LogPluginManager: Mounting plugin GeometryCache
LogPluginManager: Mounting plugin PlatformCrypto
LogPluginManager: Mounting plugin ProxyLODPlugin
LogPluginManager: Mounting plugin SkeletalReduction
LogPluginManager: Mounting plugin MagicLeap
LogPluginManager: Mounting plugin MagicLeapMedia
LogPluginManager: Mounting plugin MLSDK
LogPluginManager: Mounting plugin AndroidMedia
LogPluginManager: Mounting plugin AvfMedia
LogPluginManager: Mounting plugin ImgMedia
LogPluginManager: Mounting plugin MediaCompositing
LogPluginManager: Mounting plugin MediaPlayerEditor
LogPluginManager: Mounting plugin WebMMedia
LogPluginManager: Mounting plugin WmfMedia
LogPluginManager: Mounting plugin TcpMessaging
LogPluginManager: Mounting plugin UdpMessaging
LogPluginManager: Mounting plugin ActorSequence
LogPluginManager: Mounting plugin LevelSequenceEditor
LogPluginManager: Mounting plugin MatineeToLevelSequence
LogPluginManager: Mounting plugin NetcodeUnitTest
LogPluginManager: Mounting plugin NUTUnrealEngine4
LogPluginManager: Mounting plugin OnlineSubsystemGooglePlay
LogPluginManager: Mounting plugin OnlineSubsystemIOS
LogPluginManager: Mounting plugin OnlineSubsystem
LogPluginManager: Mounting plugin OnlineSubsystemNull
LogPluginManager: Mounting plugin OnlineSubsystemUtils
LogPluginManager: Mounting plugin LauncherChunkInstaller
LogPluginManager: Mounting plugin AndroidDeviceProfileSelector
LogPluginManager: Mounting plugin AndroidMoviePlayer
LogPluginManager: Mounting plugin AndroidPermission
LogPluginManager: Mounting plugin AppleImageUtils
LogPluginManager: Mounting plugin AppleMoviePlayer
LogPluginManager: Mounting plugin ArchVisCharacter
LogPluginManager: Mounting plugin AssetTags
LogPluginManager: Mounting plugin AudioCapture
LogPluginManager: Mounting plugin CableComponent
LogPluginManager: Mounting plugin CustomMeshComponent
LogPluginManager: Mounting plugin EditableMesh
LogPluginManager: Mounting plugin ExampleDeviceProfileSelector
LogPluginManager: Mounting plugin GoogleCloudMessaging
LogPluginManager: Mounting plugin IOSDeviceProfileSelector
LogPluginManager: Mounting plugin LinuxDeviceProfileSelector
LogPluginManager: Mounting plugin LocationServicesBPLibrary
LogPluginManager: Mounting plugin MobilePatchingUtils
LogPluginManager: Mounting plugin OculusVR
LogPluginManager: Mounting plugin PhysXVehicles
LogPluginManager: Mounting plugin PostSplashScreen
LogPluginManager: Mounting plugin ProceduralMeshComponent
LogPluginManager: Mounting plugin RuntimePhysXCooking
LogPluginManager: Mounting plugin SignificanceManager
LogPluginManager: Mounting plugin SteamVR
LogPluginManager: Mounting plugin WebMMoviePlayer
LogPluginManager: Mounting plugin WindowsMoviePlayer
LogPluginManager: Mounting plugin ScreenshotTools
LogInit: Using libcurl 7.55.1-DEV
LogInit:  - built for x86_64-pc-win32
LogInit:  - supports SSL with OpenSSL/1.1.1
LogInit:  - supports HTTP deflate (compression) using libz 1.2.8
LogInit:  - other features:
LogInit:      CURL_VERSION_SSL
LogInit:      CURL_VERSION_LIBZ
LogInit:      CURL_VERSION_IPV6
LogInit:      CURL_VERSION_ASYNCHDNS
LogInit:      CURL_VERSION_LARGEFILE
LogInit:      CURL_VERSION_IDN
LogInit:  CurlRequestOptions (configurable via config and command line):
LogInit:  - bVerifyPeer = true  - Libcurl will verify peer certificate
LogInit:  - bUseHttpProxy = false  - Libcurl will NOT use HTTP proxy
LogInit:  - bDontReuseConnections = false  - Libcurl will reuse connections
LogInit:  - MaxHostConnections = 16  - Libcurl will limit the number of connections to a host
LogInit:  - LocalHostAddr = Default
LogInit:  - BufferSize = 65536
LogOnline: OSS: Creating online subsystem instance for: NULL
LogInit: WinSock: version 1.1 (2.2), MaxSocks=32767, MaxUdp=65467
LogOnline: OSS: TryLoadSubsystemAndSetDefault: Loaded subsystem for module [NULL]
LogInit: Build: ++UE4+Release-4.24-CL-11590370
LogInit: Engine Version: 4.24.3-11590370+++UE4+Release-4.24
LogInit: Compatible Engine Version: 4.24.0-10570792+++UE4+Release-4.24
LogInit: Net CL: 10570792
LogInit: OS: Windows 10 (Release 2004) (), CPU: AMD Ryzen 7 2700X Eight-Core Processor         , GPU: NVIDIA GeForce RTX 2080
LogInit: Compiled (64-bit): Feb 24 2020 15:39:18
LogInit: Compiled with Visual C++: 19.16.27032.01
LogInit: Build Configuration: Development
LogInit: Branch Name: ++UE4+Release-4.24
LogInit: Command Line:  -EpicPortal -epicusername=Nine.Tails. -epicuserid=03b45ea1482849f79f09a189d44525b8 -epiclocale=en
LogInit: Base Directory: D:/Program Files/Epic Games/UE_4.24/Engine/Binaries/Win64/
LogInit: Installed Engine Build: 1
LogDevObjectVersion: Number of dev versions registered: 25
LogDevObjectVersion:   Dev-Blueprints (B0D832E4-1F89-4F0D-ACCF-7EB736FD4AA2): 10
LogDevObjectVersion:   Dev-Build (E1C64328-A22C-4D53-A36C-8E866417BD8C): 0
LogDevObjectVersion:   Dev-Core (375EC13C-06E4-48FB-B500-84F0262A717E): 3
LogDevObjectVersion:   Dev-Editor (E4B068ED-F494-42E9-A231-DA0B2E46BB41): 37
LogDevObjectVersion:   Dev-Framework (CFFC743F-43B0-4480-9391-14DF171D2073): 36
LogDevObjectVersion:   Dev-Mobile (B02B49B5-BB20-44E9-A304-32B752E40360): 2
LogDevObjectVersion:   Dev-Networking (A4E4105C-59A1-49B5-A7C5-40C4547EDFEE): 0
LogDevObjectVersion:   Dev-Online (39C831C9-5AE6-47DC-9A44-9C173E1C8E7C): 0
LogDevObjectVersion:   Dev-Physics (78F01B33-EBEA-4F98-B9B4-84EACCB95AA2): 2
LogDevObjectVersion:   Dev-Platform (6631380F-2D4D-43E0-8009-CF276956A95A): 0
LogDevObjectVersion:   Dev-Rendering (12F88B9F-8875-4AFC-A67C-D90C383ABD29): 36
LogDevObjectVersion:   Dev-Sequencer (7B5AE74C-D270-4C10-A958-57980B212A5A): 11
LogDevObjectVersion:   Dev-VR (D7296918-1DD6-4BDD-9DE2-64A83CC13884): 2
LogDevObjectVersion:   Dev-LoadTimes (C2A15278-BFE7-4AFE-6C17-90FF531DF755): 1
LogDevObjectVersion:   Private-Geometry (6EACA3D4-40EC-4CC1-B786-8BED09428FC5): 3
LogDevObjectVersion:   Dev-AnimPhys (29E575DD-E0A3-4627-9D10-D276232CDCEA): 17
LogDevObjectVersion:   Dev-Anim (AF43A65D-7FD3-4947-9873-3E8ED9C1BB05): 2
LogDevObjectVersion:   Dev-ReflectionCapture (6B266CEC-1EC7-4B8F-A30B-E4D90942FC07): 1
LogDevObjectVersion:   Dev-Automation (0DF73D61-A23F-47EA-B727-89E90C41499A): 1
LogDevObjectVersion:   FortniteMain (601D1886-AC64-4F84-AA16-D3DE0DEAC7D6): 31
LogDevObjectVersion:   Dev-Enterprise (9DFFBCD6-494F-0158-E221-12823C92A888): 8
LogDevObjectVersion:   Dev-Niagara (F2AED0AC-9AFE-416F-8664-AA7FFA26D6FC): 1
LogDevObjectVersion:   Dev-Destruction (174F1F0B-B4C6-45A5-B13F-2EE8D0FB917D): 9
LogDevObjectVersion:   Dev-Physics-Ext (35F94A83-E258-406C-A318-09F59610247C): 8
LogDevObjectVersion:   Dev-CineCamera (B2E18506-4273-CFC2-A54E-F4BB758BBA07): 1
LogInit: Presizing for max 25165824 objects, including 0 objects not considered by GC, pre-allocating 0 bytes for permanent pool.
LogInit: Object subsystem initialized
LogConfig: Setting CVar [[con.DebugEarlyDefault:1]]
LogConfig: Setting CVar [[r.setres:1280x720]]
[2020.05.27-06.27.44:514][  0]LogConfig: Setting CVar [[r.VSync:0]]
[2020.05.27-06.27.44:514][  0]LogConfig: Setting CVar [[r.RHICmdBypass:0]]
[2020.05.27-06.27.44:514][  0]LogConfig: Applying CVar settings from Section [/Script/Engine.RendererSettings] File [C:/Users/haora/Documents/GitHub/ProjectA_V6/Saved/Config/Windows/Engine.ini]
[2020.05.27-06.27.44:514][  0]LogConfig: Setting CVar [[r.GPUCrashDebugging:0]]
[2020.05.27-06.27.44:514][  0]LogConfig: Applying CVar settings from Section [/Script/Engine.RendererOverrideSettings] File [C:/Users/haora/Documents/GitHub/ProjectA_V6/Saved/Config/Windows/Engine.ini]
[2020.05.27-06.27.44:514][  0]LogConfig: Applying CVar settings from Section [/Script/Engine.StreamingSettings] File [C:/Users/haora/Documents/GitHub/ProjectA_V6/Saved/Config/Windows/Engine.ini]
[2020.05.27-06.27.44:514][  0]LogConfig: Setting CVar [[s.MinBulkDataSizeForAsyncLoading:131072]]
[2020.05.27-06.27.44:514][  0]LogConfig: Setting CVar [[s.AsyncLoadingThreadEnabled:0]]
[2020.05.27-06.27.44:514][  0]LogConfig: Setting CVar [[s.EventDrivenLoaderEnabled:1]]
[2020.05.27-06.27.44:514][  0]LogConfig: Setting CVar [[s.WarnIfTimeLimitExceeded:0]]
[2020.05.27-06.27.44:514][  0]LogConfig: Setting CVar [[s.TimeLimitExceededMultiplier:1.5]]
[2020.05.27-06.27.44:514][  0]LogConfig: Setting CVar [[s.TimeLimitExceededMinTime:0.005]]
[2020.05.27-06.27.44:514][  0]LogConfig: Setting CVar [[s.UseBackgroundLevelStreaming:1]]
[2020.05.27-06.27.44:514][  0]LogConfig: Setting CVar [[s.PriorityAsyncLoadingExtraTime:15.0]]
[2020.05.27-06.27.44:514][  0]LogConfig: Setting CVar [[s.LevelStreamingActorsUpdateTimeLimit:5.0]]
[2020.05.27-06.27.44:514][  0]LogConfig: Setting CVar [[s.PriorityLevelStreamingActorsUpdateExtraTime:5.0]]
[2020.05.27-06.27.44:514][  0]LogConfig: Setting CVar [[s.LevelStreamingComponentsRegistrationGranularity:10]]
[2020.05.27-06.27.44:514][  0]LogConfig: Setting CVar [[s.UnregisterComponentsTimeLimit:1.0]]
[2020.05.27-06.27.44:514][  0]LogConfig: Setting CVar [[s.LevelStreamingComponentsUnregistrationGranularity:5]]
[2020.05.27-06.27.44:514][  0]LogConfig: Setting CVar [[s.FlushStreamingOnExit:1]]
[2020.05.27-06.27.44:514][  0]LogConfig: Applying CVar settings from Section [/Script/Engine.GarbageCollectionSettings] File [C:/Users/haora/Documents/GitHub/ProjectA_V6/Saved/Config/Windows/Engine.ini]
[2020.05.27-06.27.44:514][  0]LogConfig: Setting CVar [[gc.MaxObjectsNotConsideredByGC:1]]
[2020.05.27-06.27.44:514][  0]LogConfig: Setting CVar [[gc.SizeOfPermanentObjectPool:0]]
[2020.05.27-06.27.44:514][  0]LogConfig: Setting CVar [[gc.FlushStreamingOnGC:0]]
[2020.05.27-06.27.44:514][  0]LogConfig: Setting CVar [[gc.NumRetriesBeforeForcingGC:10]]
[2020.05.27-06.27.44:514][  0]LogConfig: Setting CVar [[gc.AllowParallelGC:1]]
[2020.05.27-06.27.44:514][  0]LogConfig: Setting CVar [[gc.TimeBetweenPurgingPendingKillObjects:61.1]]
[2020.05.27-06.27.44:514][  0]LogConfig: Setting CVar [[gc.MaxObjectsInEditor:25165824]]
[2020.05.27-06.27.44:514][  0]LogConfig: Setting CVar [[gc.IncrementalBeginDestroyEnabled:1]]
[2020.05.27-06.27.44:514][  0]LogConfig: Setting CVar [[gc.CreateGCClusters:1]]
[2020.05.27-06.27.44:514][  0]LogConfig: Setting CVar [[gc.MinGCClusterSize:5]]
[2020.05.27-06.27.44:514][  0]LogConfig: Setting CVar [[gc.ActorClusteringEnabled:0]]
[2020.05.27-06.27.44:514][  0]LogConfig: Setting CVar [[gc.BlueprintClusteringEnabled:0]]
[2020.05.27-06.27.44:514][  0]LogConfig: Setting CVar [[gc.UseDisregardForGCOnDedicatedServers:0]]
[2020.05.27-06.27.44:514][  0]LogConfig: Applying CVar settings from Section [/Script/Engine.NetworkSettings] File [C:/Users/haora/Documents/GitHub/ProjectA_V6/Saved/Config/Windows/Engine.ini]
[2020.05.27-06.27.44:514][  0]LogConfig: Applying CVar settings from Section [/Script/UnrealEd.CookerSettings] File [C:/Users/haora/Documents/GitHub/ProjectA_V6/Saved/Config/Windows/Engine.ini]
[2020.05.27-06.27.44:522][  0]LogConfig: Applying CVar settings from Section [ViewDistanceQuality@3] File [C:/Users/haora/Documents/GitHub/ProjectA_V6/Saved/Config/Windows/Scalability.ini]
[2020.05.27-06.27.44:522][  0]LogConfig: Setting CVar [[r.SkeletalMeshLODBias:0]]
[2020.05.27-06.27.44:522][  0]LogConfig: Setting CVar [[r.ViewDistanceScale:1.0]]
[2020.05.27-06.27.44:522][  0]LogConfig: Applying CVar settings from Section [AntiAliasingQuality@3] File [C:/Users/haora/Documents/GitHub/ProjectA_V6/Saved/Config/Windows/Scalability.ini]
[2020.05.27-06.27.44:523][  0]LogConfig: Setting CVar [[r.PostProcessAAQuality:4]]
[2020.05.27-06.27.44:523][  0]LogConfig: Applying CVar settings from Section [ShadowQuality@3] File [C:/Users/haora/Documents/GitHub/ProjectA_V6/Saved/Config/Windows/Scalability.ini]
[2020.05.27-06.27.44:523][  0]LogConfig: Setting CVar [[r.LightFunctionQuality:1]]
[2020.05.27-06.27.44:523][  0]LogConfig: Setting CVar [[r.ShadowQuality:5]]
[2020.05.27-06.27.44:523][  0]LogConfig: Setting CVar [[r.Shadow.CSM.MaxCascades:10]]
[2020.05.27-06.27.44:523][  0]LogConfig: Setting CVar [[r.Shadow.MaxResolution:2048]]
[2020.05.27-06.27.44:523][  0]LogConfig: Setting CVar [[r.Shadow.MaxCSMResolution:2048]]
[2020.05.27-06.27.44:523][  0]LogConfig: Setting CVar [[r.Shadow.RadiusThreshold:0.01]]
[2020.05.27-06.27.44:523][  0]LogConfig: Setting CVar [[r.Shadow.DistanceScale:1.0]]
[2020.05.27-06.27.44:523][  0]LogConfig: Setting CVar [[r.Shadow.CSM.TransitionScale:1.0]]
[2020.05.27-06.27.44:523][  0]LogConfig: Setting CVar [[r.Shadow.PreShadowResolutionFactor:1.0]]
[2020.05.27-06.27.44:523][  0]LogConfig: Setting CVar [[r.DistanceFieldShadowing:1]]
[2020.05.27-06.27.44:523][  0]LogConfig: Setting CVar [[r.DistanceFieldAO:1]]
[2020.05.27-06.27.44:523][  0]LogConfig: Setting CVar [[r.AOQuality:2]]
[2020.05.27-06.27.44:523][  0]LogConfig: Setting CVar [[r.VolumetricFog:1]]
[2020.05.27-06.27.44:523][  0]LogConfig: Setting CVar [[r.VolumetricFog.GridPixelSize:8]]
[2020.05.27-06.27.44:523][  0]LogConfig: Setting CVar [[r.VolumetricFog.GridSizeZ:128]]
[2020.05.27-06.27.44:523][  0]LogConfig: Setting CVar [[r.VolumetricFog.HistoryMissSupersampleCount:4]]
[2020.05.27-06.27.44:523][  0]LogConfig: Setting CVar [[r.LightMaxDrawDistanceScale:1]]
[2020.05.27-06.27.44:523][  0]LogConfig: Setting CVar [[r.CapsuleShadows:1]]
[2020.05.27-06.27.44:523][  0]LogConfig: Applying CVar settings from Section [PostProcessQuality@3] File [C:/Users/haora/Documents/GitHub/ProjectA_V6/Saved/Config/Windows/Scalability.ini]
[2020.05.27-06.27.44:523][  0]LogConfig: Setting CVar [[r.MotionBlurQuality:4]]
[2020.05.27-06.27.44:523][  0]LogConfig: Setting CVar [[r.AmbientOcclusionMipLevelFactor:0.4]]
[2020.05.27-06.27.44:523][  0]LogConfig: Setting CVar [[r.AmbientOcclusionMaxQuality:100]]
[2020.05.27-06.27.44:523][  0]LogConfig: Setting CVar [[r.AmbientOcclusionLevels:-1]]
[2020.05.27-06.27.44:523][  0]LogConfig: Setting CVar [[r.AmbientOcclusionRadiusScale:1.0]]
[2020.05.27-06.27.44:523][  0]LogConfig: Setting CVar [[r.DepthOfFieldQuality:2]]
[2020.05.27-06.27.44:523][  0]LogConfig: Setting CVar [[r.RenderTargetPoolMin:400]]
[2020.05.27-06.27.44:523][  0]LogConfig: Setting CVar [[r.LensFlareQuality:2]]
[2020.05.27-06.27.44:523][  0]LogConfig: Setting CVar [[r.SceneColorFringeQuality:1]]
[2020.05.27-06.27.44:523][  0]LogConfig: Setting CVar [[r.EyeAdaptationQuality:2]]
[2020.05.27-06.27.44:523][  0]LogConfig: Setting CVar [[r.BloomQuality:5]]
[2020.05.27-06.27.44:523][  0]LogConfig: Setting CVar [[r.FastBlurThreshold:100]]
[2020.05.27-06.27.44:523][  0]LogConfig: Setting CVar [[r.Upscale.Quality:3]]
[2020.05.27-06.27.44:523][  0]LogConfig: Setting CVar [[r.Tonemapper.GrainQuantization:1]]
[2020.05.27-06.27.44:523][  0]LogConfig: Setting CVar [[r.LightShaftQuality:1]]
[2020.05.27-06.27.44:523][  0]LogConfig: Setting CVar [[r.Filter.SizeScale:1]]
[2020.05.27-06.27.44:523][  0]LogConfig: Setting CVar [[r.Tonemapper.Quality:5]]
[2020.05.27-06.27.44:523][  0]LogConfig: Setting CVar [[r.DOF.Gather.AccumulatorQuality:1        ; higher gathering accumulator quality]]
[2020.05.27-06.27.44:523][  0]LogConfig: Setting CVar [[r.DOF.Gather.PostfilterMethod:1          ; Median3x3 postfilering method]]
[2020.05.27-06.27.44:523][  0]LogConfig: Setting CVar [[r.DOF.Gather.EnableBokehSettings:0       ; no bokeh simulation when gathering]]
[2020.05.27-06.27.44:523][  0]LogConfig: Setting CVar [[r.DOF.Gather.RingCount:4                 ; medium number of samples when gathering]]
[2020.05.27-06.27.44:523][  0]LogConfig: Setting CVar [[r.DOF.Scatter.ForegroundCompositing:1    ; additive foreground scattering]]
[2020.05.27-06.27.44:523][  0]LogConfig: Setting CVar [[r.DOF.Scatter.BackgroundCompositing:2    ; additive background scattering]]
[2020.05.27-06.27.44:523][  0]LogConfig: Setting CVar [[r.DOF.Scatter.EnableBokehSettings:1      ; bokeh simulation when scattering]]
[2020.05.27-06.27.44:523][  0]LogConfig: Setting CVar [[r.DOF.Scatter.MaxSpriteRatio:0.1         ; only a maximum of 10% of scattered bokeh]]
[2020.05.27-06.27.44:523][  0]LogConfig: Setting CVar [[r.DOF.Recombine.Quality:1                ; cheap slight out of focus]]
[2020.05.27-06.27.44:523][  0]LogConfig: Setting CVar [[r.DOF.Recombine.EnableBokehSettings:0    ; no bokeh simulation on slight out of focus]]
[2020.05.27-06.27.44:523][  0]LogConfig: Setting CVar [[r.DOF.TemporalAAQuality:1                ; more stable temporal accumulation]]
[2020.05.27-06.27.44:523][  0]LogConfig: Setting CVar [[r.DOF.Kernel.MaxForegroundRadius:0.025]]
[2020.05.27-06.27.44:523][  0]LogConfig: Setting CVar [[r.DOF.Kernel.MaxBackgroundRadius:0.025]]
[2020.05.27-06.27.44:523][  0]LogConfig: Applying CVar settings from Section [TextureQuality@3] File [C:/Users/haora/Documents/GitHub/ProjectA_V6/Saved/Config/Windows/Scalability.ini]
[2020.05.27-06.27.44:523][  0]LogConfig: Setting CVar [[r.Streaming.MipBias:0]]
[2020.05.27-06.27.44:523][  0]LogConfig: Setting CVar [[r.Streaming.AmortizeCPUToGPUCopy:0]]
[2020.05.27-06.27.44:523][  0]LogConfig: Setting CVar [[r.Streaming.MaxNumTexturesToStreamPerFrame:0]]
[2020.05.27-06.27.44:523][  0]LogConfig: Setting CVar [[r.Streaming.Boost:1]]
[2020.05.27-06.27.44:523][  0]LogConfig: Setting CVar [[r.MaxAnisotropy:8]]
[2020.05.27-06.27.44:523][  0]LogConfig: Setting CVar [[r.VT.MaxAnisotropy:8]]
[2020.05.27-06.27.44:523][  0]LogConfig: Setting CVar [[r.Streaming.LimitPoolSizeToVRAM:0]]
[2020.05.27-06.27.44:523][  0]LogConfig: Setting CVar [[r.Streaming.PoolSize:1000]]
[2020.05.27-06.27.44:523][  0]LogConfig: Setting CVar [[r.Streaming.MaxEffectiveScreenSize:0]]
[2020.05.27-06.27.44:523][  0]LogConfig: Applying CVar settings from Section [EffectsQuality@3] File [C:/Users/haora/Documents/GitHub/ProjectA_V6/Saved/Config/Windows/Scalability.ini]
[2020.05.27-06.27.44:523][  0]LogConfig: Setting CVar [[r.TranslucencyLightingVolumeDim:64]]
[2020.05.27-06.27.44:523][  0]LogConfig: Setting CVar [[r.RefractionQuality:2]]
[2020.05.27-06.27.44:523][  0]LogConfig: Setting CVar [[r.SSR.Quality:3]]
[2020.05.27-06.27.44:523][  0]LogConfig: Setting CVar [[r.SSR.HalfResSceneColor:0]]
[2020.05.27-06.27.44:523][  0]LogConfig: Setting CVar [[r.SceneColorFormat:4]]
[2020.05.27-06.27.44:523][  0]LogConfig: Setting CVar [[r.DetailMode:2]]
[2020.05.27-06.27.44:523][  0]LogConfig: Setting CVar [[r.TranslucencyVolumeBlur:1]]
[2020.05.27-06.27.44:523][  0]LogConfig: Setting CVar [[r.MaterialQualityLevel:1 ; High quality]]
[2020.05.27-06.27.44:523][  0]LogConfig: Setting CVar [[r.SSS.Scale:1]]
[2020.05.27-06.27.44:523][  0]LogConfig: Setting CVar [[r.SSS.SampleSet:2]]
[2020.05.27-06.27.44:523][  0]LogConfig: Setting CVar [[r.SSS.Quality:1]]
[2020.05.27-06.27.44:523][  0]LogConfig: Setting CVar [[r.SSS.HalfRes:1]]
[2020.05.27-06.27.44:525][  0]LogConfig: Setting CVar [[r.SSGI.Quality:3]]
[2020.05.27-06.27.44:525][  0]LogConfig: Setting CVar [[r.EmitterSpawnRateScale:1.0]]
[2020.05.27-06.27.44:525][  0]LogConfig: Setting CVar [[r.ParticleLightQuality:2]]
[2020.05.27-06.27.44:525][  0]LogConfig: Setting CVar [[r.SkyAtmosphere.AerialPerspectiveLUT.FastApplyOnOpaque:1 ; Always have FastSkyLUT 1 in this case to avoid wrong sky]]
[2020.05.27-06.27.44:525][  0]LogConfig: Setting CVar [[r.SkyAtmosphere.AerialPerspectiveLUT.SampleCountPerSlice:1]]
[2020.05.27-06.27.44:525][  0]LogConfig: Setting CVar [[r.SkyAtmosphere.AerialPerspectiveLUT.DepthResolution:16.0]]
[2020.05.27-06.27.44:525][  0]LogConfig: Setting CVar [[r.SkyAtmosphere.FastSkyLUT:1]]
[2020.05.27-06.27.44:525][  0]LogConfig: Setting CVar [[r.SkyAtmosphere.FastSkyLUT.SampleCountMin:4.0]]
[2020.05.27-06.27.44:525][  0]LogConfig: Setting CVar [[r.SkyAtmosphere.FastSkyLUT.SampleCountMax:32.0]]
[2020.05.27-06.27.44:525][  0]LogConfig: Setting CVar [[r.SkyAtmosphere.SampleCountMin:4.0]]
[2020.05.27-06.27.44:525][  0]LogConfig: Setting CVar [[r.SkyAtmosphere.SampleCountMax:32.0]]
[2020.05.27-06.27.44:525][  0]LogConfig: Setting CVar [[r.SkyAtmosphere.TransmittanceLUT.UseSmallFormat:0]]
[2020.05.27-06.27.44:525][  0]LogConfig: Setting CVar [[r.SkyAtmosphere.TransmittanceLUT.SampleCount:10.0]]
[2020.05.27-06.27.44:525][  0]LogConfig: Setting CVar [[r.SkyAtmosphere.MultiScatteringLUT.SampleCount:15.0]]
[2020.05.27-06.27.44:525][  0]LogConfig: Applying CVar settings from Section [FoliageQuality@3] File [C:/Users/haora/Documents/GitHub/ProjectA_V6/Saved/Config/Windows/Scalability.ini]
[2020.05.27-06.27.44:525][  0]LogConfig: Setting CVar [[foliage.DensityScale:1.0]]
[2020.05.27-06.27.44:525][  0]LogConfig: Setting CVar [[grass.DensityScale:1.0]]
[2020.05.27-06.27.44:525][  0]LogConfig: Applying CVar settings from Section [ShadingQuality@3] File [C:/Users/haora/Documents/GitHub/ProjectA_V6/Saved/Config/Windows/Scalability.ini]
[2020.05.27-06.27.44:525][  0]LogConfig: Setting CVar [[r.HairStrands.SkyLighting.SampleCount:16]]
[2020.05.27-06.27.44:525][  0]LogConfig: Setting CVar [[r.HairStrands.SkyLighting.JitterIntegration:0]]
[2020.05.27-06.27.44:525][  0]LogConfig: Setting CVar [[r.HairStrands.SkyAO.SampleCount:16]]
[2020.05.27-06.27.44:525][  0]LogInit: Selected Device Profile: [Windows]
[2020.05.27-06.27.44:525][  0]LogInit: Applying CVar settings loaded from the selected device profile: [Windows]
[2020.05.27-06.27.44:528][  0]LogHAL: Display: Platform has ~ 32 GB [34303705088 / 34359738368 / 32], which maps to Largest [LargestMinGB=32, LargerMinGB=12, DefaultMinGB=8, SmallerMinGB=6, SmallestMinGB=0)
[2020.05.27-06.27.44:528][  0]LogInit: Going up to parent DeviceProfile []
[2020.05.27-06.27.44:528][  0]LogConfig: Applying CVar settings from Section [ViewDistanceQuality@3] File [C:/Users/haora/Documents/GitHub/ProjectA_V6/Saved/Config/Windows/Scalability.ini]
[2020.05.27-06.27.44:528][  0]LogConfig: Setting CVar [[r.SkeletalMeshLODBias:0]]
[2020.05.27-06.27.44:528][  0]LogConfig: Setting CVar [[r.ViewDistanceScale:1.0]]
[2020.05.27-06.27.44:528][  0]LogConfig: Applying CVar settings from Section [AntiAliasingQuality@3] File [C:/Users/haora/Documents/GitHub/ProjectA_V6/Saved/Config/Windows/Scalability.ini]
[2020.05.27-06.27.44:528][  0]LogConfig: Setting CVar [[r.PostProcessAAQuality:4]]
[2020.05.27-06.27.44:528][  0]LogConfig: Applying CVar settings from Section [ShadowQuality@3] File [C:/Users/haora/Documents/GitHub/ProjectA_V6/Saved/Config/Windows/Scalability.ini]
[2020.05.27-06.27.44:528][  0]LogConfig: Setting CVar [[r.LightFunctionQuality:1]]
[2020.05.27-06.27.44:528][  0]LogConfig: Setting CVar [[r.ShadowQuality:5]]
[2020.05.27-06.27.44:528][  0]LogConfig: Setting CVar [[r.Shadow.CSM.MaxCascades:10]]
[2020.05.27-06.27.44:528][  0]LogConfig: Setting CVar [[r.Shadow.MaxResolution:2048]]
[2020.05.27-06.27.44:529][  0]LogConfig: Setting CVar [[r.Shadow.MaxCSMResolution:2048]]
[2020.05.27-06.27.44:529][  0]LogConfig: Setting CVar [[r.Shadow.RadiusThreshold:0.01]]
[2020.05.27-06.27.44:529][  0]LogConfig: Setting CVar [[r.Shadow.DistanceScale:1.0]]
[2020.05.27-06.27.44:529][  0]LogConfig: Setting CVar [[r.Shadow.CSM.TransitionScale:1.0]]
[2020.05.27-06.27.44:529][  0]LogConfig: Setting CVar [[r.Shadow.PreShadowResolutionFactor:1.0]]
[2020.05.27-06.27.44:529][  0]LogConfig: Setting CVar [[r.DistanceFieldShadowing:1]]
[2020.05.27-06.27.44:529][  0]LogConfig: Setting CVar [[r.DistanceFieldAO:1]]
[2020.05.27-06.27.44:529][  0]LogConfig: Setting CVar [[r.AOQuality:2]]
[2020.05.27-06.27.44:529][  0]LogConfig: Setting CVar [[r.VolumetricFog:1]]
[2020.05.27-06.27.44:529][  0]LogConfig: Setting CVar [[r.VolumetricFog.GridPixelSize:8]]
[2020.05.27-06.27.44:529][  0]LogConfig: Setting CVar [[r.VolumetricFog.GridSizeZ:128]]
[2020.05.27-06.27.44:529][  0]LogConfig: Setting CVar [[r.VolumetricFog.HistoryMissSupersampleCount:4]]
[2020.05.27-06.27.44:529][  0]LogConfig: Setting CVar [[r.LightMaxDrawDistanceScale:1]]
[2020.05.27-06.27.44:529][  0]LogConfig: Setting CVar [[r.CapsuleShadows:1]]
[2020.05.27-06.27.44:529][  0]LogConfig: Applying CVar settings from Section [PostProcessQuality@3] File [C:/Users/haora/Documents/GitHub/ProjectA_V6/Saved/Config/Windows/Scalability.ini]
[2020.05.27-06.27.44:529][  0]LogConfig: Setting CVar [[r.MotionBlurQuality:4]]
[2020.05.27-06.27.44:529][  0]LogConfig: Setting CVar [[r.AmbientOcclusionMipLevelFactor:0.4]]
[2020.05.27-06.27.44:529][  0]LogConfig: Setting CVar [[r.AmbientOcclusionMaxQuality:100]]
[2020.05.27-06.27.44:529][  0]LogConfig: Setting CVar [[r.AmbientOcclusionLevels:-1]]
[2020.05.27-06.27.44:529][  0]LogConfig: Setting CVar [[r.AmbientOcclusionRadiusScale:1.0]]
[2020.05.27-06.27.44:529][  0]LogConfig: Setting CVar [[r.DepthOfFieldQuality:2]]
[2020.05.27-06.27.44:529][  0]LogConfig: Setting CVar [[r.RenderTargetPoolMin:400]]
[2020.05.27-06.27.44:529][  0]LogConfig: Setting CVar [[r.LensFlareQuality:2]]
[2020.05.27-06.27.44:529][  0]LogConfig: Setting CVar [[r.SceneColorFringeQuality:1]]
[2020.05.27-06.27.44:529][  0]LogConfig: Setting CVar [[r.EyeAdaptationQuality:2]]
[2020.05.27-06.27.44:529][  0]LogConfig: Setting CVar [[r.BloomQuality:5]]
[2020.05.27-06.27.44:529][  0]LogConfig: Setting CVar [[r.FastBlurThreshold:100]]
[2020.05.27-06.27.44:529][  0]LogConfig: Setting CVar [[r.Upscale.Quality:3]]
[2020.05.27-06.27.44:529][  0]LogConfig: Setting CVar [[r.Tonemapper.GrainQuantization:1]]
[2020.05.27-06.27.44:529][  0]LogConfig: Setting CVar [[r.LightShaftQuality:1]]
[2020.05.27-06.27.44:529][  0]LogConfig: Setting CVar [[r.Filter.SizeScale:1]]
[2020.05.27-06.27.44:529][  0]LogConfig: Setting CVar [[r.Tonemapper.Quality:5]]
[2020.05.27-06.27.44:529][  0]LogConfig: Setting CVar [[r.DOF.Gather.AccumulatorQuality:1        ; higher gathering accumulator quality]]
[2020.05.27-06.27.44:529][  0]LogConfig: Setting CVar [[r.DOF.Gather.PostfilterMethod:1          ; Median3x3 postfilering method]]
[2020.05.27-06.27.44:529][  0]LogConfig: Setting CVar [[r.DOF.Gather.EnableBokehSettings:0       ; no bokeh simulation when gathering]]
[2020.05.27-06.27.44:529][  0]LogConfig: Setting CVar [[r.DOF.Gather.RingCount:4                 ; medium number of samples when gathering]]
[2020.05.27-06.27.44:529][  0]LogConfig: Setting CVar [[r.DOF.Scatter.ForegroundCompositing:1    ; additive foreground scattering]]
[2020.05.27-06.27.44:529][  0]LogConfig: Setting CVar [[r.DOF.Scatter.BackgroundCompositing:2    ; additive background scattering]]
[2020.05.27-06.27.44:529][  0]LogConfig: Setting CVar [[r.DOF.Scatter.EnableBokehSettings:1      ; bokeh simulation when scattering]]
[2020.05.27-06.27.44:529][  0]LogConfig: Setting CVar [[r.DOF.Scatter.MaxSpriteRatio:0.1         ; only a maximum of 10% of scattered bokeh]]
[2020.05.27-06.27.44:529][  0]LogConfig: Setting CVar [[r.DOF.Recombine.Quality:1                ; cheap slight out of focus]]
[2020.05.27-06.27.44:529][  0]LogConfig: Setting CVar [[r.DOF.Recombine.EnableBokehSettings:0    ; no bokeh simulation on slight out of focus]]
[2020.05.27-06.27.44:529][  0]LogConfig: Setting CVar [[r.DOF.TemporalAAQuality:1                ; more stable temporal accumulation]]
[2020.05.27-06.27.44:529][  0]LogConfig: Setting CVar [[r.DOF.Kernel.MaxForegroundRadius:0.025]]
[2020.05.27-06.27.44:529][  0]LogConfig: Setting CVar [[r.DOF.Kernel.MaxBackgroundRadius:0.025]]
[2020.05.27-06.27.44:529][  0]LogConfig: Applying CVar settings from Section [TextureQuality@3] File [C:/Users/haora/Documents/GitHub/ProjectA_V6/Saved/Config/Windows/Scalability.ini]
[2020.05.27-06.27.44:529][  0]LogConfig: Setting CVar [[r.Streaming.MipBias:0]]
[2020.05.27-06.27.44:529][  0]LogConfig: Setting CVar [[r.Streaming.AmortizeCPUToGPUCopy:0]]
[2020.05.27-06.27.44:529][  0]LogConfig: Setting CVar [[r.Streaming.MaxNumTexturesToStreamPerFrame:0]]
[2020.05.27-06.27.44:529][  0]LogConfig: Setting CVar [[r.Streaming.Boost:1]]
[2020.05.27-06.27.44:529][  0]LogConfig: Setting CVar [[r.MaxAnisotropy:8]]
[2020.05.27-06.27.44:529][  0]LogConfig: Setting CVar [[r.VT.MaxAnisotropy:8]]
[2020.05.27-06.27.44:529][  0]LogConfig: Setting CVar [[r.Streaming.LimitPoolSizeToVRAM:0]]
[2020.05.27-06.27.44:529][  0]LogConfig: Setting CVar [[r.Streaming.PoolSize:1000]]
[2020.05.27-06.27.44:529][  0]LogConfig: Setting CVar [[r.Streaming.MaxEffectiveScreenSize:0]]
[2020.05.27-06.27.44:529][  0]LogConfig: Applying CVar settings from Section [EffectsQuality@3] File [C:/Users/haora/Documents/GitHub/ProjectA_V6/Saved/Config/Windows/Scalability.ini]
[2020.05.27-06.27.44:529][  0]LogConfig: Setting CVar [[r.TranslucencyLightingVolumeDim:64]]
[2020.05.27-06.27.44:529][  0]LogConfig: Setting CVar [[r.RefractionQuality:2]]
[2020.05.27-06.27.44:529][  0]LogConfig: Setting CVar [[r.SSR.Quality:3]]
[2020.05.27-06.27.44:529][  0]LogConfig: Setting CVar [[r.SSR.HalfResSceneColor:0]]
[2020.05.27-06.27.44:529][  0]LogConfig: Setting CVar [[r.SceneColorFormat:4]]
[2020.05.27-06.27.44:529][  0]LogConfig: Setting CVar [[r.DetailMode:2]]
[2020.05.27-06.27.44:529][  0]LogConfig: Setting CVar [[r.TranslucencyVolumeBlur:1]]
[2020.05.27-06.27.44:529][  0]LogConfig: Setting CVar [[r.MaterialQualityLevel:1 ; High quality]]
[2020.05.27-06.27.44:529][  0]LogConfig: Setting CVar [[r.SSS.Scale:1]]
[2020.05.27-06.27.44:529][  0]LogConfig: Setting CVar [[r.SSS.SampleSet:2]]
[2020.05.27-06.27.44:529][  0]LogConfig: Setting CVar [[r.SSS.Quality:1]]
[2020.05.27-06.27.44:529][  0]LogConfig: Setting CVar [[r.SSS.HalfRes:1]]
[2020.05.27-06.27.44:529][  0]LogConfig: Setting CVar [[r.SSGI.Quality:3]]
[2020.05.27-06.27.44:529][  0]LogConfig: Setting CVar [[r.EmitterSpawnRateScale:1.0]]
[2020.05.27-06.27.44:529][  0]LogConfig: Setting CVar [[r.ParticleLightQuality:2]]
[2020.05.27-06.27.44:529][  0]LogConfig: Setting CVar [[r.SkyAtmosphere.AerialPerspectiveLUT.FastApplyOnOpaque:1 ; Always have FastSkyLUT 1 in this case to avoid wrong sky]]
[2020.05.27-06.27.44:529][  0]LogConfig: Setting CVar [[r.SkyAtmosphere.AerialPerspectiveLUT.SampleCountPerSlice:1]]
[2020.05.27-06.27.44:529][  0]LogConfig: Setting CVar [[r.SkyAtmosphere.AerialPerspectiveLUT.DepthResolution:16.0]]
[2020.05.27-06.27.44:530][  0]LogConfig: Setting CVar [[r.SkyAtmosphere.FastSkyLUT:1]]
[2020.05.27-06.27.44:530][  0]LogConfig: Setting CVar [[r.SkyAtmosphere.FastSkyLUT.SampleCountMin:4.0]]
[2020.05.27-06.27.44:530][  0]LogConfig: Setting CVar [[r.SkyAtmosphere.FastSkyLUT.SampleCountMax:32.0]]
[2020.05.27-06.27.44:530][  0]LogConfig: Setting CVar [[r.SkyAtmosphere.SampleCountMin:4.0]]
[2020.05.27-06.27.44:530][  0]LogConfig: Setting CVar [[r.SkyAtmosphere.SampleCountMax:32.0]]
[2020.05.27-06.27.44:530][  0]LogConfig: Setting CVar [[r.SkyAtmosphere.TransmittanceLUT.UseSmallFormat:0]]
[2020.05.27-06.27.44:530][  0]LogConfig: Setting CVar [[r.SkyAtmosphere.TransmittanceLUT.SampleCount:10.0]]
[2020.05.27-06.27.44:530][  0]LogConfig: Setting CVar [[r.SkyAtmosphere.MultiScatteringLUT.SampleCount:15.0]]
[2020.05.27-06.27.44:530][  0]LogConfig: Applying CVar settings from Section [FoliageQuality@3] File [C:/Users/haora/Documents/GitHub/ProjectA_V6/Saved/Config/Windows/Scalability.ini]
[2020.05.27-06.27.44:530][  0]LogConfig: Setting CVar [[foliage.DensityScale:1.0]]
[2020.05.27-06.27.44:530][  0]LogConfig: Setting CVar [[grass.DensityScale:1.0]]
[2020.05.27-06.27.44:530][  0]LogConfig: Applying CVar settings from Section [ShadingQuality@3] File [C:/Users/haora/Documents/GitHub/ProjectA_V6/Saved/Config/Windows/Scalability.ini]
[2020.05.27-06.27.44:530][  0]LogConfig: Setting CVar [[r.HairStrands.SkyLighting.SampleCount:16]]
[2020.05.27-06.27.44:530][  0]LogConfig: Setting CVar [[r.HairStrands.SkyLighting.JitterIntegration:0]]
[2020.05.27-06.27.44:530][  0]LogConfig: Setting CVar [[r.HairStrands.SkyAO.SampleCount:16]]
[2020.05.27-06.27.44:530][  0]LogConfig: Applying CVar settings from Section [Startup] File [../../../Engine/Config/ConsoleVariables.ini]
[2020.05.27-06.27.44:530][  0]LogConfig: Setting CVar [[net.UseAdaptiveNetUpdateFrequency:0]]
[2020.05.27-06.27.44:530][  0]LogConfig: Setting CVar [[p.chaos.AllowCreatePhysxBodies:1]]
[2020.05.27-06.27.44:530][  0]LogConfig: Applying CVar settings from Section [ConsoleVariables] File [C:/Users/haora/Documents/GitHub/ProjectA_V6/Saved/Config/Windows/Engine.ini]
[2020.05.27-06.27.44:530][  0]LogInit: Computer: HARRY-DESKTOP
[2020.05.27-06.27.44:530][  0]LogInit: User: haora
[2020.05.27-06.27.44:530][  0]LogInit: CPU Page size=4096, Cores=8
[2020.05.27-06.27.44:530][  0]LogInit: High frequency timer resolution =10.000000 MHz
[2020.05.27-06.27.44:530][  0]LogMemory: Memory total: Physical=31.9GB (32GB approx)
[2020.05.27-06.27.44:530][  0]LogMemory: Platform Memory Stats for Windows
[2020.05.27-06.27.44:531][  0]LogMemory: Process Physical Memory: 107.22 MB used, 107.23 MB peak
[2020.05.27-06.27.44:531][  0]LogMemory: Process Virtual Memory: 102.87 MB used, 102.87 MB peak
[2020.05.27-06.27.44:531][  0]LogMemory: Physical Memory: 11775.15 MB used,  20939.41 MB free, 32714.56 MB total
[2020.05.27-06.27.44:531][  0]LogMemory: Virtual Memory: 5146.73 MB used,  134212584.00 MB free, 134217728.00 MB total
[2020.05.27-06.27.44:535][  0]LogWindows: WindowsPlatformFeatures enabled
[2020.05.27-06.27.44:569][  0]LogInit: Using OS detected language (en-US).
[2020.05.27-06.27.44:569][  0]LogInit: Using OS detected locale (en-CA).
[2020.05.27-06.27.44:571][  0]LogTextLocalizationManager: No specific localization for 'en-US' exists, so the 'en' localization will be used.
[2020.05.27-06.27.44:772][  0]LogInit: Setting process to per monitor DPI aware
[2020.05.27-06.27.44:818][  0]LogSlate: New Slate User Created.  User Index 0, Is Virtual User: 0
[2020.05.27-06.27.44:818][  0]LogSlate: Slate User Registered.  User Index 0, Is Virtual User: 0
[2020.05.27-06.27.45:177][  0]LogHMD: Failed to initialize OpenVR with code 110
[2020.05.27-06.27.45:177][  0]LogD3D11RHI: D3D11 min allowed feature level: 11_0
[2020.05.27-06.27.45:177][  0]LogD3D11RHI: D3D11 max allowed feature level: 11_0
[2020.05.27-06.27.45:177][  0]LogD3D11RHI: D3D11 adapters:
[2020.05.27-06.27.45:344][  0]LogD3D11RHI:    0. 'NVIDIA GeForce RTX 2080' (Feature Level 11_0)
[2020.05.27-06.27.45:344][  0]LogD3D11RHI:       8010/0/16357 MB DedicatedVideo/DedicatedSystem/SharedSystem, Outputs:2, VendorId:0x10de
[2020.05.27-06.27.45:348][  0]LogD3D11RHI:    1. 'Microsoft Basic Render Driver' (Feature Level 11_0)
[2020.05.27-06.27.45:348][  0]LogD3D11RHI:       0/0/16357 MB DedicatedVideo/DedicatedSystem/SharedSystem, Outputs:0, VendorId:0x1414
[2020.05.27-06.27.45:348][  0]LogD3D11RHI: Chosen D3D11 Adapter: 0
[2020.05.27-06.27.45:361][  0]LogD3D11RHI: Creating new Direct3DDevice
[2020.05.27-06.27.45:361][  0]LogD3D11RHI:     GPU DeviceId: 0x1e87 (for the marketing name, search the web for "GPU Device Id")
[2020.05.27-06.27.45:361][  0]LogWindows: EnumDisplayDevices:
[2020.05.27-06.27.45:362][  0]LogWindows:    0. 'NVIDIA GeForce RTX 2080' (P:1 D:1)
[2020.05.27-06.27.45:363][  0]LogWindows:    1. 'NVIDIA GeForce RTX 2080' (P:0 D:1)
[2020.05.27-06.27.45:363][  0]LogWindows:    2. 'NVIDIA GeForce RTX 2080' (P:0 D:0)
[2020.05.27-06.27.45:364][  0]LogWindows:    3. 'NVIDIA GeForce RTX 2080' (P:0 D:0)
[2020.05.27-06.27.45:364][  0]LogWindows: DebugString: FoundDriverCount:4 
[2020.05.27-06.27.45:364][  0]LogD3D11RHI:     Adapter Name: NVIDIA GeForce RTX 2080
[2020.05.27-06.27.45:364][  0]LogD3D11RHI:   Driver Version: 445.75 (internal:26.21.14.4575, unified:445.75)
[2020.05.27-06.27.45:364][  0]LogD3D11RHI:      Driver Date: 3-17-2020
[2020.05.27-06.27.45:364][  0]LogRHI: Texture pool is 5607 MB (70% of 8010 MB)
[2020.05.27-06.27.45:433][  0]LogD3D11RHI: RHI has support for 64 bit atomics
[2020.05.27-06.27.45:433][  0]LogD3D11RHI: Async texture creation enabled
[2020.05.27-06.27.45:436][  0]LogD3D11RHI: HDR output is supported on display 0 (NvId: 0x80061080).
[2020.05.27-06.27.45:462][  0]LogD3D11RHI: GPU Timing Frequency: 1000.000000 (Debug: 2 1)
[2020.05.27-06.27.45:843][  0]LogTargetPlatformManager: Display: Loaded TargetPlatform 'AllDesktop'
[2020.05.27-06.27.45:879][  0]LogTargetPlatformManager: Display: Loaded TargetPlatform 'Android'
[2020.05.27-06.27.45:879][  0]LogTargetPlatformManager: Display: Loaded TargetPlatform 'Android_ASTC'
[2020.05.27-06.27.45:879][  0]LogTargetPlatformManager: Display: Loaded TargetPlatform 'Android_ATC'
[2020.05.27-06.27.45:879][  0]LogTargetPlatformManager: Display: Loaded TargetPlatform 'Android_DXT'
[2020.05.27-06.27.45:879][  0]LogTargetPlatformManager: Display: Loaded TargetPlatform 'Android_ETC1'
[2020.05.27-06.27.45:879][  0]LogTargetPlatformManager: Display: Loaded TargetPlatform 'Android_ETC1a'
[2020.05.27-06.27.45:879][  0]LogTargetPlatformManager: Display: Loaded TargetPlatform 'Android_ETC2'
[2020.05.27-06.27.45:879][  0]LogTargetPlatformManager: Display: Loaded TargetPlatform 'Android_PVRTC'
[2020.05.27-06.27.45:879][  0]LogTargetPlatformManager: Display: Loaded TargetPlatform 'AndroidClient'
[2020.05.27-06.27.45:879][  0]LogTargetPlatformManager: Display: Loaded TargetPlatform 'Android_ASTCClient'
[2020.05.27-06.27.45:879][  0]LogTargetPlatformManager: Display: Loaded TargetPlatform 'Android_ATCClient'
[2020.05.27-06.27.45:879][  0]LogTargetPlatformManager: Display: Loaded TargetPlatform 'Android_DXTClient'
[2020.05.27-06.27.45:879][  0]LogTargetPlatformManager: Display: Loaded TargetPlatform 'Android_ETC1Client'
[2020.05.27-06.27.45:879][  0]LogTargetPlatformManager: Display: Loaded TargetPlatform 'Android_ETC1aClient'
[2020.05.27-06.27.45:879][  0]LogTargetPlatformManager: Display: Loaded TargetPlatform 'Android_ETC2Client'
[2020.05.27-06.27.45:879][  0]LogTargetPlatformManager: Display: Loaded TargetPlatform 'Android_PVRTCClient'
[2020.05.27-06.27.45:879][  0]LogTargetPlatformManager: Display: Loaded TargetPlatform 'Android_Multi'
[2020.05.27-06.27.45:879][  0]LogTargetPlatformManager: Display: Loaded TargetPlatform 'Android_MultiClient'
[2020.05.27-06.27.45:903][  0]LogTargetPlatformManager: Display: Loaded TargetPlatform 'IOSClient'
[2020.05.27-06.27.45:903][  0]LogTargetPlatformManager: Display: Loaded TargetPlatform 'IOS'
[2020.05.27-06.27.45:912][  0]LogTargetPlatformManager: Display: Loaded TargetPlatform 'LinuxNoEditor'
[2020.05.27-06.27.45:921][  0]LogTargetPlatformManager: Display: Loaded TargetPlatform 'LinuxClient'
[2020.05.27-06.27.45:930][  0]LogTargetPlatformManager: Display: Loaded TargetPlatform 'LinuxServer'
[2020.05.27-06.27.45:939][  0]LogTargetPlatformManager: Display: Loaded TargetPlatform 'LinuxAArch64NoEditor'
[2020.05.27-06.27.45:947][  0]LogTargetPlatformManager: Display: Loaded TargetPlatform 'LinuxAArch64Client'
[2020.05.27-06.27.45:956][  0]LogTargetPlatformManager: Display: Loaded TargetPlatform 'LinuxAArch64Server'
[2020.05.27-06.27.45:988][  0]LogTargetPlatformManager: Display: Loaded TargetPlatform 'Lumin'
[2020.05.27-06.27.45:988][  0]LogTargetPlatformManager: Display: Loaded TargetPlatform 'LuminClient'
[2020.05.27-06.27.46:005][  0]LogTargetPlatformManager: Display: Loaded TargetPlatform 'TVOSClient'
[2020.05.27-06.27.46:005][  0]LogTargetPlatformManager: Display: Loaded TargetPlatform 'TVOS'
[2020.05.27-06.27.46:014][  0]LogTargetPlatformManager: Display: Loaded TargetPlatform 'WindowsNoEditor'
[2020.05.27-06.27.46:024][  0]LogTargetPlatformManager: Display: Loaded TargetPlatform 'Windows'
[2020.05.27-06.27.46:033][  0]LogTargetPlatformManager: Display: Loaded TargetPlatform 'WindowsClient'
[2020.05.27-06.27.46:042][  0]LogTargetPlatformManager: Display: Loaded TargetPlatform 'WindowsServer'
[2020.05.27-06.27.46:042][  0]LogTargetPlatformManager: Display: Building Assets For Windows
[2020.05.27-06.27.46:049][  0]LogAudioDebug: Display: Lib vorbis DLL was dynamically loaded.
[2020.05.27-06.27.46:084][  0]LogShaderCompilers: Guid format shader working directory is 3 characters bigger than the processId version (C:/Users/haora/Documents/GitHub/ProjectA_V6/Intermediate/Shaders/WorkingDirectory/5148/).
[2020.05.27-06.27.46:084][  0]LogShaderCompilers: Cleaned the shader compiler working directory 'C:/Users/haora/AppData/Local/Temp/UnrealShaderWorkingDir/1E6B1019415B2B9D0CAF17B3E7A499B7/'.
[2020.05.27-06.27.46:085][  0]LogXGEController: Cannot use XGE Controller as Incredibuild is not installed on this machine.
[2020.05.27-06.27.46:085][  0]LogShaderCompilers: Cannot use XGE Shader Compiler as Incredibuild is not installed on this machine.
[2020.05.27-06.27.46:085][  0]LogShaderCompilers: Display: Using Local Shader Compiler.
[2020.05.27-06.27.46:861][  0]LogDerivedDataCache: Display: Max Cache Size: 512 MB
[2020.05.27-06.27.46:915][  0]LogDerivedDataCache: Loaded boot cache 0.05s 78MB C:/Users/haora/AppData/Local/UnrealEngine/4.24/DerivedDataCache/Boot.ddc.
[2020.05.27-06.27.46:915][  0]LogDerivedDataCache: Display: Loaded Boot cache: C:/Users/haora/AppData/Local/UnrealEngine/4.24/DerivedDataCache/Boot.ddc
[2020.05.27-06.27.46:916][  0]LogDerivedDataCache: FDerivedDataBackendGraph:  Pak pak cache file C:/Users/haora/Documents/GitHub/ProjectA_V6/DerivedDataCache/DDC.ddp not found, will not use a pak cache.
[2020.05.27-06.27.46:916][  0]LogDerivedDataCache: Unable to find inner node Pak for hierarchical cache Hierarchy.
[2020.05.27-06.27.46:916][  0]LogDerivedDataCache: FDerivedDataBackendGraph:  CompressedPak pak cache file C:/Users/haora/Documents/GitHub/ProjectA_V6/DerivedDataCache/Compressed.ddp not found, will not use a pak cache.
[2020.05.27-06.27.46:916][  0]LogDerivedDataCache: Unable to find inner node CompressedPak for hierarchical cache Hierarchy.
[2020.05.27-06.27.46:926][  0]LogDerivedDataCache: Display: Pak cache opened for reading ../../../Engine/DerivedDataCache/Compressed.ddp.
[2020.05.27-06.27.46:927][  0]LogDerivedDataCache: FDerivedDataBackendGraph:  EnterprisePak pak cache file ../../../Enterprise/DerivedDataCache/Compressed.ddp not found, will not use a pak cache.
[2020.05.27-06.27.46:927][  0]LogDerivedDataCache: Unable to find inner node EnterprisePak for hierarchical cache Hierarchy.
[2020.05.27-06.27.46:928][  0]LogDerivedDataCache: Using Local data cache path C:/Users/haora/AppData/Local/UnrealEngine/Common/DerivedDataCache: Writable
[2020.05.27-06.27.46:928][  0]LogDerivedDataCache: Shared data cache path not found in *engine.ini, will not use an Shared cache.
[2020.05.27-06.27.46:928][  0]LogDerivedDataCache: Unable to find inner node Shared for hierarchical cache Hierarchy.
[2020.05.27-06.27.46:954][  0]LogMaterial: Verifying Global Shaders for PCD3D_SM5
[2020.05.27-06.27.46:957][  0]LogSlate: Using FreeType 2.10.0
[2020.05.27-06.27.46:958][  0]LogSlate: SlateFontServices - WITH_FREETYPE: 1, WITH_HARFBUZZ: 1
[2020.05.27-06.27.47:047][  0]LogAssetRegistry: FAssetRegistry took 0.0026 seconds to start up
[2020.05.27-06.27.47:350][  0]LogInit: Selected Device Profile: [Windows]
[2020.05.27-06.27.48:524][  0]LogMeshReduction: Using QuadricMeshReduction for automatic static mesh reduction
[2020.05.27-06.27.48:524][  0]LogMeshReduction: Using SimplygonMeshReduction for automatic skeletal mesh reduction
[2020.05.27-06.27.48:524][  0]LogMeshReduction: Using ProxyLODMeshReduction for automatic mesh merging
[2020.05.27-06.27.48:524][  0]LogMeshReduction: No distributed automatic mesh merging module available
[2020.05.27-06.27.48:524][  0]LogMeshMerging: No distributed automatic mesh merging module available
[2020.05.27-06.27.48:541][  0]LogNetVersion: ProjectA_V6 1.0.0, NetCL: 10570792, EngineNetVer: 13, GameNetVer: 0 (Checksum: 2108671016)
[2020.05.27-06.27.50:037][  0]LogPackageLocalizationCache: Processed 10 localized package path(s) for 1 prioritized culture(s) in 0.051244 seconds
[2020.05.27-06.27.50:047][  0]LogUObjectArray: 46750 objects as part of root set at end of initial load.
[2020.05.27-06.27.50:047][  0]LogUObjectAllocator: 8137160 out of 0 bytes used by permanent object pool.
[2020.05.27-06.27.50:047][  0]LogUObjectArray: CloseDisregardForGC: 0/0 objects in disregard for GC pool
[2020.05.27-06.27.50:524][  0]LogTcpMessaging: Initializing TcpMessaging bridge
[2020.05.27-06.27.50:529][  0]LogUdpMessaging: Initializing bridge on interface 0.0.0.0:0 to multicast group 230.0.0.1:6666.
[2020.05.27-06.27.50:592][  0]SourceControl: Source control is disabled
[2020.05.27-06.27.50:693][  0]LogWindows: Warning: CreateProc failed: The system cannot find the file specified. (0x00000002)
[2020.05.27-06.27.50:693][  0]LogWindows: Warning: URL: C:/Program Files/Git/bin/git.exe version
[2020.05.27-06.27.50:696][  0]LogWindows: Warning: CreateProc failed: The system cannot find the file specified. (0x00000002)
[2020.05.27-06.27.50:696][  0]LogWindows: Warning: URL: C:/Program Files/Git/bin/git.exe version
[2020.05.27-06.27.50:698][  0]LogWindows: Warning: CreateProc failed: The system cannot find the file specified. (0x00000002)
[2020.05.27-06.27.50:698][  0]LogWindows: Warning: URL: C:/Program Files/Git/bin/git.exe version
[2020.05.27-06.27.50:700][  0]LogWindows: Warning: CreateProc failed: The system cannot find the file specified. (0x00000002)
[2020.05.27-06.27.50:700][  0]LogWindows: Warning: URL: C:/Program Files/Git/bin/git.exe version
[2020.05.27-06.27.50:808][  0]LogAndroidPermission: UAndroidPermissionCallbackProxy::GetInstance
[2020.05.27-06.27.50:823][  0]LogAudioCaptureCore: Display: No Audio Capture implementations found. Audio input will be silent.
[2020.05.27-06.27.50:823][  0]LogAudioCaptureCore: Display: No Audio Capture implementations found. Audio input will be silent.
[2020.05.27-06.27.50:923][  0]LogOcInput: OculusInput pre-init called
[2020.05.27-06.27.50:933][  0]LogWindows: Failed to load 'OVRPlugin.dll' (GetLastError=126)
[2020.05.27-06.27.50:933][  0]LogWindows: File 'OVRPlugin.dll' does not exist
[2020.05.27-06.27.51:007][  0]LogEngine: Initializing Engine...
[2020.05.27-06.27.51:008][  0]LogHMD: Failed to initialize OpenVR with code 110
[2020.05.27-06.27.51:009][  0]LogStats: UGameplayTagsManager::InitializeManager -  0.000 s
[2020.05.27-06.27.51:358][  0]LogInit: Initializing FReadOnlyCVARCache
[2020.05.27-06.27.51:365][  0]LogAIModule: Creating AISystem for world Untitled
[2020.05.27-06.27.51:376][  0]LogAudioMixer: Display: Audio Mixer Platform Settings:
[2020.05.27-06.27.51:376][  0]LogAudioMixer: Display: 	Sample Rate:						  48000
[2020.05.27-06.27.51:376][  0]LogAudioMixer: Display: 	Callback Buffer Frame Size Requested: 1024
[2020.05.27-06.27.51:376][  0]LogAudioMixer: Display: 	Callback Buffer Frame Size To Use:	  1024
[2020.05.27-06.27.51:376][  0]LogAudioMixer: Display: 	Number of buffers to queue:			  2
[2020.05.27-06.27.51:376][  0]LogAudioMixer: Display: 	Max Channels (voices):				  32
[2020.05.27-06.27.51:376][  0]LogAudioMixer: Display: 	Number of Async Source Workers:		  0
[2020.05.27-06.27.51:376][  0]LogAudio: Display: AudioDevice MaxSources: 32
[2020.05.27-06.27.51:376][  0]LogAudio: Display: Using built-in audio occlusion.
[2020.05.27-06.27.51:376][  0]LogAudioMixer: Display: Initializing audio mixer.
[2020.05.27-06.27.51:437][  0]LogAudioMixer: Display: Audio Device Output Speaker Info:
[2020.05.27-06.27.51:437][  0]LogAudioMixer: Display: Name: Speakers (Logitech G433 Gaming Headset)
[2020.05.27-06.27.51:437][  0]LogAudioMixer: Display: Is Default: Yes
[2020.05.27-06.27.51:437][  0]LogAudioMixer: Display: Sample Rate: 48000
[2020.05.27-06.27.51:437][  0]LogAudioMixer: Display: Channel Count Used: 8
[2020.05.27-06.27.51:437][  0]LogAudioMixer: Display: Device Channel Count: 8
[2020.05.27-06.27.51:437][  0]LogAudioMixer: Display: Channel Order:
[2020.05.27-06.27.51:437][  0]LogAudioMixer: Display: 0: FrontLeft
[2020.05.27-06.27.51:437][  0]LogAudioMixer: Display: 1: FrontRight
[2020.05.27-06.27.51:437][  0]LogAudioMixer: Display: 2: FrontCenter
[2020.05.27-06.27.51:437][  0]LogAudioMixer: Display: 3: LowFrequency
[2020.05.27-06.27.51:437][  0]LogAudioMixer: Display: 4: BackLeft
[2020.05.27-06.27.51:437][  0]LogAudioMixer: Display: 5: BackRight
[2020.05.27-06.27.51:437][  0]LogAudioMixer: Display: 6: SideLeft
[2020.05.27-06.27.51:437][  0]LogAudioMixer: Display: 7: SideRight
[2020.05.27-06.27.51:464][  0]LogAudioMixer: Display: Using Audio Device Speakers (Logitech G433 Gaming Headset)
[2020.05.27-06.27.51:469][  0]LogInit: FAudioDevice initialized.
[2020.05.27-06.27.51:469][  0]LogNetVersion: Set ProjectVersion to 1.0.0.0. Version Checksum will be recalculated on next use.
[2020.05.27-06.27.51:536][  0]LogDerivedDataCache: Saved boot cache 0.07s 78MB C:/Users/haora/AppData/Local/UnrealEngine/4.24/DerivedDataCache/Boot.ddc.
[2020.05.27-06.27.51:538][  0]LogInit: Texture streaming: Enabled
[2020.05.27-06.27.51:552][  0]LogEngineSessionManager: EngineSessionManager initialized
[2020.05.27-06.27.51:552][  0]LogEditorSessionSummary: Verbose: Initializing EditorSessionSummaryWriter for editor session tracking
[2020.05.27-06.27.51:557][  0]LogEditorSessionSummary: EditorSessionSummaryWriter initialized
[2020.05.27-06.27.51:600][  0]LogInit: Transaction tracking system initialized
[2020.05.27-06.27.51:613][  0]BlueprintLog: New page: Editor Load
[2020.05.27-06.27.51:656][  0]LocalizationService: Localization service is disabled
[2020.05.27-06.27.51:970][  0]LogCook: Display: Max memory allowance for cook 16384mb min free memory 0mb
[2020.05.27-06.27.51:970][  0]LogCook: Display: Mobile HDR setting 1
[2020.05.27-06.27.52:095][  0]LogFileCache: Scanning file cache for directory 'C:/Users/haora/Documents/GitHub/ProjectA_V6/Content/' took 0.03s
[2020.05.27-06.27.53:026][  0]LogWindows: Warning: CreateProc failed: The system cannot find the file specified. (0x00000002)
[2020.05.27-06.27.53:026][  0]LogWindows: Warning: URL: C:/Program Files/Git/bin/git.exe version
[2020.05.27-06.27.53:027][  0]Cmd: MAP LOAD FILE="C:/Users/haora/Documents/GitHub/ProjectA_V6/Content/ThirdPersonBP/Maps/ThirdPersonExampleMap.umap" TEMPLATE=0 SHOWPROGRESS=1 FEATURELEVEL=3
[2020.05.27-06.27.53:027][  0]LightingResults: New page: Lighting Build
[2020.05.27-06.27.53:028][  0]LogWorld: UWorld::CleanupWorld for Untitled, bSessionEnded=true, bCleanupResources=true
[2020.05.27-06.27.53:028][  0]LogSlate: InvalidateAllWidgets triggered.  All widgets were invalidated
[2020.05.27-06.27.53:028][  0]MapCheck: New page: Map Check
[2020.05.27-06.27.53:028][  0]LightingResults: New page: Lighting Build
[2020.05.27-06.27.53:065][  0]LogUObjectHash: Compacting FUObjectHashTables data took   1.67ms
[2020.05.27-06.27.53:103][  0]LogLinker: Warning: While loading 'C:/Users/haora/Documents/GitHub/ProjectA_V6/Content/ThirdPersonBP/Blueprints/hud.uasset' failed to load '/Game/ThirdPersonBP/Blueprints/hud_assets/Armor_Icon': Can't find file.
[2020.05.27-06.27.53:103][  0]LoadErrors: Failed to load /Game/ThirdPersonBP/Blueprints/hud_assets/Armor_Icon Referenced by CharacterMesh0
[2020.05.27-06.27.53:103][  0]LogLinker: Warning: While loading 'C:/Users/haora/Documents/GitHub/ProjectA_V6/Content/ThirdPersonBP/Blueprints/hud.uasset' failed to load '/Game/ThirdPersonBP/Blueprints/hud_assets/Armor_Icon': Can't find file.
[2020.05.27-06.27.53:103][  0]LoadErrors: Failed to load /Game/ThirdPersonBP/Blueprints/hud_assets/Armor_Icon Referenced by CharacterMesh0
[2020.05.27-06.27.53:104][  0]LogLinker: Warning: While loading 'C:/Users/haora/Documents/GitHub/ProjectA_V6/Content/ThirdPersonBP/Blueprints/hud.uasset' failed to load '/Game/ThirdPersonBP/Blueprints/hud_assets/Health_Icon': Can't find file.
[2020.05.27-06.27.53:104][  0]LoadErrors: Failed to load /Game/ThirdPersonBP/Blueprints/hud_assets/Health_Icon Referenced by CharacterMesh0
[2020.05.27-06.27.53:104][  0]LogLinker: Warning: While loading 'C:/Users/haora/Documents/GitHub/ProjectA_V6/Content/ThirdPersonBP/Blueprints/hud.uasset' failed to load '/Game/ThirdPersonBP/Blueprints/hud_assets/Health_Icon': Can't find file.
[2020.05.27-06.27.53:104][  0]LoadErrors: Failed to load /Game/ThirdPersonBP/Blueprints/hud_assets/Health_Icon Referenced by CharacterMesh0
[2020.05.27-06.27.53:104][  0]LogLinker: Warning: While loading 'C:/Users/haora/Documents/GitHub/ProjectA_V6/Content/ThirdPersonBP/Blueprints/hud.uasset' failed to load '/Game/ThirdPersonBP/Blueprints/hud_assets/Armor_Icon': Can't find file.
[2020.05.27-06.27.53:104][  0]LoadErrors: Failed to load /Game/ThirdPersonBP/Blueprints/hud_assets/Armor_Icon.Armor_Icon Referenced by CharacterMesh0
[2020.05.27-06.27.53:105][  0]LogLinker: Warning: While loading 'C:/Users/haora/Documents/GitHub/ProjectA_V6/Content/ThirdPersonBP/Blueprints/hud.uasset' failed to load '/Game/ThirdPersonBP/Blueprints/hud_assets/Armor_Icon': Can't find file.
[2020.05.27-06.27.53:105][  0]LoadErrors: Failed to load /Game/ThirdPersonBP/Blueprints/hud_assets/Armor_Icon.Armor_Icon Referenced by CharacterMesh0
[2020.05.27-06.27.53:105][  0]LogLinker: Warning: While loading 'C:/Users/haora/Documents/GitHub/ProjectA_V6/Content/ThirdPersonBP/Blueprints/hud.uasset' failed to load '/Game/ThirdPersonBP/Blueprints/hud_assets/Health_Icon': Can't find file.
[2020.05.27-06.27.53:105][  0]LoadErrors: Failed to load /Game/ThirdPersonBP/Blueprints/hud_assets/Health_Icon.Health_Icon Referenced by CharacterMesh0
[2020.05.27-06.27.53:105][  0]LogLinker: Warning: While loading 'C:/Users/haora/Documents/GitHub/ProjectA_V6/Content/ThirdPersonBP/Blueprints/hud.uasset' failed to load '/Game/ThirdPersonBP/Blueprints/hud_assets/Health_Icon': Can't find file.
[2020.05.27-06.27.53:105][  0]LoadErrors: Failed to load /Game/ThirdPersonBP/Blueprints/hud_assets/Health_Icon.Health_Icon Referenced by CharacterMesh0
[2020.05.27-06.27.53:106][  0]LogLinker: Warning: While loading 'C:/Users/haora/Documents/GitHub/ProjectA_V6/Content/ThirdPersonBP/Blueprints/hud.uasset' failed to load '/Game/ThirdPersonBP/Blueprints/hud_assets/Armor_Icon': Can't find file.
[2020.05.27-06.27.53:106][  0]LoadErrors: Failed to load /Game/ThirdPersonBP/Blueprints/hud_assets/Armor_Icon.Armor_Icon Referenced by Image_146
[2020.05.27-06.27.53:106][  0]LogLinker: Warning: While loading 'C:/Users/haora/Documents/GitHub/ProjectA_V6/Content/ThirdPersonBP/Blueprints/hud.uasset' failed to load '/Game/ThirdPersonBP/Blueprints/hud_assets/Armor_Icon': Can't find file.
[2020.05.27-06.27.53:106][  0]LoadErrors: Failed to load /Game/ThirdPersonBP/Blueprints/hud_assets/Armor_Icon.Armor_Icon Referenced by Image_146
[2020.05.27-06.27.53:106][  0]LogLinker: Warning: While loading 'C:/Users/haora/Documents/GitHub/ProjectA_V6/Content/ThirdPersonBP/Blueprints/hud.uasset' failed to load '/Game/ThirdPersonBP/Blueprints/hud_assets/Health_Icon': Can't find file.
[2020.05.27-06.27.53:106][  0]LoadErrors: Failed to load /Game/ThirdPersonBP/Blueprints/hud_assets/Health_Icon.Health_Icon Referenced by Image_435
[2020.05.27-06.27.53:107][  0]LogLinker: Warning: While loading 'C:/Users/haora/Documents/GitHub/ProjectA_V6/Content/ThirdPersonBP/Blueprints/hud.uasset' failed to load '/Game/ThirdPersonBP/Blueprints/hud_assets/Health_Icon': Can't find file.
[2020.05.27-06.27.53:107][  0]LoadErrors: Failed to load /Game/ThirdPersonBP/Blueprints/hud_assets/Health_Icon.Health_Icon Referenced by Image_435
[2020.05.27-06.27.53:131][  0]LogLinker: Warning: While loading 'C:/Users/haora/Documents/GitHub/ProjectA_V6/Content/ThirdPersonBP/Blueprints/hud.uasset' failed to load '/Game/ThirdPersonBP/Blueprints/hud_assets/Armor_Icon': Can't find file.
[2020.05.27-06.27.53:132][  0]LogLinker: Warning: While loading 'C:/Users/haora/Documents/GitHub/ProjectA_V6/Content/ThirdPersonBP/Blueprints/hud.uasset' failed to load '/Game/ThirdPersonBP/Blueprints/hud_assets/Armor_Icon': Can't find file.
[2020.05.27-06.27.53:132][  0]LogLinker: Warning: While loading 'C:/Users/haora/Documents/GitHub/ProjectA_V6/Content/ThirdPersonBP/Blueprints/hud.uasset' failed to load '/Game/ThirdPersonBP/Blueprints/hud_assets/Health_Icon': Can't find file.
[2020.05.27-06.27.53:132][  0]LogLinker: Warning: While loading 'C:/Users/haora/Documents/GitHub/ProjectA_V6/Content/ThirdPersonBP/Blueprints/hud.uasset' failed to load '/Game/ThirdPersonBP/Blueprints/hud_assets/Health_Icon': Can't find file.
[2020.05.27-06.27.53:133][  0]LogLinker: Warning: While loading 'C:/Users/haora/Documents/GitHub/ProjectA_V6/Content/ThirdPersonBP/Blueprints/hud.uasset' failed to load '/Game/ThirdPersonBP/Blueprints/hud_assets/Armor_Icon': Can't find file.
[2020.05.27-06.27.53:133][  0]LogLinker: Warning: While loading 'C:/Users/haora/Documents/GitHub/ProjectA_V6/Content/ThirdPersonBP/Blueprints/hud.uasset' failed to load '/Game/ThirdPersonBP/Blueprints/hud_assets/Armor_Icon': Can't find file.
[2020.05.27-06.27.53:133][  0]LogLinker: Warning: While loading 'C:/Users/haora/Documents/GitHub/ProjectA_V6/Content/ThirdPersonBP/Blueprints/hud.uasset' failed to load '/Game/ThirdPersonBP/Blueprints/hud_assets/Health_Icon': Can't find file.
[2020.05.27-06.27.53:133][  0]LogLinker: Warning: While loading 'C:/Users/haora/Documents/GitHub/ProjectA_V6/Content/ThirdPersonBP/Blueprints/hud.uasset' failed to load '/Game/ThirdPersonBP/Blueprints/hud_assets/Health_Icon': Can't find file.
[2020.05.27-06.27.53:419][  0]LogTexture: Display: Building textures: T_Clothes_ORM (AutoDXT, 2048X2048)
[2020.05.27-06.27.53:419][  0]LogTexture: Display: Building textures: T_Clothes_D (AutoDXT, 2048X2048)
[2020.05.27-06.27.53:419][  0]LogTexture: Display: Building textures: T_Hair_ORM (AutoDXT, 2048X2048)
[2020.05.27-06.27.53:419][  0]LogTexture: Display: Building textures: T_Head_ORM (AutoDXT, 2048X2048)
[2020.05.27-06.27.53:419][  0]LogTexture: Display: Building textures: T_Clothes_N (BC5, 2048X2048)
[2020.05.27-06.27.53:419][  0]LogTexture: Display: Building textures: T_Head_D (AutoDXT, 2048X2048)
[2020.05.27-06.27.53:419][  0]LogTexture: Display: Building textures: T_Hair_N (BC5, 2048X2048)
[2020.05.27-06.27.54:095][  0]LogTexture: Display: Building textures: T_Hair_D (AutoDXT, 2048X2048)
[2020.05.27-06.27.54:095][  0]LogMaterial: Display: Missing cached shader map for material M_Clothes_Master, compiling. 
[2020.05.27-06.27.54:275][  0]LogSkeletalMesh: Building Skeletal Mesh SK_Tubaki...
[2020.05.27-06.27.54:379][  0]LogShaderCompilers: Display: Worker (1/13): shaders left to compile 122
[2020.05.27-06.27.54:379][  0]LogShaderCompilers: Display: Worker (2/13): shaders left to compile 112
[2020.05.27-06.27.54:379][  0]LogShaderCompilers: Display: Worker (3/13): shaders left to compile 102
[2020.05.27-06.27.54:379][  0]LogShaderCompilers: Display: Worker (4/13): shaders left to compile 92
[2020.05.27-06.27.54:379][  0]LogShaderCompilers: Display: Worker (5/13): shaders left to compile 82
[2020.05.27-06.27.54:379][  0]LogShaderCompilers: Display: Worker (6/13): shaders left to compile 72
[2020.05.27-06.27.54:379][  0]LogShaderCompilers: Display: Worker (7/13): shaders left to compile 62
[2020.05.27-06.27.54:379][  0]LogShaderCompilers: Display: Worker (8/13): shaders left to compile 52
[2020.05.27-06.27.54:380][  0]LogShaderCompilers: Display: Worker (9/13): shaders left to compile 42
[2020.05.27-06.27.54:380][  0]LogShaderCompilers: Display: Worker (10/13): shaders left to compile 32
[2020.05.27-06.27.54:380][  0]LogShaderCompilers: Display: Worker (11/13): shaders left to compile 22
[2020.05.27-06.27.54:380][  0]LogShaderCompilers: Display: Worker (12/13): shaders left to compile 12
[2020.05.27-06.27.54:380][  0]LogShaderCompilers: Display: Worker (13/13): shaders left to compile 2
[2020.05.27-06.27.54:380][  0]LogSkeletalMesh: Built Skeletal Mesh [0.10s] /Game/FemaleMilitaryOfficer/Characters/Meshes/SK_Tubaki.SK_Tubaki
[2020.05.27-06.27.54:417][  0]LogMaterial: Display: Missing cached shader map for material M_Clothes_Master, compiling. 
[2020.05.27-06.27.54:488][  0]LogMaterial: Display: Missing cached shader map for material M_Head_Master, compiling. 
[2020.05.27-06.27.54:558][  0]LogMaterial: Display: Missing cached shader map for material M_Head_Master, compiling. 
[2020.05.27-06.27.54:631][  0]LogMaterial: Display: Missing cached shader map for material M_Head_Master, compiling. 
[2020.05.27-06.27.54:706][  0]LogMaterial: Display: Missing cached shader map for material M_Hair, compiling. 
[2020.05.27-06.27.54:767][  0]LogAnimationCompression: Building Anim DDC data for AnimSequence /Game/FemaleMilitaryOfficer/Animations/A_Idle_Gun02.A_Idle_Gun02
[2020.05.27-06.27.54:783][  0]LogAnimationCompression: Recompressing (AnimSequence /Game/FemaleMilitaryOfficer/Animations/A_Idle_Gun02.A_Idle_Gun02) using current/default (AnimCompress_BitwiseCompressOnly_0) bFirstRecompressUsingCurrentOrDefault(1) bTryAlternateCompressor(0) IsCompressedDataValid(0)
[2020.05.27-06.27.54:805][  0]LogAnimationCompression: Building Anim DDC data for AnimSequence /Game/FemaleMilitaryOfficer/Animations/A_Walk_Back_Gun.A_Walk_Back_Gun
[2020.05.27-06.27.54:805][  0]LogAnimationCompression: Recompressing (AnimSequence /Game/FemaleMilitaryOfficer/Animations/A_Walk_Back_Gun.A_Walk_Back_Gun) using current/default (AnimCompress_BitwiseCompressOnly_1) bFirstRecompressUsingCurrentOrDefault(1) bTryAlternateCompressor(0) IsCompressedDataValid(0)
[2020.05.27-06.27.54:807][  0]LogAnimationCompression: Building Anim DDC data for AnimSequence /Game/FemaleMilitaryOfficer/Animations/A_Walk.A_Walk
[2020.05.27-06.27.54:807][  0]LogAnimationCompression: Recompressing (AnimSequence /Game/FemaleMilitaryOfficer/Animations/A_Walk.A_Walk) using current/default (AnimCompress_BitwiseCompressOnly_1) bFirstRecompressUsingCurrentOrDefault(1) bTryAlternateCompressor(0) IsCompressedDataValid(0)
[2020.05.27-06.27.54:809][  0]LogAnimationCompression: Building Anim DDC data for AnimSequence /Game/FemaleMilitaryOfficer/Animations/A_SideWalk_Left.A_SideWalk_Left
[2020.05.27-06.27.54:809][  0]LogAnimationCompression: Recompressing (AnimSequence /Game/FemaleMilitaryOfficer/Animations/A_SideWalk_Left.A_SideWalk_Left) using current/default (AnimCompress_BitwiseCompressOnly_0) bFirstRecompressUsingCurrentOrDefault(1) bTryAlternateCompressor(0) IsCompressedDataValid(0)
[2020.05.27-06.27.54:811][  0]LogAnimationCompression: Building Anim DDC data for AnimSequence /Game/FemaleMilitaryOfficer/Animations/A_SideWalk_Right.A_SideWalk_Right
[2020.05.27-06.27.54:811][  0]LogAnimationCompression: Recompressing (AnimSequence /Game/FemaleMilitaryOfficer/Animations/A_SideWalk_Right.A_SideWalk_Right) using current/default (AnimCompress_BitwiseCompressOnly_0) bFirstRecompressUsingCurrentOrDefault(1) bTryAlternateCompressor(0) IsCompressedDataValid(0)
[2020.05.27-06.27.54:813][  0]LogAnimationCompression: Building Anim DDC data for AnimSequence /Game/FemaleMilitaryOfficer/Animations/A_Run_WithGun.A_Run_withGun
[2020.05.27-06.27.54:813][  0]LogAnimationCompression: Recompressing (AnimSequence /Game/FemaleMilitaryOfficer/Animations/A_Run_WithGun.A_Run_withGun) using current/default (AnimCompress_BitwiseCompressOnly_0) bFirstRecompressUsingCurrentOrDefault(1) bTryAlternateCompressor(0) IsCompressedDataValid(0)
[2020.05.27-06.27.54:817][  0]LogAIModule: Creating AISystem for world ThirdPersonExampleMap
[2020.05.27-06.27.54:835][  0]LogEditorServer: Finished looking for orphan Actors (0.000 secs)
[2020.05.27-06.27.54:870][  0]LogUObjectHash: Compacting FUObjectHashTables data took   4.59ms
[2020.05.27-06.27.54:876][  0]Cmd: MAP CHECKDEP NOCLEARLOG
[2020.05.27-06.27.54:876][  0]MapCheck: Map check complete: 0 Error(s), 0 Warning(s), took 0.457ms to complete.
[2020.05.27-06.27.54:876][  0]LogFileHelpers: Loading map 'ThirdPersonExampleMap' took 1.850
[2020.05.27-06.27.55:123][  0]LogSlate: Updating window title bar state: overlay mode, drag disabled, window buttons hidden, title bar hidden
[2020.05.27-06.27.55:144][  0]LogSlate: Updating window title bar state: overlay mode, drag disabled, window buttons hidden, title bar hidden
[2020.05.27-06.27.55:160][  0]LogSlate: Updating window title bar state: overlay mode, drag disabled, window buttons hidden, title bar hidden
[2020.05.27-06.27.55:177][  0]LogSlate: Updating window title bar state: overlay mode, drag disabled, window buttons hidden, title bar hidden
[2020.05.27-06.27.55:192][  0]LogCollectionManager: Loaded 0 collections in 0.004769 seconds
[2020.05.27-06.27.55:221][  0]LogFileCache: Scanning file cache for directory 'C:/Users/haora/Documents/GitHub/ProjectA_V6/Saved/Collections/' took 0.00s
[2020.05.27-06.27.55:221][  0]LogFileCache: Scanning file cache for directory 'C:/Users/haora/Documents/GitHub/ProjectA_V6/Content/Developers/haora/Collections/' took 0.00s
[2020.05.27-06.27.55:221][  0]LogFileCache: Scanning file cache for directory 'C:/Users/haora/Documents/GitHub/ProjectA_V6/Content/Collections/' took 0.00s
[2020.05.27-06.27.55:221][  0]LogContentBrowser: Native class hierarchy populated in 0.0153 seconds. Added 3015 classes and 717 folders.
[2020.05.27-06.27.55:226][  0]LogContentBrowser: Native class hierarchy updated for 'WidgetCarousel' in 0.0005 seconds. Added 0 classes and 0 folders.
[2020.05.27-06.27.55:492][  0]LogContentBrowser: Native class hierarchy updated for 'AddContentDialog' in 0.0005 seconds. Added 0 classes and 0 folders.
[2020.05.27-06.27.55:502][  0]LogContentBrowser: Native class hierarchy updated for 'SceneOutliner' in 0.0006 seconds. Added 2 classes and 3 folders.
[2020.05.27-06.27.55:558][  0]LogSlate: Took 0.000854 seconds to synchronously load lazily loaded font '../../../Engine/Content/Slate/Fonts/Roboto-Regular.ttf' (155K)
[2020.05.27-06.27.55:562][  0]LogSlate: Took 0.000568 seconds to synchronously load lazily loaded font '../../../Engine/Content/Slate/Fonts/Roboto-Bold.ttf' (160K)
[2020.05.27-06.27.55:572][  0]LogSlate: Took 0.000571 seconds to synchronously load lazily loaded font '../../../Engine/Content/Editor/Slate/Fonts/FontAwesome.ttf' (139K)
[2020.05.27-06.27.55:733][  0]LogRenderer: Reallocating scene render targets to support 1616x808 Format 10 NumSamples 1 (Frame:1).
[2020.05.27-06.27.56:022][  0]LogContentBrowser: Native class hierarchy updated for 'HierarchicalLODOutliner' in 0.0006 seconds. Added 0 classes and 0 folders.
[2020.05.27-06.27.56:022][  0]LogLoad: (Engine Initialization) Total time: 15.98 seconds
[2020.05.27-06.27.56:022][  0]LogLoad: (Engine Initialization) Total Blueprint compile time: 0.00 seconds
[2020.05.27-06.27.56:096][  0]LogContentStreaming: Texture pool size now 1000 MB
[2020.05.27-06.27.56:379][  2]LogAssetRegistry: Asset discovery search completed in 9.3334 seconds
[2020.05.27-06.27.56:388][  2]LogCollectionManager: Fixed up redirectors for 0 collections in 0.000028 seconds (updated 0 objects)
[2020.05.27-06.27.59:945][173]LogShaderCompilers: Display: Worker (8/13): shaders left to compile 437
[2020.05.27-06.28.00:435][202]LogShaderCompilers: Display: Worker (11/13): shaders left to compile 427
[2020.05.27-06.28.00:946][228]LogShaderCompilers: Display: Worker (9/13): shaders left to compile 417
[2020.05.27-06.28.00:995][231]LogShaderCompilers: Display: Worker (1/13): shaders left to compile 407
[2020.05.27-06.28.01:172][243]LogShaderCompilers: Display: Worker (6/13): shaders left to compile 397
[2020.05.27-06.28.01:613][272]LogSlate: Window 'Message Log' being destroyed
[2020.05.27-06.28.01:626][272]LogSlate: Window 'Message Log' being destroyed
[2020.05.27-06.28.01:777][284]LogShaderCompilers: Display: Worker (12/13): shaders left to compile 387
[2020.05.27-06.28.01:844][289]LogShaderCompilers: Display: Worker (4/13): shaders left to compile 377
[2020.05.27-06.28.02:111][307]LogShaderCompilers: Display: Worker (7/13): shaders left to compile 367
[2020.05.27-06.28.02:124][308]LogShaderCompilers: Display: Worker (10/13): shaders left to compile 357
[2020.05.27-06.28.02:231][317]LogShaderCompilers: Display: Worker (3/13): shaders left to compile 347
[2020.05.27-06.28.02:771][350]LogShaderCompilers: Display: Worker (5/13): shaders left to compile 337
[2020.05.27-06.28.03:078][371]LogShaderCompilers: Display: Worker (2/13): shaders left to compile 327
[2020.05.27-06.28.03:702][410]LogEditorViewport: Clicking on Actor (context menu): StaticMeshActor (Floor)
[2020.05.27-06.28.06:078][517]LogShaderCompilers: Display: Worker (8/13): shaders left to compile 317
[2020.05.27-06.28.07:008][546]LogShaderCompilers: Display: Worker (7/13): shaders left to compile 307
[2020.05.27-06.28.07:876][583]LogShaderCompilers: Display: Worker (9/13): shaders left to compile 297
[2020.05.27-06.28.08:006][591]LogShaderCompilers: Display: Worker (1/13): shaders left to compile 287
[2020.05.27-06.28.08:168][601]LogShaderCompilers: Display: Worker (12/13): shaders left to compile 277
[2020.05.27-06.28.08:184][602]LogShaderCompilers: Display: Worker (10/13): shaders left to compile 267
[2020.05.27-06.28.08:184][602]LogShaderCompilers: Display: Worker (5/13): shaders left to compile 257
[2020.05.27-06.28.08:615][625]LogShaderCompilers: Display: Worker (11/13): shaders left to compile 247
[2020.05.27-06.28.08:770][634]LogShaderCompilers: Display: Worker (3/13): shaders left to compile 237
[2020.05.27-06.28.08:938][645]LogShaderCompilers: Display: Worker (4/13): shaders left to compile 227
[2020.05.27-06.28.09:198][658]LogShaderCompilers: Display: Worker (2/13): shaders left to compile 217
[2020.05.27-06.28.09:415][670]LogShaderCompilers: Display: Worker (6/13): shaders left to compile 207
[2020.05.27-06.28.12:973][856]LogShaderCompilers: Display: Worker (8/13): shaders left to compile 197
[2020.05.27-06.28.13:957][908]LogShaderCompilers: Display: Worker (3/13): shaders left to compile 187
[2020.05.27-06.28.14:110][916]LogShaderCompilers: Display: Worker (5/13): shaders left to compile 177
[2020.05.27-06.28.14:602][942]LogShaderCompilers: Display: Worker (7/13): shaders left to compile 167
[2020.05.27-06.28.14:881][957]LogShaderCompilers: Display: Worker (12/13): shaders left to compile 157
[2020.05.27-06.28.14:901][958]LogShaderCompilers: Display: Worker (10/13): shaders left to compile 147
[2020.05.27-06.28.15:387][985]LogShaderCompilers: Display: Worker (1/13): shaders left to compile 137
[2020.05.27-06.28.15:456][989]LogShaderCompilers: Display: Worker (9/13): shaders left to compile 127
[2020.05.27-06.28.15:473][990]LogShaderCompilers: Display: Worker (11/13): shaders left to compile 117
[2020.05.27-06.28.16:768][ 50]LogShaderCompilers: Display: Worker (6/13): shaders left to compile 107
[2020.05.27-06.28.16:916][ 59]LogShaderCompilers: Display: Worker (2/13): shaders left to compile 98
[2020.05.27-06.28.16:917][ 59]LogShaderCompilers: Display: Worker (4/13): shaders left to compile 89
[2020.05.27-06.28.20:228][174]LogShaderCompilers: Display: Worker (5/13): shaders left to compile 80
[2020.05.27-06.28.20:270][176]LogShaderCompilers: Display: Worker (8/13): shaders left to compile 73
[2020.05.27-06.28.20:359][181]LogShaderCompilers: Display: Worker (3/13): shaders left to compile 66
[2020.05.27-06.28.20:532][191]LogShaderCompilers: Display: Worker (10/13): shaders left to compile 60
[2020.05.27-06.28.20:961][212]LogShaderCompilers: Display: Worker (7/13): shaders left to compile 54
[2020.05.27-06.28.21:372][234]LogShaderCompilers: Display: Worker (12/13): shaders left to compile 49
[2020.05.27-06.28.22:790][287]LogShaderCompilers: Display: Worker (9/13): shaders left to compile 44
[2020.05.27-06.28.22:835][289]LogShaderCompilers: Display: Worker (11/13): shaders left to compile 40
[2020.05.27-06.28.22:950][293]LogShaderCompilers: Display: Worker (4/13): shaders left to compile 36
[2020.05.27-06.28.22:977][294]LogShaderCompilers: Display: Worker (7/13): shaders left to compile 32
[2020.05.27-06.28.23:117][299]LogShaderCompilers: Display: Worker (2/13): shaders left to compile 29
[2020.05.27-06.28.23:298][306]LogShaderCompilers: Display: Worker (1/13): shaders left to compile 26
[2020.05.27-06.28.23:441][311]LogShaderCompilers: Display: Worker (6/13): shaders left to compile 23
[2020.05.27-06.28.23:991][332]LogShaderCompilers: Display: Worker (10/13): shaders left to compile 21
[2020.05.27-06.28.24:414][348]LogShaderCompilers: Display: Worker (3/13): shaders left to compile 19
[2020.05.27-06.28.24:512][352]LogShaderCompilers: Display: Worker (5/13): shaders left to compile 17
[2020.05.27-06.28.24:658][358]LogShaderCompilers: Display: Worker (6/13): shaders left to compile 15
[2020.05.27-06.28.24:937][369]LogShaderCompilers: Display: Worker (7/13): shaders left to compile 13
[2020.05.27-06.28.24:965][370]LogShaderCompilers: Display: Worker (8/13): shaders left to compile 11
[2020.05.27-06.28.25:011][371]LogShaderCompilers: Display: Worker (4/13): shaders left to compile 10
[2020.05.27-06.28.25:133][375]LogShaderCompilers: Display: Worker (5/13): shaders left to compile 9
[2020.05.27-06.28.25:184][377]LogShaderCompilers: Display: Worker (2/13): shaders left to compile 8
[2020.05.27-06.28.25:268][380]LogShaderCompilers: Display: Worker (10/13): shaders left to compile 7
[2020.05.27-06.28.25:506][386]LogShaderCompilers: Display: Worker (1/13): shaders left to compile 6
[2020.05.27-06.28.25:558][388]LogShaderCompilers: Display: Worker (12/13): shaders left to compile 5
[2020.05.27-06.28.25:643][391]LogShaderCompilers: Display: Worker (5/13): shaders left to compile 4
[2020.05.27-06.28.25:739][395]LogShaderCompilers: Display: Worker (3/13): shaders left to compile 3
[2020.05.27-06.28.25:806][398]LogShaderCompilers: Display: Worker (6/13): shaders left to compile 2
[2020.05.27-06.28.25:806][398]LogShaderCompilers: Display: Worker (8/13): shaders left to compile 1
[2020.05.27-06.29.21:801][441]LogSlate: Took 0.000395 seconds to synchronously load lazily loaded font '../../../Engine/Content/Slate/Fonts/Roboto-Light.ttf' (167K)
[2020.05.27-06.29.33:597][441]LogSlate: Window 'Pick Parent Class' being destroyed
[2020.05.27-06.30.17:643][785]LogAssetEditorSubsystem: Opening Asset editor for Blueprint /Game/ThirdPersonBP/Blueprints/ThirdPersonGameMode.ThirdPersonGameMode
[2020.05.27-06.30.17:801][785]LogContentBrowser: Native class hierarchy updated for 'BlueprintGraph' in 0.0006 seconds. Added 121 classes and 0 folders.
[2020.05.27-06.30.21:036][ 10]LogSlate: Window 'ThirdPersonGameMode' being destroyed
[2020.05.27-06.30.21:045][ 10]LogSlate: Window 'ThirdPersonGameMode' being destroyed
[2020.05.27-06.30.21:054][ 10]LogWorld: UWorld::CleanupWorld for World_5, bSessionEnded=true, bCleanupResources=true
[2020.05.27-06.30.21:055][ 10]LogSlate: InvalidateAllWidgets triggered.  All widgets were invalidated
[2020.05.27-06.30.25:763][433]LogAssetEditorSubsystem: Opening Asset editor for Blueprint /Game/ThirdPersonBP/Blueprints/ThirdPersonCharacter.ThirdPersonCharacter
[2020.05.27-06.30.26:136][433]LogSlate: Took 0.000412 seconds to synchronously load lazily loaded font '../../../Engine/Content/Slate/Fonts/Roboto-BoldCondensed.ttf' (158K)
[2020.05.27-06.30.26:275][434]LogSlate: Took 0.000431 seconds to synchronously load lazily loaded font '../../../Engine/Content/Slate/Fonts/Roboto-Italic.ttf' (157K)
[2020.05.27-06.30.57:848][ 70]LogLinker: Failed to load '/Game/Grenade': Can't find file.
[2020.05.27-06.30.57:849][ 70]LogLinker: Failed to load '/Game/Grenade': Can't find file.
[2020.05.27-06.30.57:850][ 70]LogLinker: Failed to load '/Game/FirstPersonBP/Blueprints/FirstPersonCharacter': Can't find file.
[2020.05.27-06.30.57:850][ 70]LogLinker: Failed to load '/Game/FirstPersonBP/Blueprints/FirstPersonCharacter': Can't find file.
[2020.05.27-06.31.54:011][264]LogEditorTransaction: Undo Paste clipboard contents
[2020.05.27-06.31.55:884][375]LogEditorTransaction: Undo Paste clipboard contents
[2020.05.27-06.31.57:249][480]LogEditorTransaction: Undo Paste clipboard contents
[2020.05.27-06.34.28:634][992]LogSlate: Prevented a slow task dialog from being summoned while a context menu was open
[2020.05.27-06.35.06:289][775]LogAssetTools: Warning: Failed to import 'C:\Users\haora\Documents\Unreal Projects\MyProject3\Content\Grenade.uasset'. Unknown extension 'uasset'.
[2020.05.27-06.35.16:473][994]LogSlate: Window 'Pick Parent Class' being destroyed
[2020.05.27-06.35.22:323][493]LogAssetEditorSubsystem: Opening Asset editor for Blueprint /Game/ThirdPersonBP/Blueprints/Grenade.Grenade
[2020.05.27-06.40.14:457][336]LogUObjectHash: Compacting FUObjectHashTables data took   7.16ms
[2020.05.27-06.40.14:803][336]LogSavePackage: Moving 'C:/Users/haora/Documents/GitHub/ProjectA_V6/Saved/ThirdPersonExampleMap_Auto10062696A46A2B5AC34F6E4AABB0E227B.tmp' to 'C:/Users/haora/Documents/GitHub/ProjectA_V6/Saved/Autosaves/Game/ThirdPersonBP/Maps/ThirdPersonExampleMap_Auto1.umap'
[2020.05.27-06.40.14:807][336]LogFileHelpers: Editor autosave (incl. sublevels) for '/Game/ThirdPersonBP/Maps/ThirdPersonExampleMap' took 0.437
[2020.05.27-06.40.14:807][336]LogFileHelpers: Editor autosave (incl. sublevels) for all levels took 0.437
[2020.05.27-06.40.14:808][336]OBJ SavePackage: Generating thumbnails for [1] asset(s) in package [/Game/ThirdPersonBP/Blueprints/ThirdPersonCharacter] ([1] browsable assets)...
[2020.05.27-06.40.14:830][336]OBJ SavePackage:     Rendered thumbnail for [Blueprint /Game/ThirdPersonBP/Blueprints/ThirdPersonCharacter.ThirdPersonCharacter]
[2020.05.27-06.40.14:830][336]OBJ SavePackage: Finished generating thumbnails for package [/Game/ThirdPersonBP/Blueprints/ThirdPersonCharacter]
[2020.05.27-06.40.14:912][336]LogSavePackage: Moving 'C:/Users/haora/Documents/GitHub/ProjectA_V6/Saved/ThirdPersonCharacter_Auto160F4390F47C783D23832E9934C5EAADB.tmp' to 'C:/Users/haora/Documents/GitHub/ProjectA_V6/Saved/Autosaves/Game/ThirdPersonBP/Blueprints/ThirdPersonCharacter_Auto1.uasset'
[2020.05.27-06.40.14:916][336]OBJ SavePackage: Generating thumbnails for [1] asset(s) in package [/Game/ThirdPersonBP/Blueprints/Grenade] ([1] browsable assets)...
[2020.05.27-06.40.14:938][336]OBJ SavePackage:     Rendered thumbnail for [Blueprint /Game/ThirdPersonBP/Blueprints/Grenade.Grenade]
[2020.05.27-06.40.14:938][336]OBJ SavePackage: Finished generating thumbnails for package [/Game/ThirdPersonBP/Blueprints/Grenade]
[2020.05.27-06.40.14:952][336]LogSavePackage: Moving 'C:/Users/haora/Documents/GitHub/ProjectA_V6/Saved/Grenade_Auto187D1E3EE48F2F70D1160009F21C079AE.tmp' to 'C:/Users/haora/Documents/GitHub/ProjectA_V6/Saved/Autosaves/Game/ThirdPersonBP/Blueprints/Grenade_Auto1.uasset'
[2020.05.27-06.40.14:955][336]LogFileHelpers: Auto-saving content packages took 0.148
[2020.05.27-06.44.45:796][967]LogSlate: Prevented a slow task dialog from being summoned while a context menu was open
[2020.05.27-06.45.07:537][388]Cmd: OBJ SAVEPACKAGE PACKAGE="/Game/ThirdPersonBP/Blueprints/Grenade" FILE="C:/Users/haora/Documents/GitHub/ProjectA_V6/Content/ThirdPersonBP/Blueprints/Grenade.uasset" SILENT=true
[2020.05.27-06.45.07:545][388]LogSavePackage: Moving 'C:/Users/haora/Documents/GitHub/ProjectA_V6/Saved/Grenade249EAF614223C5D65D75958012019DE4.tmp' to 'C:/Users/haora/Documents/GitHub/ProjectA_V6/Content/ThirdPersonBP/Blueprints/Grenade.uasset'
[2020.05.27-06.45.07:569][388]AssetCheck: New page: Asset Save: Grenade
[2020.05.27-06.45.07:569][388]LogContentValidation: Display: Validating Blueprint /Game/ThirdPersonBP/Blueprints/Grenade.Grenade
[2020.05.27-06.45.07:972][418]BlueprintLog: New page: Compile Grenade
[2020.05.27-06.45.08:309][418]LogUObjectHash: Compacting FUObjectHashTables data took   4.43ms
[2020.05.27-06.45.09:649][525]Cmd: OBJ SAVEPACKAGE PACKAGE="/Game/ThirdPersonBP/Blueprints/Grenade" FILE="C:/Users/haora/Documents/GitHub/ProjectA_V6/Content/ThirdPersonBP/Blueprints/Grenade.uasset" SILENT=true
[2020.05.27-06.45.09:669][525]LogSavePackage: Moving 'C:/Users/haora/Documents/GitHub/ProjectA_V6/Saved/Grenade1E3E716245262FA1E4E636A5A80C2C64.tmp' to 'C:/Users/haora/Documents/GitHub/ProjectA_V6/Content/ThirdPersonBP/Blueprints/Grenade.uasset'
[2020.05.27-06.45.09:688][525]AssetCheck: New page: Asset Save: Grenade
[2020.05.27-06.45.09:688][525]LogContentValidation: Display: Validating Blueprint /Game/ThirdPersonBP/Blueprints/Grenade.Grenade
