Log file open, 05/27/20 21:54:29
LogWindows: Failed to load 'aqProf.dll' (GetLastError=126)
LogWindows: File 'aqProf.dll' does not exist
LogWindows: Failed to load 'VtuneApi.dll' (GetLastError=126)
LogWindows: File 'VtuneApi.dll' does not exist
LogWindows: Failed to load 'VtuneApi32e.dll' (GetLastError=126)
LogWindows: File 'VtuneApi32e.dll' does not exist
LogConsoleResponse: Display: Failed to find resolution value strings in scalability ini. Falling back to default.
LogInit: Display: Running engine for game: ProjectA_V7
LogPlatformFile: Not using cached read wrapper
LogTaskGraph: Started task graph with 5 named threads and 47 total threads with 3 sets of task threads.
LogStats: Stats thread started at 0.155993
LogD3D11RHI: Loaded GFSDK_Aftermath_Lib.x64.dll
LogICUInternationalization: ICU TimeZone Detection - Raw Offset: -8:00, Platform Override: ''
LogPluginManager: Mounting plugin Paper2D
LogPluginManager: Mounting plugin AISupport
LogPluginManager: Mounting plugin LightPropagationVolume
LogPluginManager: Mounting plugin ActorLayerUtilities
LogPluginManager: Mounting plugin AnimationSharing
LogPluginManager: Mounting plugin CLionSourceCodeAccess
LogPluginManager: Mounting plugin CodeLiteSourceCodeAccess
LogPluginManager: Mounting plugin GitSourceControl
LogPluginManager: Mounting plugin KDevelopSourceCodeAccess
LogPluginManager: Mounting plugin NullSourceCodeAccess
LogPluginManager: Mounting plugin PerforceSourceControl
LogPluginManager: Mounting plugin PlasticSourceControl
LogPluginManager: Mounting plugin SubversionSourceControl
LogPluginManager: Mounting plugin UObjectPlugin
LogPluginManager: Mounting plugin VisualStudioCodeSourceCodeAccess
LogPluginManager: Mounting plugin VisualStudioSourceCodeAccess
LogPluginManager: Mounting plugin XCodeSourceCodeAccess
LogPluginManager: Mounting plugin AssetManagerEditor
LogPluginManager: Mounting plugin CryptoKeys
LogPluginManager: Mounting plugin CurveEditorTools
LogPluginManager: Mounting plugin DataValidation
LogPluginManager: Mounting plugin FacialAnimation
LogPluginManager: Mounting plugin GameplayTagsEditor
LogPluginManager: Mounting plugin MacGraphicsSwitching
LogPluginManager: Mounting plugin MaterialAnalyzer
LogPluginManager: Mounting plugin MobileLauncherProfileWizard
LogPluginManager: Mounting plugin PluginBrowser
LogPluginManager: Mounting plugin SpeedTreeImporter
LogPluginManager: Mounting plugin DatasmithContent
LogPluginManager: Mounting plugin VariantManagerContent
LogPluginManager: Mounting plugin AlembicImporter
LogPluginManager: Mounting plugin AutomationUtils
LogPluginManager: Mounting plugin BackChannel
LogPluginManager: Mounting plugin CharacterAI
LogPluginManager: Mounting plugin GeometryCache
LogPluginManager: Mounting plugin PlatformCrypto
LogPluginManager: Mounting plugin ProxyLODPlugin
LogPluginManager: Mounting plugin SkeletalReduction
LogPluginManager: Mounting plugin MagicLeap
LogPluginManager: Mounting plugin MagicLeapMedia
LogPluginManager: Mounting plugin MLSDK
LogPluginManager: Mounting plugin AndroidMedia
LogPluginManager: Mounting plugin AvfMedia
LogPluginManager: Mounting plugin ImgMedia
LogPluginManager: Mounting plugin MediaCompositing
LogPluginManager: Mounting plugin MediaPlayerEditor
LogPluginManager: Mounting plugin WebMMedia
LogPluginManager: Mounting plugin WmfMedia
LogPluginManager: Mounting plugin TcpMessaging
LogPluginManager: Mounting plugin UdpMessaging
LogPluginManager: Mounting plugin ActorSequence
LogPluginManager: Mounting plugin LevelSequenceEditor
LogPluginManager: Mounting plugin MatineeToLevelSequence
LogPluginManager: Mounting plugin NetcodeUnitTest
LogPluginManager: Mounting plugin NUTUnrealEngine4
LogPluginManager: Mounting plugin OnlineSubsystemGooglePlay
LogPluginManager: Mounting plugin OnlineSubsystemIOS
LogPluginManager: Mounting plugin OnlineSubsystem
LogPluginManager: Mounting plugin OnlineSubsystemNull
LogPluginManager: Mounting plugin OnlineSubsystemUtils
LogPluginManager: Mounting plugin LauncherChunkInstaller
LogPluginManager: Mounting plugin AndroidDeviceProfileSelector
LogPluginManager: Mounting plugin AndroidMoviePlayer
LogPluginManager: Mounting plugin AndroidPermission
LogPluginManager: Mounting plugin AppleImageUtils
LogPluginManager: Mounting plugin AppleMoviePlayer
LogPluginManager: Mounting plugin ArchVisCharacter
LogPluginManager: Mounting plugin AssetTags
LogPluginManager: Mounting plugin AudioCapture
LogPluginManager: Mounting plugin CableComponent
LogPluginManager: Mounting plugin CustomMeshComponent
LogPluginManager: Mounting plugin EditableMesh
LogPluginManager: Mounting plugin ExampleDeviceProfileSelector
LogPluginManager: Mounting plugin GoogleCloudMessaging
LogPluginManager: Mounting plugin IOSDeviceProfileSelector
LogPluginManager: Mounting plugin LinuxDeviceProfileSelector
LogPluginManager: Mounting plugin LocationServicesBPLibrary
LogPluginManager: Mounting plugin MobilePatchingUtils
LogPluginManager: Mounting plugin OculusVR
LogPluginManager: Mounting plugin PhysXVehicles
LogPluginManager: Mounting plugin PostSplashScreen
LogPluginManager: Mounting plugin ProceduralMeshComponent
LogPluginManager: Mounting plugin RuntimePhysXCooking
LogPluginManager: Mounting plugin SignificanceManager
LogPluginManager: Mounting plugin SteamVR
LogPluginManager: Mounting plugin WebMMoviePlayer
LogPluginManager: Mounting plugin WindowsMoviePlayer
LogPluginManager: Mounting plugin ScreenshotTools
LogInit: Using libcurl 7.55.1-DEV
LogInit:  - built for x86_64-pc-win32
LogInit:  - supports SSL with OpenSSL/1.1.1
LogInit:  - supports HTTP deflate (compression) using libz 1.2.8
LogInit:  - other features:
LogInit:      CURL_VERSION_SSL
LogInit:      CURL_VERSION_LIBZ
LogInit:      CURL_VERSION_IPV6
LogInit:      CURL_VERSION_ASYNCHDNS
LogInit:      CURL_VERSION_LARGEFILE
LogInit:      CURL_VERSION_IDN
LogInit:  CurlRequestOptions (configurable via config and command line):
LogInit:  - bVerifyPeer = true  - Libcurl will verify peer certificate
LogInit:  - bUseHttpProxy = false  - Libcurl will NOT use HTTP proxy
LogInit:  - bDontReuseConnections = false  - Libcurl will reuse connections
LogInit:  - MaxHostConnections = 16  - Libcurl will limit the number of connections to a host
LogInit:  - LocalHostAddr = Default
LogInit:  - BufferSize = 65536
LogOnline: OSS: Creating online subsystem instance for: NULL
LogInit: WinSock: version 1.1 (2.2), MaxSocks=32767, MaxUdp=65467
LogOnline: OSS: TryLoadSubsystemAndSetDefault: Loaded subsystem for module [NULL]
LogInit: Build: ++UE4+Release-4.24-CL-11590370
LogInit: Engine Version: 4.24.3-11590370+++UE4+Release-4.24
LogInit: Compatible Engine Version: 4.24.0-10570792+++UE4+Release-4.24
LogInit: Net CL: 10570792
LogInit: OS: Windows 10 (Release 2004) (), CPU: AMD Ryzen 7 2700X Eight-Core Processor         , GPU: NVIDIA GeForce RTX 2080
LogInit: Compiled (64-bit): Feb 24 2020 15:39:18
LogInit: Compiled with Visual C++: 19.16.27032.01
LogInit: Build Configuration: Development
LogInit: Branch Name: ++UE4+Release-4.24
LogInit: Command Line: 
LogInit: Base Directory: D:/Program Files/Epic Games/UE_4.24/Engine/Binaries/Win64/
LogInit: Installed Engine Build: 1
LogDevObjectVersion: Number of dev versions registered: 25
LogDevObjectVersion:   Dev-Blueprints (B0D832E4-1F89-4F0D-ACCF-7EB736FD4AA2): 10
LogDevObjectVersion:   Dev-Build (E1C64328-A22C-4D53-A36C-8E866417BD8C): 0
LogDevObjectVersion:   Dev-Core (375EC13C-06E4-48FB-B500-84F0262A717E): 3
LogDevObjectVersion:   Dev-Editor (E4B068ED-F494-42E9-A231-DA0B2E46BB41): 37
LogDevObjectVersion:   Dev-Framework (CFFC743F-43B0-4480-9391-14DF171D2073): 36
LogDevObjectVersion:   Dev-Mobile (B02B49B5-BB20-44E9-A304-32B752E40360): 2
LogDevObjectVersion:   Dev-Networking (A4E4105C-59A1-49B5-A7C5-40C4547EDFEE): 0
LogDevObjectVersion:   Dev-Online (39C831C9-5AE6-47DC-9A44-9C173E1C8E7C): 0
LogDevObjectVersion:   Dev-Physics (78F01B33-EBEA-4F98-B9B4-84EACCB95AA2): 2
LogDevObjectVersion:   Dev-Platform (6631380F-2D4D-43E0-8009-CF276956A95A): 0
LogDevObjectVersion:   Dev-Rendering (12F88B9F-8875-4AFC-A67C-D90C383ABD29): 36
LogDevObjectVersion:   Dev-Sequencer (7B5AE74C-D270-4C10-A958-57980B212A5A): 11
LogDevObjectVersion:   Dev-VR (D7296918-1DD6-4BDD-9DE2-64A83CC13884): 2
LogDevObjectVersion:   Dev-LoadTimes (C2A15278-BFE7-4AFE-6C17-90FF531DF755): 1
LogDevObjectVersion:   Private-Geometry (6EACA3D4-40EC-4CC1-B786-8BED09428FC5): 3
LogDevObjectVersion:   Dev-AnimPhys (29E575DD-E0A3-4627-9D10-D276232CDCEA): 17
LogDevObjectVersion:   Dev-Anim (AF43A65D-7FD3-4947-9873-3E8ED9C1BB05): 2
LogDevObjectVersion:   Dev-ReflectionCapture (6B266CEC-1EC7-4B8F-A30B-E4D90942FC07): 1
LogDevObjectVersion:   Dev-Automation (0DF73D61-A23F-47EA-B727-89E90C41499A): 1
LogDevObjectVersion:   FortniteMain (601D1886-AC64-4F84-AA16-D3DE0DEAC7D6): 31
LogDevObjectVersion:   Dev-Enterprise (9DFFBCD6-494F-0158-E221-12823C92A888): 8
LogDevObjectVersion:   Dev-Niagara (F2AED0AC-9AFE-416F-8664-AA7FFA26D6FC): 1
LogDevObjectVersion:   Dev-Destruction (174F1F0B-B4C6-45A5-B13F-2EE8D0FB917D): 9
LogDevObjectVersion:   Dev-Physics-Ext (35F94A83-E258-406C-A318-09F59610247C): 8
LogDevObjectVersion:   Dev-CineCamera (B2E18506-4273-CFC2-A54E-F4BB758BBA07): 1
LogInit: Presizing for max 25165824 objects, including 0 objects not considered by GC, pre-allocating 0 bytes for permanent pool.
LogInit: Object subsystem initialized
LogConfig: Setting CVar [[con.DebugEarlyDefault:1]]
LogConfig: Setting CVar [[r.setres:1280x720]]
[2020.05.28-04.54.29:707][  0]LogConfig: Setting CVar [[r.VSync:0]]
[2020.05.28-04.54.29:707][  0]LogConfig: Setting CVar [[r.RHICmdBypass:0]]
[2020.05.28-04.54.29:707][  0]LogConfig: Applying CVar settings from Section [/Script/Engine.RendererSettings] File [C:/Users/haora/Documents/GitHub/ProjectA_V7/Saved/Config/Windows/Engine.ini]
[2020.05.28-04.54.29:707][  0]LogConfig: Setting CVar [[r.GPUCrashDebugging:0]]
[2020.05.28-04.54.29:707][  0]LogConfig: Applying CVar settings from Section [/Script/Engine.RendererOverrideSettings] File [C:/Users/haora/Documents/GitHub/ProjectA_V7/Saved/Config/Windows/Engine.ini]
[2020.05.28-04.54.29:707][  0]LogConfig: Applying CVar settings from Section [/Script/Engine.StreamingSettings] File [C:/Users/haora/Documents/GitHub/ProjectA_V7/Saved/Config/Windows/Engine.ini]
[2020.05.28-04.54.29:707][  0]LogConfig: Setting CVar [[s.MinBulkDataSizeForAsyncLoading:131072]]
[2020.05.28-04.54.29:707][  0]LogConfig: Setting CVar [[s.AsyncLoadingThreadEnabled:0]]
[2020.05.28-04.54.29:707][  0]LogConfig: Setting CVar [[s.EventDrivenLoaderEnabled:1]]
[2020.05.28-04.54.29:707][  0]LogConfig: Setting CVar [[s.WarnIfTimeLimitExceeded:0]]
[2020.05.28-04.54.29:707][  0]LogConfig: Setting CVar [[s.TimeLimitExceededMultiplier:1.5]]
[2020.05.28-04.54.29:707][  0]LogConfig: Setting CVar [[s.TimeLimitExceededMinTime:0.005]]
[2020.05.28-04.54.29:707][  0]LogConfig: Setting CVar [[s.UseBackgroundLevelStreaming:1]]
[2020.05.28-04.54.29:707][  0]LogConfig: Setting CVar [[s.PriorityAsyncLoadingExtraTime:15.0]]
[2020.05.28-04.54.29:707][  0]LogConfig: Setting CVar [[s.LevelStreamingActorsUpdateTimeLimit:5.0]]
[2020.05.28-04.54.29:707][  0]LogConfig: Setting CVar [[s.PriorityLevelStreamingActorsUpdateExtraTime:5.0]]
[2020.05.28-04.54.29:707][  0]LogConfig: Setting CVar [[s.LevelStreamingComponentsRegistrationGranularity:10]]
[2020.05.28-04.54.29:707][  0]LogConfig: Setting CVar [[s.UnregisterComponentsTimeLimit:1.0]]
[2020.05.28-04.54.29:707][  0]LogConfig: Setting CVar [[s.LevelStreamingComponentsUnregistrationGranularity:5]]
[2020.05.28-04.54.29:707][  0]LogConfig: Setting CVar [[s.FlushStreamingOnExit:1]]
[2020.05.28-04.54.29:707][  0]LogConfig: Applying CVar settings from Section [/Script/Engine.GarbageCollectionSettings] File [C:/Users/haora/Documents/GitHub/ProjectA_V7/Saved/Config/Windows/Engine.ini]
[2020.05.28-04.54.29:707][  0]LogConfig: Setting CVar [[gc.MaxObjectsNotConsideredByGC:1]]
[2020.05.28-04.54.29:707][  0]LogConfig: Setting CVar [[gc.SizeOfPermanentObjectPool:0]]
[2020.05.28-04.54.29:707][  0]LogConfig: Setting CVar [[gc.FlushStreamingOnGC:0]]
[2020.05.28-04.54.29:707][  0]LogConfig: Setting CVar [[gc.NumRetriesBeforeForcingGC:10]]
[2020.05.28-04.54.29:707][  0]LogConfig: Setting CVar [[gc.AllowParallelGC:1]]
[2020.05.28-04.54.29:707][  0]LogConfig: Setting CVar [[gc.TimeBetweenPurgingPendingKillObjects:61.1]]
[2020.05.28-04.54.29:707][  0]LogConfig: Setting CVar [[gc.MaxObjectsInEditor:25165824]]
[2020.05.28-04.54.29:708][  0]LogConfig: Setting CVar [[gc.IncrementalBeginDestroyEnabled:1]]
[2020.05.28-04.54.29:708][  0]LogConfig: Setting CVar [[gc.CreateGCClusters:1]]
[2020.05.28-04.54.29:708][  0]LogConfig: Setting CVar [[gc.MinGCClusterSize:5]]
[2020.05.28-04.54.29:708][  0]LogConfig: Setting CVar [[gc.ActorClusteringEnabled:0]]
[2020.05.28-04.54.29:708][  0]LogConfig: Setting CVar [[gc.BlueprintClusteringEnabled:0]]
[2020.05.28-04.54.29:708][  0]LogConfig: Setting CVar [[gc.UseDisregardForGCOnDedicatedServers:0]]
[2020.05.28-04.54.29:708][  0]LogConfig: Applying CVar settings from Section [/Script/Engine.NetworkSettings] File [C:/Users/haora/Documents/GitHub/ProjectA_V7/Saved/Config/Windows/Engine.ini]
[2020.05.28-04.54.29:708][  0]LogConfig: Applying CVar settings from Section [/Script/UnrealEd.CookerSettings] File [C:/Users/haora/Documents/GitHub/ProjectA_V7/Saved/Config/Windows/Engine.ini]
[2020.05.28-04.54.29:714][  0]LogConfig: Applying CVar settings from Section [ViewDistanceQuality@3] File [C:/Users/haora/Documents/GitHub/ProjectA_V7/Saved/Config/Windows/Scalability.ini]
[2020.05.28-04.54.29:714][  0]LogConfig: Setting CVar [[r.SkeletalMeshLODBias:0]]
[2020.05.28-04.54.29:714][  0]LogConfig: Setting CVar [[r.ViewDistanceScale:1.0]]
[2020.05.28-04.54.29:714][  0]LogConfig: Applying CVar settings from Section [AntiAliasingQuality@3] File [C:/Users/haora/Documents/GitHub/ProjectA_V7/Saved/Config/Windows/Scalability.ini]
[2020.05.28-04.54.29:715][  0]LogConfig: Setting CVar [[r.PostProcessAAQuality:4]]
[2020.05.28-04.54.29:715][  0]LogConfig: Applying CVar settings from Section [ShadowQuality@3] File [C:/Users/haora/Documents/GitHub/ProjectA_V7/Saved/Config/Windows/Scalability.ini]
[2020.05.28-04.54.29:715][  0]LogConfig: Setting CVar [[r.LightFunctionQuality:1]]
[2020.05.28-04.54.29:715][  0]LogConfig: Setting CVar [[r.ShadowQuality:5]]
[2020.05.28-04.54.29:715][  0]LogConfig: Setting CVar [[r.Shadow.CSM.MaxCascades:10]]
[2020.05.28-04.54.29:715][  0]LogConfig: Setting CVar [[r.Shadow.MaxResolution:2048]]
[2020.05.28-04.54.29:715][  0]LogConfig: Setting CVar [[r.Shadow.MaxCSMResolution:2048]]
[2020.05.28-04.54.29:715][  0]LogConfig: Setting CVar [[r.Shadow.RadiusThreshold:0.01]]
[2020.05.28-04.54.29:715][  0]LogConfig: Setting CVar [[r.Shadow.DistanceScale:1.0]]
[2020.05.28-04.54.29:715][  0]LogConfig: Setting CVar [[r.Shadow.CSM.TransitionScale:1.0]]
[2020.05.28-04.54.29:715][  0]LogConfig: Setting CVar [[r.Shadow.PreShadowResolutionFactor:1.0]]
[2020.05.28-04.54.29:715][  0]LogConfig: Setting CVar [[r.DistanceFieldShadowing:1]]
[2020.05.28-04.54.29:715][  0]LogConfig: Setting CVar [[r.DistanceFieldAO:1]]
[2020.05.28-04.54.29:715][  0]LogConfig: Setting CVar [[r.AOQuality:2]]
[2020.05.28-04.54.29:715][  0]LogConfig: Setting CVar [[r.VolumetricFog:1]]
[2020.05.28-04.54.29:715][  0]LogConfig: Setting CVar [[r.VolumetricFog.GridPixelSize:8]]
[2020.05.28-04.54.29:715][  0]LogConfig: Setting CVar [[r.VolumetricFog.GridSizeZ:128]]
[2020.05.28-04.54.29:715][  0]LogConfig: Setting CVar [[r.VolumetricFog.HistoryMissSupersampleCount:4]]
[2020.05.28-04.54.29:715][  0]LogConfig: Setting CVar [[r.LightMaxDrawDistanceScale:1]]
[2020.05.28-04.54.29:715][  0]LogConfig: Setting CVar [[r.CapsuleShadows:1]]
[2020.05.28-04.54.29:715][  0]LogConfig: Applying CVar settings from Section [PostProcessQuality@3] File [C:/Users/haora/Documents/GitHub/ProjectA_V7/Saved/Config/Windows/Scalability.ini]
[2020.05.28-04.54.29:715][  0]LogConfig: Setting CVar [[r.MotionBlurQuality:4]]
[2020.05.28-04.54.29:715][  0]LogConfig: Setting CVar [[r.AmbientOcclusionMipLevelFactor:0.4]]
[2020.05.28-04.54.29:715][  0]LogConfig: Setting CVar [[r.AmbientOcclusionMaxQuality:100]]
[2020.05.28-04.54.29:715][  0]LogConfig: Setting CVar [[r.AmbientOcclusionLevels:-1]]
[2020.05.28-04.54.29:715][  0]LogConfig: Setting CVar [[r.AmbientOcclusionRadiusScale:1.0]]
[2020.05.28-04.54.29:715][  0]LogConfig: Setting CVar [[r.DepthOfFieldQuality:2]]
[2020.05.28-04.54.29:715][  0]LogConfig: Setting CVar [[r.RenderTargetPoolMin:400]]
[2020.05.28-04.54.29:715][  0]LogConfig: Setting CVar [[r.LensFlareQuality:2]]
[2020.05.28-04.54.29:715][  0]LogConfig: Setting CVar [[r.SceneColorFringeQuality:1]]
[2020.05.28-04.54.29:715][  0]LogConfig: Setting CVar [[r.EyeAdaptationQuality:2]]
[2020.05.28-04.54.29:715][  0]LogConfig: Setting CVar [[r.BloomQuality:5]]
[2020.05.28-04.54.29:715][  0]LogConfig: Setting CVar [[r.FastBlurThreshold:100]]
[2020.05.28-04.54.29:715][  0]LogConfig: Setting CVar [[r.Upscale.Quality:3]]
[2020.05.28-04.54.29:715][  0]LogConfig: Setting CVar [[r.Tonemapper.GrainQuantization:1]]
[2020.05.28-04.54.29:715][  0]LogConfig: Setting CVar [[r.LightShaftQuality:1]]
[2020.05.28-04.54.29:715][  0]LogConfig: Setting CVar [[r.Filter.SizeScale:1]]
[2020.05.28-04.54.29:715][  0]LogConfig: Setting CVar [[r.Tonemapper.Quality:5]]
[2020.05.28-04.54.29:715][  0]LogConfig: Setting CVar [[r.DOF.Gather.AccumulatorQuality:1        ; higher gathering accumulator quality]]
[2020.05.28-04.54.29:715][  0]LogConfig: Setting CVar [[r.DOF.Gather.PostfilterMethod:1          ; Median3x3 postfilering method]]
[2020.05.28-04.54.29:715][  0]LogConfig: Setting CVar [[r.DOF.Gather.EnableBokehSettings:0       ; no bokeh simulation when gathering]]
[2020.05.28-04.54.29:715][  0]LogConfig: Setting CVar [[r.DOF.Gather.RingCount:4                 ; medium number of samples when gathering]]
[2020.05.28-04.54.29:715][  0]LogConfig: Setting CVar [[r.DOF.Scatter.ForegroundCompositing:1    ; additive foreground scattering]]
[2020.05.28-04.54.29:715][  0]LogConfig: Setting CVar [[r.DOF.Scatter.BackgroundCompositing:2    ; additive background scattering]]
[2020.05.28-04.54.29:715][  0]LogConfig: Setting CVar [[r.DOF.Scatter.EnableBokehSettings:1      ; bokeh simulation when scattering]]
[2020.05.28-04.54.29:715][  0]LogConfig: Setting CVar [[r.DOF.Scatter.MaxSpriteRatio:0.1         ; only a maximum of 10% of scattered bokeh]]
[2020.05.28-04.54.29:715][  0]LogConfig: Setting CVar [[r.DOF.Recombine.Quality:1                ; cheap slight out of focus]]
[2020.05.28-04.54.29:715][  0]LogConfig: Setting CVar [[r.DOF.Recombine.EnableBokehSettings:0    ; no bokeh simulation on slight out of focus]]
[2020.05.28-04.54.29:715][  0]LogConfig: Setting CVar [[r.DOF.TemporalAAQuality:1                ; more stable temporal accumulation]]
[2020.05.28-04.54.29:715][  0]LogConfig: Setting CVar [[r.DOF.Kernel.MaxForegroundRadius:0.025]]
[2020.05.28-04.54.29:715][  0]LogConfig: Setting CVar [[r.DOF.Kernel.MaxBackgroundRadius:0.025]]
[2020.05.28-04.54.29:715][  0]LogConfig: Applying CVar settings from Section [TextureQuality@3] File [C:/Users/haora/Documents/GitHub/ProjectA_V7/Saved/Config/Windows/Scalability.ini]
[2020.05.28-04.54.29:715][  0]LogConfig: Setting CVar [[r.Streaming.MipBias:0]]
[2020.05.28-04.54.29:715][  0]LogConfig: Setting CVar [[r.Streaming.AmortizeCPUToGPUCopy:0]]
[2020.05.28-04.54.29:715][  0]LogConfig: Setting CVar [[r.Streaming.MaxNumTexturesToStreamPerFrame:0]]
[2020.05.28-04.54.29:715][  0]LogConfig: Setting CVar [[r.Streaming.Boost:1]]
[2020.05.28-04.54.29:715][  0]LogConfig: Setting CVar [[r.MaxAnisotropy:8]]
[2020.05.28-04.54.29:715][  0]LogConfig: Setting CVar [[r.VT.MaxAnisotropy:8]]
[2020.05.28-04.54.29:715][  0]LogConfig: Setting CVar [[r.Streaming.LimitPoolSizeToVRAM:0]]
[2020.05.28-04.54.29:715][  0]LogConfig: Setting CVar [[r.Streaming.PoolSize:1000]]
[2020.05.28-04.54.29:715][  0]LogConfig: Setting CVar [[r.Streaming.MaxEffectiveScreenSize:0]]
[2020.05.28-04.54.29:715][  0]LogConfig: Applying CVar settings from Section [EffectsQuality@3] File [C:/Users/haora/Documents/GitHub/ProjectA_V7/Saved/Config/Windows/Scalability.ini]
[2020.05.28-04.54.29:715][  0]LogConfig: Setting CVar [[r.TranslucencyLightingVolumeDim:64]]
[2020.05.28-04.54.29:715][  0]LogConfig: Setting CVar [[r.RefractionQuality:2]]
[2020.05.28-04.54.29:715][  0]LogConfig: Setting CVar [[r.SSR.Quality:3]]
[2020.05.28-04.54.29:716][  0]LogConfig: Setting CVar [[r.SSR.HalfResSceneColor:0]]
[2020.05.28-04.54.29:716][  0]LogConfig: Setting CVar [[r.SceneColorFormat:4]]
[2020.05.28-04.54.29:716][  0]LogConfig: Setting CVar [[r.DetailMode:2]]
[2020.05.28-04.54.29:716][  0]LogConfig: Setting CVar [[r.TranslucencyVolumeBlur:1]]
[2020.05.28-04.54.29:716][  0]LogConfig: Setting CVar [[r.MaterialQualityLevel:1 ; High quality]]
[2020.05.28-04.54.29:716][  0]LogConfig: Setting CVar [[r.SSS.Scale:1]]
[2020.05.28-04.54.29:716][  0]LogConfig: Setting CVar [[r.SSS.SampleSet:2]]
[2020.05.28-04.54.29:716][  0]LogConfig: Setting CVar [[r.SSS.Quality:1]]
[2020.05.28-04.54.29:716][  0]LogConfig: Setting CVar [[r.SSS.HalfRes:1]]
[2020.05.28-04.54.29:716][  0]LogConfig: Setting CVar [[r.SSGI.Quality:3]]
[2020.05.28-04.54.29:716][  0]LogConfig: Setting CVar [[r.EmitterSpawnRateScale:1.0]]
[2020.05.28-04.54.29:716][  0]LogConfig: Setting CVar [[r.ParticleLightQuality:2]]
[2020.05.28-04.54.29:716][  0]LogConfig: Setting CVar [[r.SkyAtmosphere.AerialPerspectiveLUT.FastApplyOnOpaque:1 ; Always have FastSkyLUT 1 in this case to avoid wrong sky]]
[2020.05.28-04.54.29:716][  0]LogConfig: Setting CVar [[r.SkyAtmosphere.AerialPerspectiveLUT.SampleCountPerSlice:1]]
[2020.05.28-04.54.29:716][  0]LogConfig: Setting CVar [[r.SkyAtmosphere.AerialPerspectiveLUT.DepthResolution:16.0]]
[2020.05.28-04.54.29:716][  0]LogConfig: Setting CVar [[r.SkyAtmosphere.FastSkyLUT:1]]
[2020.05.28-04.54.29:716][  0]LogConfig: Setting CVar [[r.SkyAtmosphere.FastSkyLUT.SampleCountMin:4.0]]
[2020.05.28-04.54.29:716][  0]LogConfig: Setting CVar [[r.SkyAtmosphere.FastSkyLUT.SampleCountMax:32.0]]
[2020.05.28-04.54.29:716][  0]LogConfig: Setting CVar [[r.SkyAtmosphere.SampleCountMin:4.0]]
[2020.05.28-04.54.29:716][  0]LogConfig: Setting CVar [[r.SkyAtmosphere.SampleCountMax:32.0]]
[2020.05.28-04.54.29:716][  0]LogConfig: Setting CVar [[r.SkyAtmosphere.TransmittanceLUT.UseSmallFormat:0]]
[2020.05.28-04.54.29:716][  0]LogConfig: Setting CVar [[r.SkyAtmosphere.TransmittanceLUT.SampleCount:10.0]]
[2020.05.28-04.54.29:716][  0]LogConfig: Setting CVar [[r.SkyAtmosphere.MultiScatteringLUT.SampleCount:15.0]]
[2020.05.28-04.54.29:716][  0]LogConfig: Applying CVar settings from Section [FoliageQuality@3] File [C:/Users/haora/Documents/GitHub/ProjectA_V7/Saved/Config/Windows/Scalability.ini]
[2020.05.28-04.54.29:716][  0]LogConfig: Setting CVar [[foliage.DensityScale:1.0]]
[2020.05.28-04.54.29:716][  0]LogConfig: Setting CVar [[grass.DensityScale:1.0]]
[2020.05.28-04.54.29:716][  0]LogConfig: Applying CVar settings from Section [ShadingQuality@3] File [C:/Users/haora/Documents/GitHub/ProjectA_V7/Saved/Config/Windows/Scalability.ini]
[2020.05.28-04.54.29:716][  0]LogConfig: Setting CVar [[r.HairStrands.SkyLighting.SampleCount:16]]
[2020.05.28-04.54.29:716][  0]LogConfig: Setting CVar [[r.HairStrands.SkyLighting.JitterIntegration:0]]
[2020.05.28-04.54.29:716][  0]LogConfig: Setting CVar [[r.HairStrands.SkyAO.SampleCount:16]]
[2020.05.28-04.54.29:716][  0]LogInit: Selected Device Profile: [Windows]
[2020.05.28-04.54.29:716][  0]LogInit: Applying CVar settings loaded from the selected device profile: [Windows]
[2020.05.28-04.54.29:720][  0]LogHAL: Display: Platform has ~ 32 GB [34303705088 / 34359738368 / 32], which maps to Largest [LargestMinGB=32, LargerMinGB=12, DefaultMinGB=8, SmallerMinGB=6, SmallestMinGB=0)
[2020.05.28-04.54.29:720][  0]LogInit: Going up to parent DeviceProfile []
[2020.05.28-04.54.29:720][  0]LogConfig: Applying CVar settings from Section [ViewDistanceQuality@3] File [C:/Users/haora/Documents/GitHub/ProjectA_V7/Saved/Config/Windows/Scalability.ini]
[2020.05.28-04.54.29:720][  0]LogConfig: Setting CVar [[r.SkeletalMeshLODBias:0]]
[2020.05.28-04.54.29:720][  0]LogConfig: Setting CVar [[r.ViewDistanceScale:1.0]]
[2020.05.28-04.54.29:720][  0]LogConfig: Applying CVar settings from Section [AntiAliasingQuality@3] File [C:/Users/haora/Documents/GitHub/ProjectA_V7/Saved/Config/Windows/Scalability.ini]
[2020.05.28-04.54.29:720][  0]LogConfig: Setting CVar [[r.PostProcessAAQuality:4]]
[2020.05.28-04.54.29:720][  0]LogConfig: Applying CVar settings from Section [ShadowQuality@3] File [C:/Users/haora/Documents/GitHub/ProjectA_V7/Saved/Config/Windows/Scalability.ini]
[2020.05.28-04.54.29:720][  0]LogConfig: Setting CVar [[r.LightFunctionQuality:1]]
[2020.05.28-04.54.29:720][  0]LogConfig: Setting CVar [[r.ShadowQuality:5]]
[2020.05.28-04.54.29:720][  0]LogConfig: Setting CVar [[r.Shadow.CSM.MaxCascades:10]]
[2020.05.28-04.54.29:720][  0]LogConfig: Setting CVar [[r.Shadow.MaxResolution:2048]]
[2020.05.28-04.54.29:720][  0]LogConfig: Setting CVar [[r.Shadow.MaxCSMResolution:2048]]
[2020.05.28-04.54.29:720][  0]LogConfig: Setting CVar [[r.Shadow.RadiusThreshold:0.01]]
[2020.05.28-04.54.29:720][  0]LogConfig: Setting CVar [[r.Shadow.DistanceScale:1.0]]
[2020.05.28-04.54.29:720][  0]LogConfig: Setting CVar [[r.Shadow.CSM.TransitionScale:1.0]]
[2020.05.28-04.54.29:720][  0]LogConfig: Setting CVar [[r.Shadow.PreShadowResolutionFactor:1.0]]
[2020.05.28-04.54.29:720][  0]LogConfig: Setting CVar [[r.DistanceFieldShadowing:1]]
[2020.05.28-04.54.29:720][  0]LogConfig: Setting CVar [[r.DistanceFieldAO:1]]
[2020.05.28-04.54.29:720][  0]LogConfig: Setting CVar [[r.AOQuality:2]]
[2020.05.28-04.54.29:720][  0]LogConfig: Setting CVar [[r.VolumetricFog:1]]
[2020.05.28-04.54.29:720][  0]LogConfig: Setting CVar [[r.VolumetricFog.GridPixelSize:8]]
[2020.05.28-04.54.29:720][  0]LogConfig: Setting CVar [[r.VolumetricFog.GridSizeZ:128]]
[2020.05.28-04.54.29:720][  0]LogConfig: Setting CVar [[r.VolumetricFog.HistoryMissSupersampleCount:4]]
[2020.05.28-04.54.29:720][  0]LogConfig: Setting CVar [[r.LightMaxDrawDistanceScale:1]]
[2020.05.28-04.54.29:720][  0]LogConfig: Setting CVar [[r.CapsuleShadows:1]]
[2020.05.28-04.54.29:720][  0]LogConfig: Applying CVar settings from Section [PostProcessQuality@3] File [C:/Users/haora/Documents/GitHub/ProjectA_V7/Saved/Config/Windows/Scalability.ini]
[2020.05.28-04.54.29:720][  0]LogConfig: Setting CVar [[r.MotionBlurQuality:4]]
[2020.05.28-04.54.29:720][  0]LogConfig: Setting CVar [[r.AmbientOcclusionMipLevelFactor:0.4]]
[2020.05.28-04.54.29:720][  0]LogConfig: Setting CVar [[r.AmbientOcclusionMaxQuality:100]]
[2020.05.28-04.54.29:720][  0]LogConfig: Setting CVar [[r.AmbientOcclusionLevels:-1]]
[2020.05.28-04.54.29:720][  0]LogConfig: Setting CVar [[r.AmbientOcclusionRadiusScale:1.0]]
[2020.05.28-04.54.29:720][  0]LogConfig: Setting CVar [[r.DepthOfFieldQuality:2]]
[2020.05.28-04.54.29:721][  0]LogConfig: Setting CVar [[r.RenderTargetPoolMin:400]]
[2020.05.28-04.54.29:721][  0]LogConfig: Setting CVar [[r.LensFlareQuality:2]]
[2020.05.28-04.54.29:721][  0]LogConfig: Setting CVar [[r.SceneColorFringeQuality:1]]
[2020.05.28-04.54.29:721][  0]LogConfig: Setting CVar [[r.EyeAdaptationQuality:2]]
[2020.05.28-04.54.29:721][  0]LogConfig: Setting CVar [[r.BloomQuality:5]]
[2020.05.28-04.54.29:721][  0]LogConfig: Setting CVar [[r.FastBlurThreshold:100]]
[2020.05.28-04.54.29:721][  0]LogConfig: Setting CVar [[r.Upscale.Quality:3]]
[2020.05.28-04.54.29:721][  0]LogConfig: Setting CVar [[r.Tonemapper.GrainQuantization:1]]
[2020.05.28-04.54.29:721][  0]LogConfig: Setting CVar [[r.LightShaftQuality:1]]
[2020.05.28-04.54.29:721][  0]LogConfig: Setting CVar [[r.Filter.SizeScale:1]]
[2020.05.28-04.54.29:721][  0]LogConfig: Setting CVar [[r.Tonemapper.Quality:5]]
[2020.05.28-04.54.29:721][  0]LogConfig: Setting CVar [[r.DOF.Gather.AccumulatorQuality:1        ; higher gathering accumulator quality]]
[2020.05.28-04.54.29:721][  0]LogConfig: Setting CVar [[r.DOF.Gather.PostfilterMethod:1          ; Median3x3 postfilering method]]
[2020.05.28-04.54.29:721][  0]LogConfig: Setting CVar [[r.DOF.Gather.EnableBokehSettings:0       ; no bokeh simulation when gathering]]
[2020.05.28-04.54.29:721][  0]LogConfig: Setting CVar [[r.DOF.Gather.RingCount:4                 ; medium number of samples when gathering]]
[2020.05.28-04.54.29:721][  0]LogConfig: Setting CVar [[r.DOF.Scatter.ForegroundCompositing:1    ; additive foreground scattering]]
[2020.05.28-04.54.29:721][  0]LogConfig: Setting CVar [[r.DOF.Scatter.BackgroundCompositing:2    ; additive background scattering]]
[2020.05.28-04.54.29:721][  0]LogConfig: Setting CVar [[r.DOF.Scatter.EnableBokehSettings:1      ; bokeh simulation when scattering]]
[2020.05.28-04.54.29:721][  0]LogConfig: Setting CVar [[r.DOF.Scatter.MaxSpriteRatio:0.1         ; only a maximum of 10% of scattered bokeh]]
[2020.05.28-04.54.29:721][  0]LogConfig: Setting CVar [[r.DOF.Recombine.Quality:1                ; cheap slight out of focus]]
[2020.05.28-04.54.29:721][  0]LogConfig: Setting CVar [[r.DOF.Recombine.EnableBokehSettings:0    ; no bokeh simulation on slight out of focus]]
[2020.05.28-04.54.29:721][  0]LogConfig: Setting CVar [[r.DOF.TemporalAAQuality:1                ; more stable temporal accumulation]]
[2020.05.28-04.54.29:721][  0]LogConfig: Setting CVar [[r.DOF.Kernel.MaxForegroundRadius:0.025]]
[2020.05.28-04.54.29:721][  0]LogConfig: Setting CVar [[r.DOF.Kernel.MaxBackgroundRadius:0.025]]
[2020.05.28-04.54.29:721][  0]LogConfig: Applying CVar settings from Section [TextureQuality@3] File [C:/Users/haora/Documents/GitHub/ProjectA_V7/Saved/Config/Windows/Scalability.ini]
[2020.05.28-04.54.29:721][  0]LogConfig: Setting CVar [[r.Streaming.MipBias:0]]
[2020.05.28-04.54.29:721][  0]LogConfig: Setting CVar [[r.Streaming.AmortizeCPUToGPUCopy:0]]
[2020.05.28-04.54.29:721][  0]LogConfig: Setting CVar [[r.Streaming.MaxNumTexturesToStreamPerFrame:0]]
[2020.05.28-04.54.29:721][  0]LogConfig: Setting CVar [[r.Streaming.Boost:1]]
[2020.05.28-04.54.29:721][  0]LogConfig: Setting CVar [[r.MaxAnisotropy:8]]
[2020.05.28-04.54.29:721][  0]LogConfig: Setting CVar [[r.VT.MaxAnisotropy:8]]
[2020.05.28-04.54.29:721][  0]LogConfig: Setting CVar [[r.Streaming.LimitPoolSizeToVRAM:0]]
[2020.05.28-04.54.29:721][  0]LogConfig: Setting CVar [[r.Streaming.PoolSize:1000]]
[2020.05.28-04.54.29:721][  0]LogConfig: Setting CVar [[r.Streaming.MaxEffectiveScreenSize:0]]
[2020.05.28-04.54.29:721][  0]LogConfig: Applying CVar settings from Section [EffectsQuality@3] File [C:/Users/haora/Documents/GitHub/ProjectA_V7/Saved/Config/Windows/Scalability.ini]
[2020.05.28-04.54.29:721][  0]LogConfig: Setting CVar [[r.TranslucencyLightingVolumeDim:64]]
[2020.05.28-04.54.29:721][  0]LogConfig: Setting CVar [[r.RefractionQuality:2]]
[2020.05.28-04.54.29:721][  0]LogConfig: Setting CVar [[r.SSR.Quality:3]]
[2020.05.28-04.54.29:721][  0]LogConfig: Setting CVar [[r.SSR.HalfResSceneColor:0]]
[2020.05.28-04.54.29:721][  0]LogConfig: Setting CVar [[r.SceneColorFormat:4]]
[2020.05.28-04.54.29:721][  0]LogConfig: Setting CVar [[r.DetailMode:2]]
[2020.05.28-04.54.29:721][  0]LogConfig: Setting CVar [[r.TranslucencyVolumeBlur:1]]
[2020.05.28-04.54.29:721][  0]LogConfig: Setting CVar [[r.MaterialQualityLevel:1 ; High quality]]
[2020.05.28-04.54.29:721][  0]LogConfig: Setting CVar [[r.SSS.Scale:1]]
[2020.05.28-04.54.29:721][  0]LogConfig: Setting CVar [[r.SSS.SampleSet:2]]
[2020.05.28-04.54.29:721][  0]LogConfig: Setting CVar [[r.SSS.Quality:1]]
[2020.05.28-04.54.29:721][  0]LogConfig: Setting CVar [[r.SSS.HalfRes:1]]
[2020.05.28-04.54.29:721][  0]LogConfig: Setting CVar [[r.SSGI.Quality:3]]
[2020.05.28-04.54.29:721][  0]LogConfig: Setting CVar [[r.EmitterSpawnRateScale:1.0]]
[2020.05.28-04.54.29:721][  0]LogConfig: Setting CVar [[r.ParticleLightQuality:2]]
[2020.05.28-04.54.29:721][  0]LogConfig: Setting CVar [[r.SkyAtmosphere.AerialPerspectiveLUT.FastApplyOnOpaque:1 ; Always have FastSkyLUT 1 in this case to avoid wrong sky]]
[2020.05.28-04.54.29:721][  0]LogConfig: Setting CVar [[r.SkyAtmosphere.AerialPerspectiveLUT.SampleCountPerSlice:1]]
[2020.05.28-04.54.29:721][  0]LogConfig: Setting CVar [[r.SkyAtmosphere.AerialPerspectiveLUT.DepthResolution:16.0]]
[2020.05.28-04.54.29:721][  0]LogConfig: Setting CVar [[r.SkyAtmosphere.FastSkyLUT:1]]
[2020.05.28-04.54.29:721][  0]LogConfig: Setting CVar [[r.SkyAtmosphere.FastSkyLUT.SampleCountMin:4.0]]
[2020.05.28-04.54.29:721][  0]LogConfig: Setting CVar [[r.SkyAtmosphere.FastSkyLUT.SampleCountMax:32.0]]
[2020.05.28-04.54.29:721][  0]LogConfig: Setting CVar [[r.SkyAtmosphere.SampleCountMin:4.0]]
[2020.05.28-04.54.29:721][  0]LogConfig: Setting CVar [[r.SkyAtmosphere.SampleCountMax:32.0]]
[2020.05.28-04.54.29:721][  0]LogConfig: Setting CVar [[r.SkyAtmosphere.TransmittanceLUT.UseSmallFormat:0]]
[2020.05.28-04.54.29:721][  0]LogConfig: Setting CVar [[r.SkyAtmosphere.TransmittanceLUT.SampleCount:10.0]]
[2020.05.28-04.54.29:721][  0]LogConfig: Setting CVar [[r.SkyAtmosphere.MultiScatteringLUT.SampleCount:15.0]]
[2020.05.28-04.54.29:721][  0]LogConfig: Applying CVar settings from Section [FoliageQuality@3] File [C:/Users/haora/Documents/GitHub/ProjectA_V7/Saved/Config/Windows/Scalability.ini]
[2020.05.28-04.54.29:721][  0]LogConfig: Setting CVar [[foliage.DensityScale:1.0]]
[2020.05.28-04.54.29:721][  0]LogConfig: Setting CVar [[grass.DensityScale:1.0]]
[2020.05.28-04.54.29:721][  0]LogConfig: Applying CVar settings from Section [ShadingQuality@3] File [C:/Users/haora/Documents/GitHub/ProjectA_V7/Saved/Config/Windows/Scalability.ini]
[2020.05.28-04.54.29:721][  0]LogConfig: Setting CVar [[r.HairStrands.SkyLighting.SampleCount:16]]
[2020.05.28-04.54.29:722][  0]LogConfig: Setting CVar [[r.HairStrands.SkyLighting.JitterIntegration:0]]
[2020.05.28-04.54.29:722][  0]LogConfig: Setting CVar [[r.HairStrands.SkyAO.SampleCount:16]]
[2020.05.28-04.54.29:722][  0]LogConfig: Applying CVar settings from Section [Startup] File [../../../Engine/Config/ConsoleVariables.ini]
[2020.05.28-04.54.29:722][  0]LogConfig: Setting CVar [[net.UseAdaptiveNetUpdateFrequency:0]]
[2020.05.28-04.54.29:722][  0]LogConfig: Setting CVar [[p.chaos.AllowCreatePhysxBodies:1]]
[2020.05.28-04.54.29:722][  0]LogConfig: Applying CVar settings from Section [ConsoleVariables] File [C:/Users/haora/Documents/GitHub/ProjectA_V7/Saved/Config/Windows/Engine.ini]
[2020.05.28-04.54.29:722][  0]LogInit: Computer: HARRY-DESKTOP
[2020.05.28-04.54.29:722][  0]LogInit: User: haora
[2020.05.28-04.54.29:722][  0]LogInit: CPU Page size=4096, Cores=8
[2020.05.28-04.54.29:722][  0]LogInit: High frequency timer resolution =10.000000 MHz
[2020.05.28-04.54.29:722][  0]LogMemory: Memory total: Physical=31.9GB (32GB approx)
[2020.05.28-04.54.29:722][  0]LogMemory: Platform Memory Stats for Windows
[2020.05.28-04.54.29:722][  0]LogMemory: Process Physical Memory: 106.77 MB used, 106.77 MB peak
[2020.05.28-04.54.29:722][  0]LogMemory: Process Virtual Memory: 102.61 MB used, 102.61 MB peak
[2020.05.28-04.54.29:722][  0]LogMemory: Physical Memory: 11910.68 MB used,  20803.89 MB free, 32714.56 MB total
[2020.05.28-04.54.29:722][  0]LogMemory: Virtual Memory: 5146.73 MB used,  134212584.00 MB free, 134217728.00 MB total
[2020.05.28-04.54.29:726][  0]LogWindows: WindowsPlatformFeatures enabled
[2020.05.28-04.54.29:756][  0]LogInit: Using OS detected language (en-US).
[2020.05.28-04.54.29:756][  0]LogInit: Using OS detected locale (en-CA).
[2020.05.28-04.54.29:758][  0]LogTextLocalizationManager: No specific localization for 'en-US' exists, so the 'en' localization will be used.
[2020.05.28-04.54.29:946][  0]LogInit: Setting process to per monitor DPI aware
[2020.05.28-04.54.30:013][  0]LogSlate: New Slate User Created.  User Index 0, Is Virtual User: 0
[2020.05.28-04.54.30:013][  0]LogSlate: Slate User Registered.  User Index 0, Is Virtual User: 0
[2020.05.28-04.54.30:405][  0]LogHMD: Failed to initialize OpenVR with code 110
[2020.05.28-04.54.30:405][  0]LogD3D11RHI: D3D11 min allowed feature level: 11_0
[2020.05.28-04.54.30:405][  0]LogD3D11RHI: D3D11 max allowed feature level: 11_0
[2020.05.28-04.54.30:405][  0]LogD3D11RHI: D3D11 adapters:
[2020.05.28-04.54.30:604][  0]LogD3D11RHI:    0. 'NVIDIA GeForce RTX 2080' (Feature Level 11_0)
[2020.05.28-04.54.30:604][  0]LogD3D11RHI:       8010/0/16357 MB DedicatedVideo/DedicatedSystem/SharedSystem, Outputs:2, VendorId:0x10de
[2020.05.28-04.54.30:608][  0]LogD3D11RHI:    1. 'Microsoft Basic Render Driver' (Feature Level 11_0)
[2020.05.28-04.54.30:608][  0]LogD3D11RHI:       0/0/16357 MB DedicatedVideo/DedicatedSystem/SharedSystem, Outputs:0, VendorId:0x1414
[2020.05.28-04.54.30:608][  0]LogD3D11RHI: Chosen D3D11 Adapter: 0
[2020.05.28-04.54.30:624][  0]LogD3D11RHI: Creating new Direct3DDevice
[2020.05.28-04.54.30:624][  0]LogD3D11RHI:     GPU DeviceId: 0x1e87 (for the marketing name, search the web for "GPU Device Id")
[2020.05.28-04.54.30:624][  0]LogWindows: EnumDisplayDevices:
[2020.05.28-04.54.30:625][  0]LogWindows:    0. 'NVIDIA GeForce RTX 2080' (P:1 D:1)
[2020.05.28-04.54.30:625][  0]LogWindows:    1. 'NVIDIA GeForce RTX 2080' (P:0 D:1)
[2020.05.28-04.54.30:626][  0]LogWindows:    2. 'NVIDIA GeForce RTX 2080' (P:0 D:0)
[2020.05.28-04.54.30:626][  0]LogWindows:    3. 'NVIDIA GeForce RTX 2080' (P:0 D:0)
[2020.05.28-04.54.30:626][  0]LogWindows: DebugString: FoundDriverCount:4 
[2020.05.28-04.54.30:626][  0]LogD3D11RHI:     Adapter Name: NVIDIA GeForce RTX 2080
[2020.05.28-04.54.30:626][  0]LogD3D11RHI:   Driver Version: 445.75 (internal:26.21.14.4575, unified:445.75)
[2020.05.28-04.54.30:626][  0]LogD3D11RHI:      Driver Date: 3-17-2020
[2020.05.28-04.54.30:626][  0]LogRHI: Texture pool is 5607 MB (70% of 8010 MB)
[2020.05.28-04.54.30:717][  0]LogD3D11RHI: RHI has support for 64 bit atomics
[2020.05.28-04.54.30:717][  0]LogD3D11RHI: Async texture creation enabled
[2020.05.28-04.54.30:721][  0]LogD3D11RHI: HDR output is supported on display 0 (NvId: 0x80061080).
[2020.05.28-04.54.30:744][  0]LogD3D11RHI: GPU Timing Frequency: 1000.000000 (Debug: 2 1)
[2020.05.28-04.54.31:171][  0]LogTargetPlatformManager: Display: Loaded TargetPlatform 'AllDesktop'
[2020.05.28-04.54.31:211][  0]LogTargetPlatformManager: Display: Loaded TargetPlatform 'Android'
[2020.05.28-04.54.31:211][  0]LogTargetPlatformManager: Display: Loaded TargetPlatform 'Android_ASTC'
[2020.05.28-04.54.31:211][  0]LogTargetPlatformManager: Display: Loaded TargetPlatform 'Android_ATC'
[2020.05.28-04.54.31:211][  0]LogTargetPlatformManager: Display: Loaded TargetPlatform 'Android_DXT'
[2020.05.28-04.54.31:211][  0]LogTargetPlatformManager: Display: Loaded TargetPlatform 'Android_ETC1'
[2020.05.28-04.54.31:211][  0]LogTargetPlatformManager: Display: Loaded TargetPlatform 'Android_ETC1a'
[2020.05.28-04.54.31:211][  0]LogTargetPlatformManager: Display: Loaded TargetPlatform 'Android_ETC2'
[2020.05.28-04.54.31:211][  0]LogTargetPlatformManager: Display: Loaded TargetPlatform 'Android_PVRTC'
[2020.05.28-04.54.31:211][  0]LogTargetPlatformManager: Display: Loaded TargetPlatform 'AndroidClient'
[2020.05.28-04.54.31:211][  0]LogTargetPlatformManager: Display: Loaded TargetPlatform 'Android_ASTCClient'
[2020.05.28-04.54.31:211][  0]LogTargetPlatformManager: Display: Loaded TargetPlatform 'Android_ATCClient'
[2020.05.28-04.54.31:211][  0]LogTargetPlatformManager: Display: Loaded TargetPlatform 'Android_DXTClient'
[2020.05.28-04.54.31:211][  0]LogTargetPlatformManager: Display: Loaded TargetPlatform 'Android_ETC1Client'
[2020.05.28-04.54.31:211][  0]LogTargetPlatformManager: Display: Loaded TargetPlatform 'Android_ETC1aClient'
[2020.05.28-04.54.31:211][  0]LogTargetPlatformManager: Display: Loaded TargetPlatform 'Android_ETC2Client'
[2020.05.28-04.54.31:211][  0]LogTargetPlatformManager: Display: Loaded TargetPlatform 'Android_PVRTCClient'
[2020.05.28-04.54.31:211][  0]LogTargetPlatformManager: Display: Loaded TargetPlatform 'Android_Multi'
[2020.05.28-04.54.31:211][  0]LogTargetPlatformManager: Display: Loaded TargetPlatform 'Android_MultiClient'
[2020.05.28-04.54.31:237][  0]LogTargetPlatformManager: Display: Loaded TargetPlatform 'IOSClient'
[2020.05.28-04.54.31:237][  0]LogTargetPlatformManager: Display: Loaded TargetPlatform 'IOS'
[2020.05.28-04.54.31:246][  0]LogTargetPlatformManager: Display: Loaded TargetPlatform 'LinuxNoEditor'
[2020.05.28-04.54.31:257][  0]LogTargetPlatformManager: Display: Loaded TargetPlatform 'LinuxClient'
[2020.05.28-04.54.31:266][  0]LogTargetPlatformManager: Display: Loaded TargetPlatform 'LinuxServer'
[2020.05.28-04.54.31:275][  0]LogTargetPlatformManager: Display: Loaded TargetPlatform 'LinuxAArch64NoEditor'
[2020.05.28-04.54.31:284][  0]LogTargetPlatformManager: Display: Loaded TargetPlatform 'LinuxAArch64Client'
[2020.05.28-04.54.31:294][  0]LogTargetPlatformManager: Display: Loaded TargetPlatform 'LinuxAArch64Server'
[2020.05.28-04.54.31:326][  0]LogTargetPlatformManager: Display: Loaded TargetPlatform 'Lumin'
[2020.05.28-04.54.31:326][  0]LogTargetPlatformManager: Display: Loaded TargetPlatform 'LuminClient'
[2020.05.28-04.54.31:344][  0]LogTargetPlatformManager: Display: Loaded TargetPlatform 'TVOSClient'
[2020.05.28-04.54.31:344][  0]LogTargetPlatformManager: Display: Loaded TargetPlatform 'TVOS'
[2020.05.28-04.54.31:354][  0]LogTargetPlatformManager: Display: Loaded TargetPlatform 'WindowsNoEditor'
[2020.05.28-04.54.31:368][  0]LogTargetPlatformManager: Display: Loaded TargetPlatform 'Windows'
[2020.05.28-04.54.31:379][  0]LogTargetPlatformManager: Display: Loaded TargetPlatform 'WindowsClient'
[2020.05.28-04.54.31:389][  0]LogTargetPlatformManager: Display: Loaded TargetPlatform 'WindowsServer'
[2020.05.28-04.54.31:389][  0]LogTargetPlatformManager: Display: Building Assets For Windows
[2020.05.28-04.54.31:395][  0]LogAudioDebug: Display: Lib vorbis DLL was dynamically loaded.
[2020.05.28-04.54.31:432][  0]LogShaderCompilers: Guid format shader working directory is 2 characters bigger than the processId version (C:/Users/haora/Documents/GitHub/ProjectA_V7/Intermediate/Shaders/WorkingDirectory/32428/).
[2020.05.28-04.54.31:432][  0]LogShaderCompilers: Cleaned the shader compiler working directory 'C:/Users/haora/AppData/Local/Temp/UnrealShaderWorkingDir/572AFB734D294A78948E64B878448212/'.
[2020.05.28-04.54.31:433][  0]LogXGEController: Cannot use XGE Controller as Incredibuild is not installed on this machine.
[2020.05.28-04.54.31:433][  0]LogShaderCompilers: Cannot use XGE Shader Compiler as Incredibuild is not installed on this machine.
[2020.05.28-04.54.31:433][  0]LogShaderCompilers: Display: Using Local Shader Compiler.
[2020.05.28-04.54.32:331][  0]LogDerivedDataCache: Display: Max Cache Size: 512 MB
[2020.05.28-04.54.32:408][  0]LogDerivedDataCache: Loaded boot cache 0.08s 78MB C:/Users/haora/AppData/Local/UnrealEngine/4.24/DerivedDataCache/Boot.ddc.
[2020.05.28-04.54.32:408][  0]LogDerivedDataCache: Display: Loaded Boot cache: C:/Users/haora/AppData/Local/UnrealEngine/4.24/DerivedDataCache/Boot.ddc
[2020.05.28-04.54.32:408][  0]LogDerivedDataCache: FDerivedDataBackendGraph:  Pak pak cache file C:/Users/haora/Documents/GitHub/ProjectA_V7/DerivedDataCache/DDC.ddp not found, will not use a pak cache.
[2020.05.28-04.54.32:408][  0]LogDerivedDataCache: Unable to find inner node Pak for hierarchical cache Hierarchy.
[2020.05.28-04.54.32:408][  0]LogDerivedDataCache: FDerivedDataBackendGraph:  CompressedPak pak cache file C:/Users/haora/Documents/GitHub/ProjectA_V7/DerivedDataCache/Compressed.ddp not found, will not use a pak cache.
[2020.05.28-04.54.32:408][  0]LogDerivedDataCache: Unable to find inner node CompressedPak for hierarchical cache Hierarchy.
[2020.05.28-04.54.32:422][  0]LogDerivedDataCache: Display: Pak cache opened for reading ../../../Engine/DerivedDataCache/Compressed.ddp.
[2020.05.28-04.54.32:422][  0]LogDerivedDataCache: FDerivedDataBackendGraph:  EnterprisePak pak cache file ../../../Enterprise/DerivedDataCache/Compressed.ddp not found, will not use a pak cache.
[2020.05.28-04.54.32:422][  0]LogDerivedDataCache: Unable to find inner node EnterprisePak for hierarchical cache Hierarchy.
[2020.05.28-04.54.32:424][  0]LogDerivedDataCache: Using Local data cache path C:/Users/haora/AppData/Local/UnrealEngine/Common/DerivedDataCache: Writable
[2020.05.28-04.54.32:424][  0]LogDerivedDataCache: Shared data cache path not found in *engine.ini, will not use an Shared cache.
[2020.05.28-04.54.32:424][  0]LogDerivedDataCache: Unable to find inner node Shared for hierarchical cache Hierarchy.
[2020.05.28-04.54.32:468][  0]LogMaterial: Verifying Global Shaders for PCD3D_SM5
[2020.05.28-04.54.32:472][  0]LogSlate: Using FreeType 2.10.0
[2020.05.28-04.54.32:474][  0]LogSlate: SlateFontServices - WITH_FREETYPE: 1, WITH_HARFBUZZ: 1
[2020.05.28-04.54.32:584][  0]LogAssetRegistry: FAssetRegistry took 0.0034 seconds to start up
[2020.05.28-04.54.32:957][  0]LogInit: Selected Device Profile: [Windows]
[2020.05.28-04.54.33:128][  0]LogMeshReduction: Using QuadricMeshReduction for automatic static mesh reduction
[2020.05.28-04.54.33:128][  0]LogMeshReduction: Using SimplygonMeshReduction for automatic skeletal mesh reduction
[2020.05.28-04.54.33:128][  0]LogMeshReduction: Using ProxyLODMeshReduction for automatic mesh merging
[2020.05.28-04.54.33:128][  0]LogMeshReduction: No distributed automatic mesh merging module available
[2020.05.28-04.54.33:128][  0]LogMeshMerging: No distributed automatic mesh merging module available
[2020.05.28-04.54.33:149][  0]LogNetVersion: ProjectA_V7 1.0.0, NetCL: 10570792, EngineNetVer: 13, GameNetVer: 0 (Checksum: 4074526876)
[2020.05.28-04.54.34:622][  0]LogPackageLocalizationCache: Processed 10 localized package path(s) for 1 prioritized culture(s) in 0.050890 seconds
[2020.05.28-04.54.34:632][  0]LogUObjectArray: 46750 objects as part of root set at end of initial load.
[2020.05.28-04.54.34:632][  0]LogUObjectAllocator: 8137160 out of 0 bytes used by permanent object pool.
[2020.05.28-04.54.34:632][  0]LogUObjectArray: CloseDisregardForGC: 0/0 objects in disregard for GC pool
[2020.05.28-04.54.35:132][  0]LogTcpMessaging: Initializing TcpMessaging bridge
[2020.05.28-04.54.35:136][  0]LogUdpMessaging: Initializing bridge on interface 0.0.0.0:0 to multicast group 230.0.0.1:6666.
[2020.05.28-04.54.35:205][  0]SourceControl: Source control is disabled
[2020.05.28-04.54.35:205][  0]LogWindows: Warning: CreateProc failed: The system cannot find the file specified. (0x00000002)
[2020.05.28-04.54.35:205][  0]LogWindows: Warning: URL: C:/Program Files/Git/bin/git.exe version
[2020.05.28-04.54.35:207][  0]LogWindows: Warning: CreateProc failed: The system cannot find the file specified. (0x00000002)
[2020.05.28-04.54.35:207][  0]LogWindows: Warning: URL: C:/Program Files/Git/bin/git.exe version
[2020.05.28-04.54.35:208][  0]LogWindows: Warning: CreateProc failed: The system cannot find the file specified. (0x00000002)
[2020.05.28-04.54.35:208][  0]LogWindows: Warning: URL: C:/Program Files/Git/bin/git.exe version
[2020.05.28-04.54.35:209][  0]LogWindows: Warning: CreateProc failed: The system cannot find the file specified. (0x00000002)
[2020.05.28-04.54.35:209][  0]LogWindows: Warning: URL: C:/Program Files/Git/bin/git.exe version
[2020.05.28-04.54.35:322][  0]LogAndroidPermission: UAndroidPermissionCallbackProxy::GetInstance
[2020.05.28-04.54.35:338][  0]LogAudioCaptureCore: Display: No Audio Capture implementations found. Audio input will be silent.
[2020.05.28-04.54.35:338][  0]LogAudioCaptureCore: Display: No Audio Capture implementations found. Audio input will be silent.
[2020.05.28-04.54.35:445][  0]LogOcInput: OculusInput pre-init called
[2020.05.28-04.54.35:459][  0]LogWindows: Failed to load 'OVRPlugin.dll' (GetLastError=126)
[2020.05.28-04.54.35:459][  0]LogWindows: File 'OVRPlugin.dll' does not exist
[2020.05.28-04.54.35:538][  0]LogEngine: Initializing Engine...
[2020.05.28-04.54.35:539][  0]LogHMD: Failed to initialize OpenVR with code 110
[2020.05.28-04.54.35:540][  0]LogStats: UGameplayTagsManager::InitializeManager -  0.000 s
[2020.05.28-04.54.35:913][  0]LogInit: Initializing FReadOnlyCVARCache
[2020.05.28-04.54.35:923][  0]LogAIModule: Creating AISystem for world Untitled
[2020.05.28-04.54.35:938][  0]LogAudioMixer: Display: Audio Mixer Platform Settings:
[2020.05.28-04.54.35:938][  0]LogAudioMixer: Display: 	Sample Rate:						  48000
[2020.05.28-04.54.35:938][  0]LogAudioMixer: Display: 	Callback Buffer Frame Size Requested: 1024
[2020.05.28-04.54.35:938][  0]LogAudioMixer: Display: 	Callback Buffer Frame Size To Use:	  1024
[2020.05.28-04.54.35:938][  0]LogAudioMixer: Display: 	Number of buffers to queue:			  2
[2020.05.28-04.54.35:938][  0]LogAudioMixer: Display: 	Max Channels (voices):				  32
[2020.05.28-04.54.35:938][  0]LogAudioMixer: Display: 	Number of Async Source Workers:		  0
[2020.05.28-04.54.35:938][  0]LogAudio: Display: AudioDevice MaxSources: 32
[2020.05.28-04.54.35:938][  0]LogAudio: Display: Using built-in audio occlusion.
[2020.05.28-04.54.35:938][  0]LogAudioMixer: Display: Initializing audio mixer.
[2020.05.28-04.54.36:011][  0]LogAudioMixer: Display: Audio Device Output Speaker Info:
[2020.05.28-04.54.36:011][  0]LogAudioMixer: Display: Name: Speakers (Logitech G433 Gaming Headset)
[2020.05.28-04.54.36:011][  0]LogAudioMixer: Display: Is Default: Yes
[2020.05.28-04.54.36:011][  0]LogAudioMixer: Display: Sample Rate: 48000
[2020.05.28-04.54.36:011][  0]LogAudioMixer: Display: Channel Count Used: 8
[2020.05.28-04.54.36:011][  0]LogAudioMixer: Display: Device Channel Count: 8
[2020.05.28-04.54.36:011][  0]LogAudioMixer: Display: Channel Order:
[2020.05.28-04.54.36:011][  0]LogAudioMixer: Display: 0: FrontLeft
[2020.05.28-04.54.36:011][  0]LogAudioMixer: Display: 1: FrontRight
[2020.05.28-04.54.36:011][  0]LogAudioMixer: Display: 2: FrontCenter
[2020.05.28-04.54.36:011][  0]LogAudioMixer: Display: 3: LowFrequency
[2020.05.28-04.54.36:011][  0]LogAudioMixer: Display: 4: BackLeft
[2020.05.28-04.54.36:011][  0]LogAudioMixer: Display: 5: BackRight
[2020.05.28-04.54.36:011][  0]LogAudioMixer: Display: 6: SideLeft
[2020.05.28-04.54.36:011][  0]LogAudioMixer: Display: 7: SideRight
[2020.05.28-04.54.36:039][  0]LogAudioMixer: Display: Using Audio Device Speakers (Logitech G433 Gaming Headset)
[2020.05.28-04.54.36:044][  0]LogInit: FAudioDevice initialized.
[2020.05.28-04.54.36:044][  0]LogNetVersion: Set ProjectVersion to 1.0.0.0. Version Checksum will be recalculated on next use.
[2020.05.28-04.54.36:116][  0]LogDerivedDataCache: Saved boot cache 0.07s 78MB C:/Users/haora/AppData/Local/UnrealEngine/4.24/DerivedDataCache/Boot.ddc.
[2020.05.28-04.54.36:116][  0]LogInit: Texture streaming: Enabled
[2020.05.28-04.54.36:137][  0]LogEngineSessionManager: EngineSessionManager initialized
[2020.05.28-04.54.36:137][  0]LogEditorSessionSummary: Verbose: Initializing EditorSessionSummaryWriter for editor session tracking
[2020.05.28-04.54.36:142][  0]LogEditorSessionSummary: EditorSessionSummaryWriter initialized
[2020.05.28-04.54.36:191][  0]LogInit: Transaction tracking system initialized
[2020.05.28-04.54.36:204][  0]BlueprintLog: New page: Editor Load
[2020.05.28-04.54.36:248][  0]LocalizationService: Localization service is disabled
[2020.05.28-04.54.36:580][  0]LogCook: Display: Max memory allowance for cook 16384mb min free memory 0mb
[2020.05.28-04.54.36:580][  0]LogCook: Display: Mobile HDR setting 1
[2020.05.28-04.54.36:703][  0]LogFileCache: Scanning file cache for directory 'C:/Users/haora/Documents/GitHub/ProjectA_V7/Content/' took 0.03s
[2020.05.28-04.54.37:708][  0]LogWindows: Warning: CreateProc failed: The system cannot find the file specified. (0x00000002)
[2020.05.28-04.54.37:708][  0]LogWindows: Warning: URL: C:/Program Files/Git/bin/git.exe version
[2020.05.28-04.54.37:816][  0]LogSlate: Took 0.000404 seconds to synchronously load lazily loaded font '../../../Engine/Content/Slate/Fonts/Roboto-Regular.ttf' (155K)
[2020.05.28-04.54.43:613][  0]LogSlate: Window 'Restore Packages' being destroyed
[2020.05.28-04.54.43:614][  0]LogWindowsTextInputMethodSystem: Display: IME system now deactivated.
[2020.05.28-04.54.43:618][  0]LogWindowsTextInputMethodSystem: Display: IME system now deactivated.
[2020.05.28-04.54.45:646][  0]LogSlate: Window 'Unable to Check Out From Source Control!' being destroyed
[2020.05.28-04.54.45:647][  0]LogWindowsTextInputMethodSystem: Display: IME system now deactivated.
[2020.05.28-04.54.45:649][  0]LogWindowsTextInputMethodSystem: Display: IME system now deactivated.
[2020.05.28-04.54.45:663][  0]Cmd: MAP LOAD FILE="C:/Users/haora/Documents/GitHub/ProjectA_V7/Content/ThirdPersonBP/Maps/ThirdPersonExampleMap.umap" TEMPLATE=0 SHOWPROGRESS=1 FEATURELEVEL=3
[2020.05.28-04.54.45:664][  0]LightingResults: New page: Lighting Build
[2020.05.28-04.54.45:665][  0]LogWorld: UWorld::CleanupWorld for Untitled, bSessionEnded=true, bCleanupResources=true
[2020.05.28-04.54.45:665][  0]LogSlate: InvalidateAllWidgets triggered.  All widgets were invalidated
[2020.05.28-04.54.45:665][  0]MapCheck: New page: Map Check
[2020.05.28-04.54.45:665][  0]LightingResults: New page: Lighting Build
[2020.05.28-04.54.45:705][  0]LogUObjectHash: Compacting FUObjectHashTables data took   2.39ms
[2020.05.28-04.54.46:164][  0]LogAIModule: Creating AISystem for world ThirdPersonExampleMap
[2020.05.28-04.54.46:174][  0]LogEditorServer: Finished looking for orphan Actors (0.000 secs)
[2020.05.28-04.54.46:213][  0]LogUObjectHash: Compacting FUObjectHashTables data took   3.98ms
[2020.05.28-04.54.46:215][  0]Cmd: MAP CHECKDEP NOCLEARLOG
[2020.05.28-04.54.46:215][  0]MapCheck: Map check complete: 0 Error(s), 0 Warning(s), took 0.296ms to complete.
[2020.05.28-04.54.46:215][  0]LogFileHelpers: Loading map 'ThirdPersonExampleMap' took 0.553
[2020.05.28-04.54.46:316][  0]LogSlate: Updating window title bar state: overlay mode, drag disabled, window buttons hidden, title bar hidden
[2020.05.28-04.54.46:326][  0]LogSlate: Updating window title bar state: overlay mode, drag disabled, window buttons hidden, title bar hidden
[2020.05.28-04.54.46:334][  0]LogSlate: Updating window title bar state: overlay mode, drag disabled, window buttons hidden, title bar hidden
[2020.05.28-04.54.46:342][  0]LogSlate: Updating window title bar state: overlay mode, drag disabled, window buttons hidden, title bar hidden
[2020.05.28-04.54.46:352][  0]LogCollectionManager: Loaded 0 collections in 0.003168 seconds
[2020.05.28-04.54.46:367][  0]LogFileCache: Scanning file cache for directory 'C:/Users/haora/Documents/GitHub/ProjectA_V7/Saved/Collections/' took 0.00s
[2020.05.28-04.54.46:368][  0]LogFileCache: Scanning file cache for directory 'C:/Users/haora/Documents/GitHub/ProjectA_V7/Content/Developers/haora/Collections/' took 0.00s
[2020.05.28-04.54.46:368][  0]LogFileCache: Scanning file cache for directory 'C:/Users/haora/Documents/GitHub/ProjectA_V7/Content/Collections/' took 0.00s
[2020.05.28-04.54.46:368][  0]LogContentBrowser: Native class hierarchy populated in 0.0103 seconds. Added 3015 classes and 717 folders.
[2020.05.28-04.54.46:370][  0]LogContentBrowser: Native class hierarchy updated for 'WidgetCarousel' in 0.0003 seconds. Added 0 classes and 0 folders.
[2020.05.28-04.54.46:518][  0]LogContentBrowser: Native class hierarchy updated for 'AddContentDialog' in 0.0004 seconds. Added 0 classes and 0 folders.
[2020.05.28-04.54.46:523][  0]LogContentBrowser: Native class hierarchy updated for 'SceneOutliner' in 0.0004 seconds. Added 2 classes and 3 folders.
[2020.05.28-04.54.46:555][  0]LogSlate: Took 0.000479 seconds to synchronously load lazily loaded font '../../../Engine/Content/Slate/Fonts/Roboto-Bold.ttf' (160K)
[2020.05.28-04.54.46:561][  0]LogSlate: Took 0.000784 seconds to synchronously load lazily loaded font '../../../Engine/Content/Editor/Slate/Fonts/FontAwesome.ttf' (139K)
[2020.05.28-04.54.46:622][  0]LogRenderer: Reallocating scene render targets to support 1616x808 Format 10 NumSamples 1 (Frame:1).
[2020.05.28-04.54.46:766][  0]LogContentBrowser: Native class hierarchy updated for 'HierarchicalLODOutliner' in 0.0004 seconds. Added 0 classes and 0 folders.
[2020.05.28-04.54.46:766][  0]LogLoad: (Engine Initialization) Total time: 21.13 seconds
[2020.05.28-04.54.46:766][  0]LogLoad: (Engine Initialization) Total Blueprint compile time: 0.00 seconds
[2020.05.28-04.54.46:831][  0]LogContentStreaming: Texture pool size now 1000 MB
[2020.05.28-04.54.46:938][  3]LogAssetRegistry: Asset discovery search completed in 14.3551 seconds
[2020.05.28-04.54.46:942][  3]LogCollectionManager: Fixed up redirectors for 0 collections in 0.000012 seconds (updated 0 objects)
[2020.05.28-04.54.47:660][ 85]LogEditorViewport: Clicking on Actor (LMB): StaticMeshActor (Floor)
[2020.05.28-04.54.58:107][201]LogSlate: Took 0.000453 seconds to synchronously load lazily loaded font '../../../Engine/Content/Slate/Fonts/Roboto-Italic.ttf' (157K)
[2020.05.28-04.59.04:089][195]LogTemp: Repeating last play command: Selected Viewport
[2020.05.28-04.59.04:097][195]LogBlueprintUserMessages: Early PlayInEditor Detection: Level '/Game/ThirdPersonBP/Maps/ThirdPersonExampleMap.ThirdPersonExampleMap:PersistentLevel' has LevelScriptBlueprint '/Game/ThirdPersonBP/Maps/ThirdPersonExampleMap.ThirdPersonExampleMap:PersistentLevel.ThirdPersonExampleMap' with GeneratedClass '/Game/ThirdPersonBP/Maps/ThirdPersonExampleMap.ThirdPersonExampleMap_C' with ClassGeneratedBy '/Game/ThirdPersonBP/Maps/ThirdPersonExampleMap.ThirdPersonExampleMap:PersistentLevel.ThirdPersonExampleMap'
[2020.05.28-04.59.04:097][195]LogPlayLevel: PlayLevel: No blueprints needed recompiling
[2020.05.28-04.59.04:098][195]PIE: New page: PIE session: ThirdPersonExampleMap (May 27, 2020, 2:59:04 p.m.)
[2020.05.28-04.59.04:099][195]LogOnline: OSS: Creating online subsystem instance for: NULL
[2020.05.28-04.59.04:100][195]LogOnline: OSS: TryLoadSubsystemAndSetDefault: Loaded subsystem for module [NULL]
[2020.05.28-04.59.04:100][195]LogPlayLevel: Creating play world package: /Game/ThirdPersonBP/Maps/UEDPIE_0_ThirdPersonExampleMap
[2020.05.28-04.59.04:113][195]LogPlayLevel: PIE: StaticDuplicateObject took: (0.013021s)
[2020.05.28-04.59.04:115][195]LogAIModule: Creating AISystem for world ThirdPersonExampleMap
[2020.05.28-04.59.04:115][195]LogPlayLevel: PIE: World Init took: (0.001411s)
[2020.05.28-04.59.04:115][195]LogPlayLevel: PIE: Created PIE world by copying editor world from /Game/ThirdPersonBP/Maps/ThirdPersonExampleMap.ThirdPersonExampleMap to /Game/ThirdPersonBP/Maps/UEDPIE_0_ThirdPersonExampleMap.ThirdPersonExampleMap (0.014765s)
[2020.05.28-04.59.04:155][195]LogUObjectHash: Compacting FUObjectHashTables data took   1.68ms
[2020.05.28-04.59.04:156][195]LogAudioMixer: Display: Audio Mixer Platform Settings:
[2020.05.28-04.59.04:156][195]LogAudioMixer: Display: 	Sample Rate:						  48000
[2020.05.28-04.59.04:156][195]LogAudioMixer: Display: 	Callback Buffer Frame Size Requested: 1024
[2020.05.28-04.59.04:156][195]LogAudioMixer: Display: 	Callback Buffer Frame Size To Use:	  1024
[2020.05.28-04.59.04:156][195]LogAudioMixer: Display: 	Number of buffers to queue:			  2
[2020.05.28-04.59.04:156][195]LogAudioMixer: Display: 	Max Channels (voices):				  32
[2020.05.28-04.59.04:156][195]LogAudioMixer: Display: 	Number of Async Source Workers:		  0
[2020.05.28-04.59.04:156][195]LogAudio: Display: AudioDevice MaxSources: 32
[2020.05.28-04.59.04:157][195]LogAudio: Display: Using built-in audio occlusion.
[2020.05.28-04.59.04:157][195]LogAudioMixer: Display: Initializing audio mixer.
[2020.05.28-04.59.04:212][195]LogAudioMixer: Display: Audio Device Output Speaker Info:
[2020.05.28-04.59.04:212][195]LogAudioMixer: Display: Name: Speakers (Logitech G433 Gaming Headset)
[2020.05.28-04.59.04:212][195]LogAudioMixer: Display: Is Default: Yes
[2020.05.28-04.59.04:212][195]LogAudioMixer: Display: Sample Rate: 48000
[2020.05.28-04.59.04:212][195]LogAudioMixer: Display: Channel Count Used: 8
[2020.05.28-04.59.04:212][195]LogAudioMixer: Display: Device Channel Count: 8
[2020.05.28-04.59.04:212][195]LogAudioMixer: Display: Channel Order:
[2020.05.28-04.59.04:212][195]LogAudioMixer: Display: 0: FrontLeft
[2020.05.28-04.59.04:212][195]LogAudioMixer: Display: 1: FrontRight
[2020.05.28-04.59.04:212][195]LogAudioMixer: Display: 2: FrontCenter
[2020.05.28-04.59.04:212][195]LogAudioMixer: Display: 3: LowFrequency
[2020.05.28-04.59.04:212][195]LogAudioMixer: Display: 4: BackLeft
[2020.05.28-04.59.04:212][195]LogAudioMixer: Display: 5: BackRight
[2020.05.28-04.59.04:212][195]LogAudioMixer: Display: 6: SideLeft
[2020.05.28-04.59.04:212][195]LogAudioMixer: Display: 7: SideRight
[2020.05.28-04.59.04:230][195]LogAudioMixer: Display: Using Audio Device Speakers (Logitech G433 Gaming Headset)
[2020.05.28-04.59.04:232][195]LogInit: FAudioDevice initialized.
[2020.05.28-04.59.04:248][195]LogLoad: Game class is 'ThirdPersonGameMode_C'
[2020.05.28-04.59.04:264][195]LogWorld: Bringing World /Game/ThirdPersonBP/Maps/UEDPIE_0_ThirdPersonExampleMap.ThirdPersonExampleMap up for play (max tick rate 0) at 2020.05.27-21.59.04
[2020.05.28-04.59.04:265][195]LogWorld: Bringing up level for play took: 0.016068
[2020.05.28-04.59.04:265][195]LogOnline: OSS: Creating online subsystem instance for: :Context_3
[2020.05.28-04.59.04:268][195]LogContentBrowser: Native class hierarchy updated for 'MovieSceneCapture' in 0.0004 seconds. Added 20 classes and 0 folders.
[2020.05.28-04.59.04:270][195]PIE: Play in editor start time for /Game/ThirdPersonBP/Maps/UEDPIE_0_ThirdPersonExampleMap 0.149
[2020.05.28-04.59.04:271][195]LogBlueprintUserMessages: Late PlayInEditor Detection: Level '/Game/ThirdPersonBP/Maps/ThirdPersonExampleMap.ThirdPersonExampleMap:PersistentLevel' has LevelScriptBlueprint '/Game/ThirdPersonBP/Maps/ThirdPersonExampleMap.ThirdPersonExampleMap:PersistentLevel.ThirdPersonExampleMap' with GeneratedClass '/Game/ThirdPersonBP/Maps/ThirdPersonExampleMap.ThirdPersonExampleMap_C' with ClassGeneratedBy '/Game/ThirdPersonBP/Maps/ThirdPersonExampleMap.ThirdPersonExampleMap:PersistentLevel.ThirdPersonExampleMap'
[2020.05.28-04.59.14:511][397]LogAudioMixer: Display: No commands were queued while flushing the source manager.
[2020.05.28-04.59.14:512][397]LogAudioMixer: Display: Flush succeeded in the source manager command queue (1).
[2020.05.28-04.59.14:532][397]LogAudioMixer: Display: Flush succeeded the source manager command queue (2).
[2020.05.28-04.59.14:532][397]LogBlueprintUserMessages: Early EndPlayMap Detection: Level '/Game/ThirdPersonBP/Maps/ThirdPersonExampleMap.ThirdPersonExampleMap:PersistentLevel' has LevelScriptBlueprint '/Game/ThirdPersonBP/Maps/ThirdPersonExampleMap.ThirdPersonExampleMap:PersistentLevel.ThirdPersonExampleMap' with GeneratedClass '/Game/ThirdPersonBP/Maps/ThirdPersonExampleMap.ThirdPersonExampleMap_C' with ClassGeneratedBy '/Game/ThirdPersonBP/Maps/ThirdPersonExampleMap.ThirdPersonExampleMap:PersistentLevel.ThirdPersonExampleMap'
[2020.05.28-04.59.14:532][397]LogSlate: Updating window title bar state: overlay mode, drag disabled, window buttons hidden, title bar hidden
[2020.05.28-04.59.14:532][397]LogWorld: BeginTearingDown for /Game/ThirdPersonBP/Maps/UEDPIE_0_ThirdPersonExampleMap
[2020.05.28-04.59.14:532][397]LogAudioMixer: Display: No commands were queued while flushing the source manager.
[2020.05.28-04.59.14:532][397]LogWorld: UWorld::CleanupWorld for ThirdPersonExampleMap, bSessionEnded=true, bCleanupResources=true
[2020.05.28-04.59.14:533][397]LogSlate: InvalidateAllWidgets triggered.  All widgets were invalidated
[2020.05.28-04.59.14:540][397]LogPlayLevel: Display: Shutting down PIE online subsystems
[2020.05.28-04.59.14:540][397]LogBlueprintUserMessages: Late EndPlayMap Detection: Level '/Game/ThirdPersonBP/Maps/ThirdPersonExampleMap.ThirdPersonExampleMap:PersistentLevel' has LevelScriptBlueprint '/Game/ThirdPersonBP/Maps/ThirdPersonExampleMap.ThirdPersonExampleMap:PersistentLevel.ThirdPersonExampleMap' with GeneratedClass '/Game/ThirdPersonBP/Maps/ThirdPersonExampleMap.ThirdPersonExampleMap_C' with ClassGeneratedBy '/Game/ThirdPersonBP/Maps/ThirdPersonExampleMap.ThirdPersonExampleMap:PersistentLevel.ThirdPersonExampleMap'
[2020.05.28-04.59.14:543][397]LogSlate: InvalidateAllWidgets triggered.  All widgets were invalidated
[2020.05.28-04.59.14:583][397]LogAudioMixer: Display: No commands were queued while flushing the source manager.
[2020.05.28-04.59.14:586][397]LogSlate: Updating window title bar state: overlay mode, drag disabled, window buttons hidden, title bar hidden
[2020.05.28-04.59.14:589][397]LogUObjectHash: Compacting FUObjectHashTables data took   2.23ms
[2020.05.28-04.59.14:619][398]LogPlayLevel: Display: Destroying online subsystem :Context_3
[2020.05.28-04.59.15:659][502]LogSlate: Took 0.000381 seconds to synchronously load lazily loaded font '../../../Engine/Content/Slate/Fonts/Roboto-Light.ttf' (167K)
[2020.05.28-04.59.15:674][502]LogAssetEditorSubsystem: Opening Asset editor for Blueprint /Game/Explosion.Explosion
[2020.05.28-04.59.15:848][502]LogContentBrowser: Native class hierarchy updated for 'BlueprintGraph' in 0.0006 seconds. Added 121 classes and 0 folders.
[2020.05.28-04.59.16:728][502]LogSlate: Took 0.000398 seconds to synchronously load lazily loaded font '../../../Engine/Content/Slate/Fonts/Roboto-BoldCondensed.ttf' (158K)
[2020.05.28-04.59.26:216][380]LogUObjectHash: Compacting FUObjectHashTables data took   3.35ms
[2020.05.28-04.59.26:453][380]LogSavePackage: Moving 'C:/Users/haora/Documents/GitHub/ProjectA_V7/Saved/ThirdPersonExampleMap459BCA2F4753D5C54CD175949073F899.tmp' to 'C:/Users/haora/Documents/GitHub/ProjectA_V7/Content/ThirdPersonBP/Maps/ThirdPersonExampleMap.umap'
[2020.05.28-04.59.26:583][380]LogSavePackage: Moving 'C:/Users/haora/Documents/GitHub/ProjectA_V7/Saved/ThirdPersonExampleMap_BuiltData236FBF6E4E40439E6EE73C9FACE6621C.tmp' to 'C:/Users/haora/Documents/GitHub/ProjectA_V7/Content/ThirdPersonBP/Maps/ThirdPersonExampleMap_BuiltData.uasset'
[2020.05.28-04.59.26:612][380]AssetCheck: New page: Asset Save: multiple assets
[2020.05.28-04.59.26:612][380]LogContentValidation: Display: Validating World /Game/ThirdPersonBP/Maps/ThirdPersonExampleMap.ThirdPersonExampleMap
[2020.05.28-04.59.26:612][380]LogContentValidation: Display: Validating MapBuildDataRegistry /Game/ThirdPersonBP/Maps/ThirdPersonExampleMap_BuiltData.ThirdPersonExampleMap_BuiltData
[2020.05.28-05.00.47:008][574]BlueprintLog: New page: Compile Explosion
[2020.05.28-05.00.47:265][574]LogUObjectHash: Compacting FUObjectHashTables data took   3.77ms
[2020.05.28-05.00.47:712][607]Cmd: OBJ SAVEPACKAGE PACKAGE="/Game/Explosion" FILE="C:/Users/haora/Documents/GitHub/ProjectA_V7/Content/Explosion.uasset" SILENT=true
[2020.05.28-05.00.47:725][607]LogSavePackage: Moving 'C:/Users/haora/Documents/GitHub/ProjectA_V7/Saved/Explosion043359FE452BD1D771E5B4AD7973918B.tmp' to 'C:/Users/haora/Documents/GitHub/ProjectA_V7/Content/Explosion.uasset'
[2020.05.28-05.00.47:753][607]AssetCheck: New page: Asset Save: Explosion
[2020.05.28-05.00.47:753][607]LogContentValidation: Display: Validating Blueprint /Game/Explosion.Explosion
[2020.05.28-05.00.49:653][754]Cmd: OBJ SAVEPACKAGE PACKAGE="/Game/Explosion" FILE="C:/Users/haora/Documents/GitHub/ProjectA_V7/Content/Explosion.uasset" SILENT=true
[2020.05.28-05.00.49:666][754]LogSavePackage: Moving 'C:/Users/haora/Documents/GitHub/ProjectA_V7/Saved/Explosion7EA00C1648F2734502EFB99A0DCFABCB.tmp' to 'C:/Users/haora/Documents/GitHub/ProjectA_V7/Content/Explosion.uasset'
[2020.05.28-05.00.49:687][754]AssetCheck: New page: Asset Save: Explosion
[2020.05.28-05.00.49:687][754]LogContentValidation: Display: Validating Blueprint /Game/Explosion.Explosion
[2020.05.28-05.00.51:223][887]LogSlate: Window 'Explosion' being destroyed
[2020.05.28-05.00.51:230][887]LogSlate: Window 'Explosion' being destroyed
[2020.05.28-05.00.51:238][887]LogWorld: UWorld::CleanupWorld for World_2, bSessionEnded=true, bCleanupResources=true
[2020.05.28-05.00.51:239][887]LogSlate: InvalidateAllWidgets triggered.  All widgets were invalidated
[2020.05.28-05.00.52:317][999]LogLinker: Warning: While loading 'C:/Users/haora/Documents/GitHub/ProjectA_V7/Content/Grenade.uasset' failed to load '/Game/ThirdPersonBP/Blueprints/Explosion': Can't find file.
[2020.05.28-05.00.52:318][999]LogLinker: Warning: While loading 'C:/Users/haora/Documents/GitHub/ProjectA_V7/Content/Grenade.uasset' failed to load '/Game/ThirdPersonBP/Blueprints/Explosion': Can't find file.
[2020.05.28-05.00.52:327][999]LogLinker: Warning: While loading 'C:/Users/haora/Documents/GitHub/ProjectA_V7/Content/Grenade.uasset' failed to load '/Game/ThirdPersonBP/Blueprints/Explosion': Can't find file.
[2020.05.28-05.00.52:327][999]LogLinker: Warning: While loading 'C:/Users/haora/Documents/GitHub/ProjectA_V7/Content/Grenade.uasset' failed to load '/Game/ThirdPersonBP/Blueprints/Explosion': Can't find file.
[2020.05.28-05.00.52:328][999]LogLinker: Warning: Failed to load '/Game/ThirdPersonBP/Blueprints/Explosion': Can't find file.
[2020.05.28-05.00.52:328][999]LogLinker: Warning: Failed to load '/Game/ThirdPersonBP/Blueprints/Explosion': Can't find file.
[2020.05.28-05.00.52:328][999]LogLinker: Warning: Failed to load '/Game/ThirdPersonBP/Blueprints/Explosion': Can't find file.
[2020.05.28-05.00.52:329][999]LogLinker: Warning: Failed to load '/Game/ThirdPersonBP/Blueprints/Explosion': Can't find file.
[2020.05.28-05.00.52:329][999]LogLinker: Warning: Failed to load '/Game/ThirdPersonBP/Blueprints/Explosion': Can't find file.
[2020.05.28-05.00.52:329][999]LogLinker: Warning: Failed to load '/Game/ThirdPersonBP/Blueprints/Explosion': Can't find file.
[2020.05.28-05.00.52:330][999]LogLinker: Warning: While loading 'C:/Users/haora/Documents/GitHub/ProjectA_V7/Content/Grenade.uasset' failed to load '/Game/ThirdPersonBP/Blueprints/Explosion': Can't find file.
[2020.05.28-05.00.52:330][999]LoadErrors: Failed to load /Game/ThirdPersonBP/Blueprints/Explosion.Explosion_C Referenced by K2Node_SpawnActorFromClass_0
[2020.05.28-05.00.52:330][999]LogLinker: Warning: While loading 'C:/Users/haora/Documents/GitHub/ProjectA_V7/Content/Grenade.uasset' failed to load '/Game/ThirdPersonBP/Blueprints/Explosion': Can't find file.
[2020.05.28-05.00.52:330][999]LogLinker: Warning: While loading 'C:/Users/haora/Documents/GitHub/ProjectA_V7/Content/Grenade.uasset' failed to load '/Game/ThirdPersonBP/Blueprints/Explosion': Can't find file.
[2020.05.28-05.00.52:331][999]LogLinker: Warning: While loading 'C:/Users/haora/Documents/GitHub/ProjectA_V7/Content/Grenade.uasset' failed to load '/Game/ThirdPersonBP/Blueprints/Explosion': Can't find file.
[2020.05.28-05.00.52:332][999]LogBlueprint: Error: [Compiler Grenade] Spawn node  SpawnActor NONE  must have a  Class  specified.
[2020.05.28-05.00.52:332][999]LogBlueprint: Warning: [Compiler Grenade] Input pin  Instigator  specifying non-default value no longer exists on node  SpawnActor NONE . Please refresh node or reset pin to default value to remove pin.
[2020.05.28-05.00.52:367][999]LogAssetEditorSubsystem: Opening Asset editor for Blueprint /Game/Grenade.Grenade
[2020.05.28-05.00.56:787][342]BlueprintLog: New page: Compile Grenade
[2020.05.28-05.00.56:789][342]LogBlueprint: Error: [Compiler Grenade] Spawn node  SpawnActor NONE  must have a  Class  specified.
[2020.05.28-05.00.56:790][342]LogBlueprint: Warning: [Compiler Grenade] Input pin  Instigator  specifying non-default value no longer exists on node  SpawnActor NONE . Please refresh node or reset pin to default value to remove pin.
[2020.05.28-05.00.57:034][342]LogUObjectHash: Compacting FUObjectHashTables data took   3.37ms
[2020.05.28-05.01.06:928][262]BlueprintLog: New page: Compile Grenade
[2020.05.28-05.01.07:184][262]LogUObjectHash: Compacting FUObjectHashTables data took   3.61ms
[2020.05.28-05.01.10:734][601]LogSlate: Prevented a slow task dialog from being summoned while a context menu was open
[2020.05.28-05.01.20:440][572]LogSlate: Prevented a slow task dialog from being summoned while a context menu was open
[2020.05.28-05.01.23:236][815]LogEditorViewport: Clicking on Actor (LMB): StaticMeshActor (Floor)
[2020.05.28-05.01.28:129][283]LogMetaData: Removing '/Game/Weapons/Explosion.Explosion:UserConstructionScript.K2Node_FunctionEntry_0' ref from Metadata '/Game/Explosion.PackageMetaData'
[2020.05.28-05.01.28:129][283]LogMetaData: Removing '/Game/Weapons/Explosion.Explosion_C' ref from Metadata '/Game/Explosion.PackageMetaData'
[2020.05.28-05.01.28:129][283]LogMetaData: Removing '/Game/Weapons/Explosion.Explosion:EventGraph.K2Node_Event_0' ref from Metadata '/Game/Explosion.PackageMetaData'
[2020.05.28-05.01.28:129][283]LogMetaData: Removing '/Game/Weapons/Explosion.Explosion:EventGraph.K2Node_Event_1' ref from Metadata '/Game/Explosion.PackageMetaData'
[2020.05.28-05.01.28:129][283]LogMetaData: Removing '/Game/Weapons/Explosion.Explosion:EventGraph.K2Node_Event_2' ref from Metadata '/Game/Explosion.PackageMetaData'
[2020.05.28-05.01.28:129][283]LogMetaData: Removing '/Game/Weapons/Explosion.SKEL_Explosion_C' ref from Metadata '/Game/Explosion.PackageMetaData'
[2020.05.28-05.01.28:129][283]LogMetaData: Removing '/Game/Weapons/Explosion.SKEL_Explosion_C:ReceiveBeginPlay' ref from Metadata '/Game/Explosion.PackageMetaData'
[2020.05.28-05.01.28:129][283]LogMetaData: Removing '/Game/Weapons/Explosion.SKEL_Explosion_C:DefaultSceneRoot' ref from Metadata '/Game/Explosion.PackageMetaData'
[2020.05.28-05.01.28:129][283]LogMetaData: Removing '/Game/Weapons/Explosion.SKEL_Explosion_C:RadialForce' ref from Metadata '/Game/Explosion.PackageMetaData'
[2020.05.28-05.01.28:129][283]LogMetaData: Removing '/Game/Weapons/Explosion.SKEL_Explosion_C:ParticleSystem' ref from Metadata '/Game/Explosion.PackageMetaData'
[2020.05.28-05.01.28:129][283]LogMetaData: Removing '/Game/Weapons/Explosion.SKEL_Explosion_C:UserConstructionScript' ref from Metadata '/Game/Explosion.PackageMetaData'
[2020.05.28-05.01.28:129][283]LogMetaData: Removing '/Game/Weapons/Explosion.Explosion_C:DefaultSceneRoot' ref from Metadata '/Game/Explosion.PackageMetaData'
[2020.05.28-05.01.28:129][283]LogMetaData: Removing '/Game/Weapons/Explosion.Explosion_C:RadialForce' ref from Metadata '/Game/Explosion.PackageMetaData'
[2020.05.28-05.01.28:129][283]LogMetaData: Removing '/Game/Weapons/Explosion.Explosion_C:ParticleSystem' ref from Metadata '/Game/Explosion.PackageMetaData'
[2020.05.28-05.01.28:129][283]LogMetaData: Removing '/Game/Weapons/Explosion.Explosion_C:ReceiveBeginPlay' ref from Metadata '/Game/Explosion.PackageMetaData'
[2020.05.28-05.01.28:165][283]Cmd: OBJ SAVEPACKAGE PACKAGE="/Game/Weapons/Explosion" FILE="C:/Users/haora/Documents/GitHub/ProjectA_V7/Content/Weapons/Explosion.uasset" SILENT=true
[2020.05.28-05.01.28:175][283]LogSavePackage: Moving 'C:/Users/haora/Documents/GitHub/ProjectA_V7/Saved/ExplosionE5120153472702DBC2BF4BA1C430254D.tmp' to 'C:/Users/haora/Documents/GitHub/ProjectA_V7/Content/Weapons/Explosion.uasset'
[2020.05.28-05.01.28:511][283]LogUObjectHash: Compacting FUObjectHashTables data took   3.93ms
[2020.05.28-05.01.28:567][283]LogUObjectHash: Compacting FUObjectHashTables data took   2.34ms
[2020.05.28-05.01.28:606][283]LogUObjectHash: Compacting FUObjectHashTables data took   1.05ms
[2020.05.28-05.01.28:663][283]AssetCheck: New page: Asset Save: Explosion
[2020.05.28-05.01.28:663][283]LogContentValidation: Display: Validating Blueprint /Game/Weapons/Explosion.Explosion
[2020.05.28-05.01.30:249][446]LogMetaData: Removing '/Game/Weapons/Grenade.Grenade:UserConstructionScript.K2Node_FunctionEntry_0' ref from Metadata '/Game/Grenade.PackageMetaData'
[2020.05.28-05.01.30:249][446]LogMetaData: Removing '/Game/Weapons/Grenade.Grenade_C' ref from Metadata '/Game/Grenade.PackageMetaData'
[2020.05.28-05.01.30:249][446]LogMetaData: Removing '/Game/Weapons/Grenade.Grenade:EventGraph.K2Node_Event_0' ref from Metadata '/Game/Grenade.PackageMetaData'
[2020.05.28-05.01.30:249][446]LogMetaData: Removing '/Game/Weapons/Grenade.SKEL_Grenade_C' ref from Metadata '/Game/Grenade.PackageMetaData'
[2020.05.28-05.01.30:249][446]LogMetaData: Removing '/Game/Weapons/Grenade.SKEL_Grenade_C:ReceiveBeginPlay' ref from Metadata '/Game/Grenade.PackageMetaData'
[2020.05.28-05.01.30:249][446]LogMetaData: Removing '/Game/Weapons/Grenade.SKEL_Grenade_C:Detonate' ref from Metadata '/Game/Grenade.PackageMetaData'
[2020.05.28-05.01.30:249][446]LogMetaData: Removing '/Game/Weapons/Grenade.SKEL_Grenade_C:Grenade Velocity' ref from Metadata '/Game/Grenade.PackageMetaData'
[2020.05.28-05.01.30:249][446]LogMetaData: Removing '/Game/Weapons/Grenade.SKEL_Grenade_C:StaticMesh' ref from Metadata '/Game/Grenade.PackageMetaData'
[2020.05.28-05.01.30:249][446]LogMetaData: Removing '/Game/Weapons/Grenade.SKEL_Grenade_C:UserConstructionScript' ref from Metadata '/Game/Grenade.PackageMetaData'
[2020.05.28-05.01.30:249][446]LogMetaData: Removing '/Game/Weapons/Grenade.Grenade_C:Grenade Velocity' ref from Metadata '/Game/Grenade.PackageMetaData'
[2020.05.28-05.01.30:249][446]LogMetaData: Removing '/Game/Weapons/Grenade.Grenade_C:StaticMesh' ref from Metadata '/Game/Grenade.PackageMetaData'
[2020.05.28-05.01.30:249][446]LogMetaData: Removing '/Game/Weapons/Grenade.Grenade_C:ReceiveBeginPlay' ref from Metadata '/Game/Grenade.PackageMetaData'
[2020.05.28-05.01.30:289][446]Cmd: OBJ SAVEPACKAGE PACKAGE="/Game/Weapons/Grenade" FILE="C:/Users/haora/Documents/GitHub/ProjectA_V7/Content/Weapons/Grenade.uasset" SILENT=true
[2020.05.28-05.01.30:310][446]LogSavePackage: Moving 'C:/Users/haora/Documents/GitHub/ProjectA_V7/Saved/Grenade6C65167A425193989941668B10CECEF9.tmp' to 'C:/Users/haora/Documents/GitHub/ProjectA_V7/Content/Weapons/Grenade.uasset'
[2020.05.28-05.01.30:523][446]LogUObjectHash: Compacting FUObjectHashTables data took   3.09ms
[2020.05.28-05.01.30:575][446]LogUObjectHash: Compacting FUObjectHashTables data took   3.34ms
[2020.05.28-05.01.30:610][446]LogUObjectHash: Compacting FUObjectHashTables data took   1.15ms
[2020.05.28-05.01.30:677][446]AssetCheck: New page: Asset Save: Grenade
[2020.05.28-05.01.30:677][446]LogContentValidation: Display: Validating Blueprint /Game/Weapons/Grenade.Grenade
[2020.05.28-05.01.35:126][890]Cmd: OBJ SAVEPACKAGE PACKAGE="/Game/Weapons/Grenade" FILE="C:/Users/haora/Documents/GitHub/ProjectA_V7/Content/Weapons/Grenade.uasset" SILENT=true
[2020.05.28-05.01.35:149][890]LogSavePackage: Moving 'C:/Users/haora/Documents/GitHub/ProjectA_V7/Saved/GrenadeA4F8A4DD4F7F262125B18BB3B73D6944.tmp' to 'C:/Users/haora/Documents/GitHub/ProjectA_V7/Content/Weapons/Grenade.uasset'
[2020.05.28-05.01.35:239][890]AssetCheck: New page: Asset Save: Grenade
[2020.05.28-05.01.35:239][890]LogContentValidation: Display: Validating Blueprint /Game/Weapons/Grenade.Grenade
[2020.05.28-05.01.37:196][ 89]LogSlate: Window 'Failed Renames' being destroyed
[2020.05.28-05.01.40:373][377]LogUObjectHash: Compacting FUObjectHashTables data took   3.55ms
[2020.05.28-05.01.40:711][377]LogSlate: Took 0.000557 seconds to synchronously load lazily loaded font '../../../Engine/Content/Slate/Fonts/Roboto-Light.ttf' (167K)
[2020.05.28-05.01.47:517][377]LogSlate: Window 'Delete Assets' being destroyed
[2020.05.28-05.01.51:587][719]LogUObjectHash: Compacting FUObjectHashTables data took   2.82ms
[2020.05.28-05.01.54:422][719]LogSlate: Window 'Delete Assets' being destroyed
[2020.05.28-05.01.57:780][719]LogSlate: Window 'Grenade' being destroyed
[2020.05.28-05.01.57:785][719]LogWorld: UWorld::CleanupWorld for World_3, bSessionEnded=true, bCleanupResources=true
[2020.05.28-05.01.57:785][719]LogSlate: InvalidateAllWidgets triggered.  All widgets were invalidated
[2020.05.28-05.01.57:832][719]LogUObjectGlobals: Force Deleting 1 Package(s):
	Asset Name: /Game/Weapons/Blueprint/Explosion.Explosion
[2020.05.28-05.01.58:607][719]LogUObjectHash: Compacting FUObjectHashTables data took   3.17ms
[2020.05.28-05.01.58:654][719]LogUObjectHash: Compacting FUObjectHashTables data took   3.19ms
[2020.05.28-05.01.58:693][719]LogUObjectHash: Compacting FUObjectHashTables data took   1.16ms
[2020.05.28-05.02.02:636][ 75]LogMetaData: Removing '/Game/Weapons/Blueprint/Explosion.Explosion_C' ref from Metadata '/Game/Weapons/Explosion.PackageMetaData'
[2020.05.28-05.02.02:636][ 75]LogMetaData: Removing '/Game/Weapons/Blueprint/Explosion.Explosion_C:RadialForce' ref from Metadata '/Game/Weapons/Explosion.PackageMetaData'
[2020.05.28-05.02.02:636][ 75]LogMetaData: Removing '/Game/Weapons/Blueprint/Explosion.Explosion_C:DefaultSceneRoot' ref from Metadata '/Game/Weapons/Explosion.PackageMetaData'
[2020.05.28-05.02.02:636][ 75]LogMetaData: Removing '/Game/Weapons/Blueprint/Explosion.Explosion_C:ParticleSystem' ref from Metadata '/Game/Weapons/Explosion.PackageMetaData'
[2020.05.28-05.02.02:636][ 75]LogMetaData: Removing '/Game/Weapons/Blueprint/Explosion.Explosion_C:ReceiveBeginPlay' ref from Metadata '/Game/Weapons/Explosion.PackageMetaData'
[2020.05.28-05.02.02:636][ 75]LogMetaData: Removing '/Game/Weapons/Blueprint/Explosion.SKEL_Explosion_C' ref from Metadata '/Game/Weapons/Explosion.PackageMetaData'
[2020.05.28-05.02.02:636][ 75]LogMetaData: Removing '/Game/Weapons/Blueprint/Explosion.SKEL_Explosion_C:ReceiveBeginPlay' ref from Metadata '/Game/Weapons/Explosion.PackageMetaData'
[2020.05.28-05.02.02:636][ 75]LogMetaData: Removing '/Game/Weapons/Blueprint/Explosion.SKEL_Explosion_C:DefaultSceneRoot' ref from Metadata '/Game/Weapons/Explosion.PackageMetaData'
[2020.05.28-05.02.02:636][ 75]LogMetaData: Removing '/Game/Weapons/Blueprint/Explosion.SKEL_Explosion_C:RadialForce' ref from Metadata '/Game/Weapons/Explosion.PackageMetaData'
[2020.05.28-05.02.02:636][ 75]LogMetaData: Removing '/Game/Weapons/Blueprint/Explosion.SKEL_Explosion_C:ParticleSystem' ref from Metadata '/Game/Weapons/Explosion.PackageMetaData'
[2020.05.28-05.02.02:636][ 75]LogMetaData: Removing '/Game/Weapons/Blueprint/Explosion.SKEL_Explosion_C:UserConstructionScript' ref from Metadata '/Game/Weapons/Explosion.PackageMetaData'
[2020.05.28-05.02.02:636][ 75]LogMetaData: Removing '/Game/Weapons/Blueprint/Explosion.Explosion:EventGraph.K2Node_Event_0' ref from Metadata '/Game/Weapons/Explosion.PackageMetaData'
[2020.05.28-05.02.02:636][ 75]LogMetaData: Removing '/Game/Weapons/Blueprint/Explosion.Explosion:UserConstructionScript.K2Node_FunctionEntry_0' ref from Metadata '/Game/Weapons/Explosion.PackageMetaData'
[2020.05.28-05.02.02:668][ 75]Cmd: OBJ SAVEPACKAGE PACKAGE="/Game/Weapons/Blueprint/Explosion" FILE="C:/Users/haora/Documents/GitHub/ProjectA_V7/Content/Weapons/Blueprint/Explosion.uasset" SILENT=true
[2020.05.28-05.02.02:676][ 75]LogSavePackage: Moving 'C:/Users/haora/Documents/GitHub/ProjectA_V7/Saved/Explosion557FEE884B90AC76F6F9B189A71EAA41.tmp' to 'C:/Users/haora/Documents/GitHub/ProjectA_V7/Content/Weapons/Blueprint/Explosion.uasset'
[2020.05.28-05.02.02:892][ 75]LogUObjectHash: Compacting FUObjectHashTables data took   2.80ms
[2020.05.28-05.02.02:942][ 75]LogUObjectHash: Compacting FUObjectHashTables data took   2.83ms
[2020.05.28-05.02.02:986][ 75]LogUObjectHash: Compacting FUObjectHashTables data took   1.05ms
[2020.05.28-05.02.03:013][ 75]Cmd: OBJ SAVEPACKAGE PACKAGE="/Game/Weapons/Grenade" FILE="C:/Users/haora/Documents/GitHub/ProjectA_V7/Content/Weapons/Grenade.uasset" SILENT=true
[2020.05.28-05.02.03:034][ 75]LogSavePackage: Moving 'C:/Users/haora/Documents/GitHub/ProjectA_V7/Saved/Grenade080B8BD440086D79BEF4428567F6F2A5.tmp' to 'C:/Users/haora/Documents/GitHub/ProjectA_V7/Content/Weapons/Grenade.uasset'
[2020.05.28-05.02.03:103][ 75]AssetCheck: New page: Asset Save: multiple assets
[2020.05.28-05.02.03:103][ 75]LogContentValidation: Display: Validating Blueprint /Game/Weapons/Blueprint/Explosion.Explosion
[2020.05.28-05.02.03:103][ 75]LogContentValidation: Display: Validating Blueprint /Game/Weapons/Grenade.Grenade
[2020.05.28-05.02.05:160][278]LogMetaData: Removing '/Game/Weapons/Blueprint/Grenade.Grenade_C' ref from Metadata '/Game/Weapons/Grenade.PackageMetaData'
[2020.05.28-05.02.05:160][278]LogMetaData: Removing '/Game/Weapons/Blueprint/Grenade.Grenade_C:ReceiveBeginPlay' ref from Metadata '/Game/Weapons/Grenade.PackageMetaData'
[2020.05.28-05.02.05:160][278]LogMetaData: Removing '/Game/Weapons/Blueprint/Grenade.Grenade_C:StaticMesh' ref from Metadata '/Game/Weapons/Grenade.PackageMetaData'
[2020.05.28-05.02.05:160][278]LogMetaData: Removing '/Game/Weapons/Blueprint/Grenade.Grenade_C:Grenade Velocity' ref from Metadata '/Game/Weapons/Grenade.PackageMetaData'
[2020.05.28-05.02.05:160][278]LogMetaData: Removing '/Game/Weapons/Blueprint/Grenade.SKEL_Grenade_C' ref from Metadata '/Game/Weapons/Grenade.PackageMetaData'
[2020.05.28-05.02.05:160][278]LogMetaData: Removing '/Game/Weapons/Blueprint/Grenade.SKEL_Grenade_C:ReceiveBeginPlay' ref from Metadata '/Game/Weapons/Grenade.PackageMetaData'
[2020.05.28-05.02.05:160][278]LogMetaData: Removing '/Game/Weapons/Blueprint/Grenade.SKEL_Grenade_C:Detonate' ref from Metadata '/Game/Weapons/Grenade.PackageMetaData'
[2020.05.28-05.02.05:160][278]LogMetaData: Removing '/Game/Weapons/Blueprint/Grenade.SKEL_Grenade_C:Grenade Velocity' ref from Metadata '/Game/Weapons/Grenade.PackageMetaData'
[2020.05.28-05.02.05:160][278]LogMetaData: Removing '/Game/Weapons/Blueprint/Grenade.SKEL_Grenade_C:StaticMesh' ref from Metadata '/Game/Weapons/Grenade.PackageMetaData'
[2020.05.28-05.02.05:160][278]LogMetaData: Removing '/Game/Weapons/Blueprint/Grenade.SKEL_Grenade_C:UserConstructionScript' ref from Metadata '/Game/Weapons/Grenade.PackageMetaData'
[2020.05.28-05.02.05:160][278]LogMetaData: Removing '/Game/Weapons/Blueprint/Grenade.Grenade:EventGraph.K2Node_Event_0' ref from Metadata '/Game/Weapons/Grenade.PackageMetaData'
[2020.05.28-05.02.05:160][278]LogMetaData: Removing '/Game/Weapons/Blueprint/Grenade.Grenade:UserConstructionScript.K2Node_FunctionEntry_0' ref from Metadata '/Game/Weapons/Grenade.PackageMetaData'
[2020.05.28-05.02.05:204][278]Cmd: OBJ SAVEPACKAGE PACKAGE="/Game/Weapons/Blueprint/Grenade" FILE="C:/Users/haora/Documents/GitHub/ProjectA_V7/Content/Weapons/Blueprint/Grenade.uasset" SILENT=true
[2020.05.28-05.02.05:223][278]LogSavePackage: Moving 'C:/Users/haora/Documents/GitHub/ProjectA_V7/Saved/GrenadeF236A41C4CEE7959397D9FA85AB2BF15.tmp' to 'C:/Users/haora/Documents/GitHub/ProjectA_V7/Content/Weapons/Blueprint/Grenade.uasset'
[2020.05.28-05.02.05:424][278]LogUObjectHash: Compacting FUObjectHashTables data took   3.03ms
[2020.05.28-05.02.05:475][278]LogUObjectHash: Compacting FUObjectHashTables data took   2.83ms
[2020.05.28-05.02.05:515][278]LogUObjectHash: Compacting FUObjectHashTables data took   1.11ms
[2020.05.28-05.02.05:568][278]AssetCheck: New page: Asset Save: Grenade
[2020.05.28-05.02.05:568][278]LogContentValidation: Display: Validating Blueprint /Game/Weapons/Blueprint/Grenade.Grenade
[2020.05.28-05.02.27:714][619]LogAssetEditorSubsystem: Opening Asset editor for Blueprint /Game/Weapons/Blueprint/Grenade.Grenade
[2020.05.28-05.02.29:006][677]LogSlate: Prevented a slow task dialog from being summoned while a context menu was open
[2020.05.28-05.02.37:384][288]BlueprintLog: New page: Compile Grenade
[2020.05.28-05.02.37:641][288]LogUObjectHash: Compacting FUObjectHashTables data took   3.43ms
[2020.05.28-05.02.38:147][322]Cmd: OBJ SAVEPACKAGE PACKAGE="/Game/Weapons/Blueprint/Grenade" FILE="C:/Users/haora/Documents/GitHub/ProjectA_V7/Content/Weapons/Blueprint/Grenade.uasset" SILENT=true
[2020.05.28-05.02.38:167][322]LogSavePackage: Moving 'C:/Users/haora/Documents/GitHub/ProjectA_V7/Saved/Grenade68613A7F4F9783216F3AB9AE390E0A7D.tmp' to 'C:/Users/haora/Documents/GitHub/ProjectA_V7/Content/Weapons/Blueprint/Grenade.uasset'
[2020.05.28-05.02.38:187][322]AssetCheck: New page: Asset Save: Grenade
[2020.05.28-05.02.38:187][322]LogContentValidation: Display: Validating Blueprint /Game/Weapons/Blueprint/Grenade.Grenade
[2020.05.28-05.02.39:041][385]Cmd: OBJ SAVEPACKAGE PACKAGE="/Game/Weapons/Blueprint/Grenade" FILE="C:/Users/haora/Documents/GitHub/ProjectA_V7/Content/Weapons/Blueprint/Grenade.uasset" SILENT=true
[2020.05.28-05.02.39:057][385]LogSavePackage: Moving 'C:/Users/haora/Documents/GitHub/ProjectA_V7/Saved/Grenade5A94D9DA48BA8DA5C8DD67BB928DB06B.tmp' to 'C:/Users/haora/Documents/GitHub/ProjectA_V7/Content/Weapons/Blueprint/Grenade.uasset'
[2020.05.28-05.02.39:076][385]AssetCheck: New page: Asset Save: Grenade
[2020.05.28-05.02.39:076][385]LogContentValidation: Display: Validating Blueprint /Game/Weapons/Blueprint/Grenade.Grenade
[2020.05.28-05.02.41:753][617]LogUObjectHash: Compacting FUObjectHashTables data took   3.98ms
[2020.05.28-05.02.41:990][617]LogSavePackage: Moving 'C:/Users/haora/Documents/GitHub/ProjectA_V7/Saved/ThirdPersonExampleMap9B591D7849864EF8C6E388ABD3C86E0B.tmp' to 'C:/Users/haora/Documents/GitHub/ProjectA_V7/Content/ThirdPersonBP/Maps/ThirdPersonExampleMap.umap'
[2020.05.28-05.02.42:077][617]LogSavePackage: Moving 'C:/Users/haora/Documents/GitHub/ProjectA_V7/Saved/ThirdPersonExampleMap_BuiltData5219EC9E418D05F4C6FF9CB5DC61620F.tmp' to 'C:/Users/haora/Documents/GitHub/ProjectA_V7/Content/ThirdPersonBP/Maps/ThirdPersonExampleMap_BuiltData.uasset'
[2020.05.28-05.02.42:099][617]AssetCheck: New page: Asset Save: multiple assets
[2020.05.28-05.02.42:099][617]LogContentValidation: Display: Validating World /Game/ThirdPersonBP/Maps/ThirdPersonExampleMap.ThirdPersonExampleMap
[2020.05.28-05.02.42:099][617]LogContentValidation: Display: Validating MapBuildDataRegistry /Game/ThirdPersonBP/Maps/ThirdPersonExampleMap_BuiltData.ThirdPersonExampleMap_BuiltData
